-- Found ament_cmake: 1.3.7 (/opt/ros/humble/share/ament_cmake/cmake)
-- Override CMake install command with custom implementation using symlinks instead of copying resources
-- Configuring done
-- Generating done
-- Build files have been written to: /home/jt/ros2_ws/build/my_robot_bringup
-- Install configuration: ""
-- Execute custom install script
[33mCMake Warning (dev) at ament_cmake_symlink_install/ament_cmake_symlink_install.cmake:62 (file):
  Policy CMP0009 is not set: FILE GLOB_RECURSE calls should not follow
  symlinks by default.  Run "cmake --help-policy CMP0009" for policy details.
  Use the cmake_policy command to set the policy and suppress this warning.
Call Stack (most recent call first):
  ament_cmake_symlink_install/ament_cmake_symlink_install.cmake:314 (ament_cmake_symlink_install_directory)
  cmake_install.cmake:46 (include)
This warning is for project developers.  Use -Wno-dev to suppress it.
[0m
-- Up-to-date symlink: /home/jt/ros2_ws/install/my_robot_bringup/share/my_robot_bringup//launch/log/COLCON_IGNORE
-- Up-to-date symlink: /home/jt/ros2_ws/install/my_robot_bringup/share/my_robot_bringup//launch/log/build_2024-03-12_07-09-02/events.log
-- Up-to-date symlink: /home/jt/ros2_ws/install/my_robot_bringup/share/my_robot_bringup//launch/log/build_2024-03-12_07-09-02/logger_all.log
-- Up-to-date symlink: /home/jt/ros2_ws/install/my_robot_bringup/share/my_robot_bringup//launch/log/latest/events.log
-- Up-to-date symlink: /home/jt/ros2_ws/install/my_robot_bringup/share/my_robot_bringup//launch/log/latest/logger_all.log
-- Up-to-date symlink: /home/jt/ros2_ws/install/my_robot_bringup/share/my_robot_bringup//launch/log/latest_build/events.log
-- Up-to-date symlink: /home/jt/ros2_ws/install/my_robot_bringup/share/my_robot_bringup//launch/log/latest_build/logger_all.log
-- Up-to-date symlink: /home/jt/ros2_ws/install/my_robot_bringup/share/my_robot_bringup//launch/my_robot_gazebo.launch.xml
-- Up-to-date symlink: /home/jt/ros2_ws/install/my_robot_bringup/share/my_robot_bringup//launch/news_app.launch.py
-- Up-to-date symlink: /home/jt/ros2_ws/install/my_robot_bringup/share/my_robot_bringup//launch/number_app.launch.py
-- Up-to-date symlink: /home/jt/ros2_ws/install/my_robot_bringup/share/my_robot_bringup//launch/turtle_catch.launch.py
-- Up-to-date symlink: /home/jt/ros2_ws/install/my_robot_bringup/share/my_robot_bringup//rviz/urdf_config.rviz
-- Symlinking: /home/jt/ros2_ws/install/my_robot_bringup/share/my_robot_bringup//worlds/my_world.world.xml
-- Up-to-date symlink: /home/jt/ros2_ws/install/my_robot_bringup/share/ament_index/resource_index/package_run_dependencies/my_robot_bringup
-- Up-to-date symlink: /home/jt/ros2_ws/install/my_robot_bringup/share/ament_index/resource_index/parent_prefix_path/my_robot_bringup
-- Up-to-date symlink: /home/jt/ros2_ws/install/my_robot_bringup/share/my_robot_bringup/environment/ament_prefix_path.sh
-- Up-to-date symlink: /home/jt/ros2_ws/install/my_robot_bringup/share/my_robot_bringup/environment/ament_prefix_path.dsv
-- Up-to-date symlink: /home/jt/ros2_ws/install/my_robot_bringup/share/my_robot_bringup/environment/path.sh
-- Up-to-date symlink: /home/jt/ros2_ws/install/my_robot_bringup/share/my_robot_bringup/environment/path.dsv
-- Up-to-date symlink: /home/jt/ros2_ws/install/my_robot_bringup/share/my_robot_bringup/local_setup.bash
-- Up-to-date symlink: /home/jt/ros2_ws/install/my_robot_bringup/share/my_robot_bringup/local_setup.sh
-- Up-to-date symlink: /home/jt/ros2_ws/install/my_robot_bringup/share/my_robot_bringup/local_setup.zsh
-- Up-to-date symlink: /home/jt/ros2_ws/install/my_robot_bringup/share/my_robot_bringup/local_setup.dsv
-- Symlinking: /home/jt/ros2_ws/install/my_robot_bringup/share/my_robot_bringup/package.dsv
-- Up-to-date symlink: /home/jt/ros2_ws/install/my_robot_bringup/share/ament_index/resource_index/packages/my_robot_bringup
-- Up-to-date symlink: /home/jt/ros2_ws/install/my_robot_bringup/share/my_robot_bringup/cmake/my_robot_bringupConfig.cmake
-- Up-to-date symlink: /home/jt/ros2_ws/install/my_robot_bringup/share/my_robot_bringup/cmake/my_robot_bringupConfig-version.cmake
-- Up-to-date symlink: /home/jt/ros2_ws/install/my_robot_bringup/share/my_robot_bringup/package.xml
