[0.604s] Invoking command in '/home/jt/ros2_ws/src/my_py_pkg': PYTHONPATH=/home/jt/ros2_ws/build/my_py_pkg/prefix_override:/home/jt/ros2_ws/install/my_py_pkg/lib/python3.10/site-packages:${PYTHONPATH} /usr/bin/python3 setup.py egg_info --egg-base ../../build/my_py_pkg build --build-base /home/jt/ros2_ws/build/my_py_pkg/build install --record /home/jt/ros2_ws/build/my_py_pkg/install.log --single-version-externally-managed
[0.797s] running egg_info
[0.797s] creating ../../build/my_py_pkg/my_py_pkg.egg-info
[0.798s] writing ../../build/my_py_pkg/my_py_pkg.egg-info/PKG-INFO
[0.798s] writing dependency_links to ../../build/my_py_pkg/my_py_pkg.egg-info/dependency_links.txt
[0.798s] writing entry points to ../../build/my_py_pkg/my_py_pkg.egg-info/entry_points.txt
[0.798s] writing requirements to ../../build/my_py_pkg/my_py_pkg.egg-info/requires.txt
[0.798s] writing top-level names to ../../build/my_py_pkg/my_py_pkg.egg-info/top_level.txt
[0.798s] writing manifest file '../../build/my_py_pkg/my_py_pkg.egg-info/SOURCES.txt'
[0.800s] reading manifest file '../../build/my_py_pkg/my_py_pkg.egg-info/SOURCES.txt'
[0.800s] writing manifest file '../../build/my_py_pkg/my_py_pkg.egg-info/SOURCES.txt'
[0.800s] running build
[0.800s] running build_py
[0.800s] creating /home/jt/ros2_ws/build/my_py_pkg/build
[0.801s] creating /home/jt/ros2_ws/build/my_py_pkg/build/lib
[0.801s] creating /home/jt/ros2_ws/build/my_py_pkg/build/lib/my_py_pkg
[0.801s] copying my_py_pkg/__init__.py -> /home/jt/ros2_ws/build/my_py_pkg/build/lib/my_py_pkg
[0.801s] running install
[0.801s] /usr/lib/python3/dist-packages/setuptools/command/install.py:34: SetuptoolsDeprecationWarning: setup.py install is deprecated. Use build and pip and other standards-based tools.
[0.801s]   warnings.warn(
[0.801s] running install_lib
[0.802s] creating /home/jt/ros2_ws/install/my_py_pkg/lib/python3.10/site-packages/my_py_pkg
[0.802s] copying /home/jt/ros2_ws/build/my_py_pkg/build/lib/my_py_pkg/__init__.py -> /home/jt/ros2_ws/install/my_py_pkg/lib/python3.10/site-packages/my_py_pkg
[0.802s] byte-compiling /home/jt/ros2_ws/install/my_py_pkg/lib/python3.10/site-packages/my_py_pkg/__init__.py to __init__.cpython-310.pyc
[0.802s] running install_data
[0.803s] creating /home/jt/ros2_ws/install/my_py_pkg/share/ament_index
[0.803s] creating /home/jt/ros2_ws/install/my_py_pkg/share/ament_index/resource_index
[0.803s] creating /home/jt/ros2_ws/install/my_py_pkg/share/ament_index/resource_index/packages
[0.803s] copying resource/my_py_pkg -> /home/jt/ros2_ws/install/my_py_pkg/share/ament_index/resource_index/packages
[0.803s] copying package.xml -> /home/jt/ros2_ws/install/my_py_pkg/share/my_py_pkg
[0.803s] running install_egg_info
[0.805s] Copying ../../build/my_py_pkg/my_py_pkg.egg-info to /home/jt/ros2_ws/install/my_py_pkg/lib/python3.10/site-packages/my_py_pkg-0.0.0-py3.10.egg-info
[0.805s] running install_scripts
[0.822s] writing list of installed files to '/home/jt/ros2_ws/build/my_py_pkg/install.log'
[0.843s] Invoked command in '/home/jt/ros2_ws/src/my_py_pkg' returned '0': PYTHONPATH=/home/jt/ros2_ws/build/my_py_pkg/prefix_override:/home/jt/ros2_ws/install/my_py_pkg/lib/python3.10/site-packages:${PYTHONPATH} /usr/bin/python3 setup.py egg_info --egg-base ../../build/my_py_pkg build --build-base /home/jt/ros2_ws/build/my_py_pkg/build install --record /home/jt/ros2_ws/build/my_py_pkg/install.log --single-version-externally-managed
