[0.065s] Invoking command in '/home/jt/ros2_ws/build/my_robot_description': CMAKE_PREFIX_PATH=${CMAKE_PREFIX_PATH}:/home/jt/ros2_ws/install/turtlesim_catch_them_all:/home/jt/ros2_ws/install/my_py_pkg:/opt/ros/humble /usr/bin/cmake --build /home/jt/ros2_ws/build/my_robot_description -- -j12 -l12
[0.085s] -- Found ament_cmake: 1.3.7 (/opt/ros/humble/share/ament_cmake/cmake)
[0.271s] -- Configuring done
[0.273s] -- Generating done
[0.274s] -- Build files have been written to: /home/jt/ros2_ws/build/my_robot_description
[0.293s] Invoked command in '/home/jt/ros2_ws/build/my_robot_description' returned '0': CMAKE_PREFIX_PATH=${CMAKE_PREFIX_PATH}:/home/jt/ros2_ws/install/turtlesim_catch_them_all:/home/jt/ros2_ws/install/my_py_pkg:/opt/ros/humble /usr/bin/cmake --build /home/jt/ros2_ws/build/my_robot_description -- -j12 -l12
[0.323s] Invoking command in '/home/jt/ros2_ws/build/my_robot_description': CMAKE_PREFIX_PATH=${CMAKE_PREFIX_PATH}:/home/jt/ros2_ws/install/turtlesim_catch_them_all:/home/jt/ros2_ws/install/my_py_pkg:/opt/ros/humble /usr/bin/cmake --install /home/jt/ros2_ws/build/my_robot_description
[0.332s] -- Install configuration: ""
[0.332s] -- Installing: /home/jt/ros2_ws/install/my_robot_description/share/my_robot_description//urdf
[0.332s] -- Installing: /home/jt/ros2_ws/install/my_robot_description/share/my_robot_description//urdf/my_robot.urdf
[0.332s] -- Up-to-date: /home/jt/ros2_ws/install/my_robot_description/share/ament_index/resource_index/package_run_dependencies/my_robot_description
[0.332s] -- Installing: /home/jt/ros2_ws/install/my_robot_description/share/ament_index/resource_index/parent_prefix_path/my_robot_description
[0.333s] -- Up-to-date: /home/jt/ros2_ws/install/my_robot_description/share/my_robot_description/environment/ament_prefix_path.sh
[0.333s] -- Installing: /home/jt/ros2_ws/install/my_robot_description/share/my_robot_description/environment/ament_prefix_path.dsv
[0.333s] -- Up-to-date: /home/jt/ros2_ws/install/my_robot_description/share/my_robot_description/environment/path.sh
[0.333s] -- Installing: /home/jt/ros2_ws/install/my_robot_description/share/my_robot_description/environment/path.dsv
[0.333s] -- Up-to-date: /home/jt/ros2_ws/install/my_robot_description/share/my_robot_description/local_setup.bash
[0.333s] -- Up-to-date: /home/jt/ros2_ws/install/my_robot_description/share/my_robot_description/local_setup.sh
[0.333s] -- Up-to-date: /home/jt/ros2_ws/install/my_robot_description/share/my_robot_description/local_setup.zsh
[0.333s] -- Installing: /home/jt/ros2_ws/install/my_robot_description/share/my_robot_description/local_setup.dsv
[0.333s] -- Installing: /home/jt/ros2_ws/install/my_robot_description/share/my_robot_description/package.dsv
[0.333s] -- Up-to-date: /home/jt/ros2_ws/install/my_robot_description/share/ament_index/resource_index/packages/my_robot_description
[0.334s] -- Up-to-date: /home/jt/ros2_ws/install/my_robot_description/share/my_robot_description/cmake/my_robot_descriptionConfig.cmake
[0.334s] -- Up-to-date: /home/jt/ros2_ws/install/my_robot_description/share/my_robot_description/cmake/my_robot_descriptionConfig-version.cmake
[0.334s] -- Up-to-date: /home/jt/ros2_ws/install/my_robot_description/share/my_robot_description/package.xml
[0.335s] Invoked command in '/home/jt/ros2_ws/build/my_robot_description' returned '0': CMAKE_PREFIX_PATH=${CMAKE_PREFIX_PATH}:/home/jt/ros2_ws/install/turtlesim_catch_them_all:/home/jt/ros2_ws/install/my_py_pkg:/opt/ros/humble /usr/bin/cmake --install /home/jt/ros2_ws/build/my_robot_description
