[0.056s] Invoking command in '/home/jt/ros2_ws/build/my_robot_bringup': CMAKE_PREFIX_PATH=${CMAKE_PREFIX_PATH}:/home/jt/ros2_ws/install/my_py_pkg:/opt/ros/humble /usr/bin/cmake /home/jt/ros2_ws/src/my_robot_bringup -DAMENT_CMAKE_SYMLINK_INSTALL=1 -DCMAKE_INSTALL_PREFIX=/home/jt/ros2_ws/install/my_robot_bringup
[0.106s] -- The C compiler identification is GNU 11.4.0
[0.158s] -- The CXX compiler identification is GNU 11.4.0
[0.164s] -- Detecting C compiler ABI info
[0.224s] -- Detecting C compiler ABI info - done
[0.233s] -- Check for working C compiler: /usr/bin/cc - skipped
[0.234s] -- Detecting C compile features
[0.234s] -- Detecting C compile features - done
[0.237s] -- Detecting CXX compiler ABI info
[0.310s] -- Detecting CXX compiler ABI info - done
[0.318s] -- Check for working CXX compiler: /usr/bin/c++ - skipped
[0.318s] -- Detecting CXX compile features
[0.319s] -- Detecting CXX compile features - done
[0.321s] -- Found ament_cmake: 1.3.7 (/opt/ros/humble/share/ament_cmake/cmake)
[0.481s] -- Found Python3: /usr/bin/python3.10 (found version "3.10.12") found components: Interpreter 
[0.537s] -- Override CMake install command with custom implementation using symlinks instead of copying resources
[0.616s] -- Configuring done
[0.619s] -- Generating done
[0.619s] -- Build files have been written to: /home/jt/ros2_ws/build/my_robot_bringup
[0.624s] Invoked command in '/home/jt/ros2_ws/build/my_robot_bringup' returned '0': CMAKE_PREFIX_PATH=${CMAKE_PREFIX_PATH}:/home/jt/ros2_ws/install/my_py_pkg:/opt/ros/humble /usr/bin/cmake /home/jt/ros2_ws/src/my_robot_bringup -DAMENT_CMAKE_SYMLINK_INSTALL=1 -DCMAKE_INSTALL_PREFIX=/home/jt/ros2_ws/install/my_robot_bringup
[0.625s] Invoking command in '/home/jt/ros2_ws/build/my_robot_bringup': CMAKE_PREFIX_PATH=${CMAKE_PREFIX_PATH}:/home/jt/ros2_ws/install/my_py_pkg:/opt/ros/humble /usr/bin/cmake --build /home/jt/ros2_ws/build/my_robot_bringup -- -j12 -l12
[0.659s] Invoked command in '/home/jt/ros2_ws/build/my_robot_bringup' returned '0': CMAKE_PREFIX_PATH=${CMAKE_PREFIX_PATH}:/home/jt/ros2_ws/install/my_py_pkg:/opt/ros/humble /usr/bin/cmake --build /home/jt/ros2_ws/build/my_robot_bringup -- -j12 -l12
[0.696s] Invoking command in '/home/jt/ros2_ws/build/my_robot_bringup': CMAKE_PREFIX_PATH=${CMAKE_PREFIX_PATH}:/home/jt/ros2_ws/install/my_py_pkg:/opt/ros/humble /usr/bin/cmake --install /home/jt/ros2_ws/build/my_robot_bringup
[0.706s] -- Install configuration: ""
[0.707s] -- Execute custom install script
[0.708s] -- Symlinking: /home/jt/ros2_ws/install/my_robot_bringup/share/my_robot_bringup/launch/number_app.launch.py
[0.721s] -- Symlinking: /home/jt/ros2_ws/install/my_robot_bringup/share/ament_index/resource_index/package_run_dependencies/my_robot_bringup
[0.735s] -- Symlinking: /home/jt/ros2_ws/install/my_robot_bringup/share/ament_index/resource_index/parent_prefix_path/my_robot_bringup
[0.748s] -- Symlinking: /home/jt/ros2_ws/install/my_robot_bringup/share/my_robot_bringup/environment/ament_prefix_path.sh
[0.758s] -- Symlinking: /home/jt/ros2_ws/install/my_robot_bringup/share/my_robot_bringup/environment/ament_prefix_path.dsv
[0.767s] -- Symlinking: /home/jt/ros2_ws/install/my_robot_bringup/share/my_robot_bringup/environment/path.sh
[0.776s] -- Symlinking: /home/jt/ros2_ws/install/my_robot_bringup/share/my_robot_bringup/environment/path.dsv
[0.784s] -- Symlinking: /home/jt/ros2_ws/install/my_robot_bringup/share/my_robot_bringup/local_setup.bash
[0.793s] -- Symlinking: /home/jt/ros2_ws/install/my_robot_bringup/share/my_robot_bringup/local_setup.sh
[0.801s] -- Symlinking: /home/jt/ros2_ws/install/my_robot_bringup/share/my_robot_bringup/local_setup.zsh
[0.809s] -- Symlinking: /home/jt/ros2_ws/install/my_robot_bringup/share/my_robot_bringup/local_setup.dsv
[0.816s] -- Symlinking: /home/jt/ros2_ws/install/my_robot_bringup/share/my_robot_bringup/package.dsv
[0.824s] -- Symlinking: /home/jt/ros2_ws/install/my_robot_bringup/share/ament_index/resource_index/packages/my_robot_bringup
[0.833s] -- Symlinking: /home/jt/ros2_ws/install/my_robot_bringup/share/my_robot_bringup/cmake/my_robot_bringupConfig.cmake
[0.840s] -- Symlinking: /home/jt/ros2_ws/install/my_robot_bringup/share/my_robot_bringup/cmake/my_robot_bringupConfig-version.cmake
[0.848s] -- Symlinking: /home/jt/ros2_ws/install/my_robot_bringup/share/my_robot_bringup/package.xml
[0.857s] Invoked command in '/home/jt/ros2_ws/build/my_robot_bringup' returned '0': CMAKE_PREFIX_PATH=${CMAKE_PREFIX_PATH}:/home/jt/ros2_ws/install/my_py_pkg:/opt/ros/humble /usr/bin/cmake --install /home/jt/ros2_ws/build/my_robot_bringup
