[0.063s] Invoking command in '/home/jt/ros2_ws/src/build/my_robot_description': CMAKE_PREFIX_PATH=${CMAKE_PREFIX_PATH}:/home/jt/ros2_ws/install/turtlesim_catch_them_all:/home/jt/ros2_ws/install/my_py_pkg:/opt/ros/humble /usr/bin/cmake /home/jt/ros2_ws/src/my_robot_description -DCMAKE_INSTALL_PREFIX=/home/jt/ros2_ws/src/install/my_robot_description
[0.111s] -- The C compiler identification is GNU 11.4.0
[0.165s] -- The CXX compiler identification is GNU 11.4.0
[0.171s] -- Detecting C compiler ABI info
[0.237s] -- Detecting C compiler ABI info - done
[0.244s] -- Check for working C compiler: /usr/bin/cc - skipped
[0.244s] -- Detecting C compile features
[0.245s] -- Detecting C compile features - done
[0.248s] -- Detecting CXX compiler ABI info
[0.327s] -- Detecting CXX compiler ABI info - done
[0.334s] -- Check for working CXX compiler: /usr/bin/c++ - skipped
[0.334s] -- Detecting CXX compile features
[0.335s] -- Detecting CXX compile features - done
[0.337s] -- Found ament_cmake: 1.3.7 (/opt/ros/humble/share/ament_cmake/cmake)
[0.498s] -- Found Python3: /usr/bin/python3.10 (found version "3.10.12") found components: Interpreter 
[0.638s] -- Configuring done
[0.640s] -- Generating done
[0.641s] -- Build files have been written to: /home/jt/ros2_ws/src/build/my_robot_description
[0.647s] Invoked command in '/home/jt/ros2_ws/src/build/my_robot_description' returned '0': CMAKE_PREFIX_PATH=${CMAKE_PREFIX_PATH}:/home/jt/ros2_ws/install/turtlesim_catch_them_all:/home/jt/ros2_ws/install/my_py_pkg:/opt/ros/humble /usr/bin/cmake /home/jt/ros2_ws/src/my_robot_description -DCMAKE_INSTALL_PREFIX=/home/jt/ros2_ws/src/install/my_robot_description
[0.647s] Invoking command in '/home/jt/ros2_ws/src/build/my_robot_description': CMAKE_PREFIX_PATH=${CMAKE_PREFIX_PATH}:/home/jt/ros2_ws/install/turtlesim_catch_them_all:/home/jt/ros2_ws/install/my_py_pkg:/opt/ros/humble /usr/bin/cmake --build /home/jt/ros2_ws/src/build/my_robot_description -- -j12 -l12
[0.682s] Invoked command in '/home/jt/ros2_ws/src/build/my_robot_description' returned '0': CMAKE_PREFIX_PATH=${CMAKE_PREFIX_PATH}:/home/jt/ros2_ws/install/turtlesim_catch_them_all:/home/jt/ros2_ws/install/my_py_pkg:/opt/ros/humble /usr/bin/cmake --build /home/jt/ros2_ws/src/build/my_robot_description -- -j12 -l12
[0.711s] Invoking command in '/home/jt/ros2_ws/src/build/my_robot_description': CMAKE_PREFIX_PATH=${CMAKE_PREFIX_PATH}:/home/jt/ros2_ws/install/turtlesim_catch_them_all:/home/jt/ros2_ws/install/my_py_pkg:/opt/ros/humble /usr/bin/cmake --install /home/jt/ros2_ws/src/build/my_robot_description
[0.719s] -- Install configuration: ""
[0.719s] -- Installing: /home/jt/ros2_ws/src/install/my_robot_description/share/my_robot_description//urdf
[0.719s] -- Installing: /home/jt/ros2_ws/src/install/my_robot_description/share/my_robot_description//urdf/my_robot.urdf
[0.719s] -- Installing: /home/jt/ros2_ws/src/install/my_robot_description/share/my_robot_description//launch
[0.719s] -- Installing: /home/jt/ros2_ws/src/install/my_robot_description/share/my_robot_description//launch/display.launch.xml
[0.719s] -- Installing: /home/jt/ros2_ws/src/install/my_robot_description/share/my_robot_description//rviz
[0.719s] -- Installing: /home/jt/ros2_ws/src/install/my_robot_description/share/my_robot_description//rviz/urdf_config.rviz
[0.720s] -- Installing: /home/jt/ros2_ws/src/install/my_robot_description/share/ament_index/resource_index/package_run_dependencies/my_robot_description
[0.720s] -- Installing: /home/jt/ros2_ws/src/install/my_robot_description/share/ament_index/resource_index/parent_prefix_path/my_robot_description
[0.720s] -- Installing: /home/jt/ros2_ws/src/install/my_robot_description/share/my_robot_description/environment/ament_prefix_path.sh
[0.720s] -- Installing: /home/jt/ros2_ws/src/install/my_robot_description/share/my_robot_description/environment/ament_prefix_path.dsv
[0.720s] -- Installing: /home/jt/ros2_ws/src/install/my_robot_description/share/my_robot_description/environment/path.sh
[0.720s] -- Installing: /home/jt/ros2_ws/src/install/my_robot_description/share/my_robot_description/environment/path.dsv
[0.720s] -- Installing: /home/jt/ros2_ws/src/install/my_robot_description/share/my_robot_description/local_setup.bash
[0.720s] -- Installing: /home/jt/ros2_ws/src/install/my_robot_description/share/my_robot_description/local_setup.sh
[0.720s] -- Installing: /home/jt/ros2_ws/src/install/my_robot_description/share/my_robot_description/local_setup.zsh
[0.720s] -- Installing: /home/jt/ros2_ws/src/install/my_robot_description/share/my_robot_description/local_setup.dsv
[0.721s] -- Installing: /home/jt/ros2_ws/src/install/my_robot_description/share/my_robot_description/package.dsv
[0.721s] -- Installing: /home/jt/ros2_ws/src/install/my_robot_description/share/ament_index/resource_index/packages/my_robot_description
[0.721s] -- Installing: /home/jt/ros2_ws/src/install/my_robot_description/share/my_robot_description/cmake/my_robot_descriptionConfig.cmake
[0.721s] -- Installing: /home/jt/ros2_ws/src/install/my_robot_description/share/my_robot_description/cmake/my_robot_descriptionConfig-version.cmake
[0.721s] -- Installing: /home/jt/ros2_ws/src/install/my_robot_description/share/my_robot_description/package.xml
[0.723s] Invoked command in '/home/jt/ros2_ws/src/build/my_robot_description' returned '0': CMAKE_PREFIX_PATH=${CMAKE_PREFIX_PATH}:/home/jt/ros2_ws/install/turtlesim_catch_them_all:/home/jt/ros2_ws/install/my_py_pkg:/opt/ros/humble /usr/bin/cmake --install /home/jt/ros2_ws/src/build/my_robot_description
