[0.059s] Invoking command in '/home/jt/ros2_ws/build/my_robot_interfaces': CMAKE_PREFIX_PATH=${CMAKE_PREFIX_PATH}:/home/jt/ros2_ws/install/my_py_pkg:/opt/ros/humble /usr/bin/cmake --build /home/jt/ros2_ws/build/my_robot_interfaces -- -j12 -l12
[0.080s] -- Found ament_cmake: 1.3.7 (/opt/ros/humble/share/ament_cmake/cmake)
[0.205s] -- Found rosidl_default_generators: 1.2.0 (/opt/ros/humble/share/rosidl_default_generators/cmake)
[0.206s] -- Using all available rosidl_typesupport_c: rosidl_typesupport_fastrtps_c;rosidl_typesupport_introspection_c
[0.208s] -- Found rosidl_adapter: 3.1.5 (/opt/ros/humble/share/rosidl_adapter/cmake)
[0.235s] -- Using all available rosidl_typesupport_cpp: rosidl_typesupport_fastrtps_cpp;rosidl_typesupport_introspection_cpp
[0.462s] [31mCMake Error at /opt/ros/humble/share/rosidl_adapter/cmake/rosidl_adapt_interfaces.cmake:59 (message):
[0.463s]   execute_process(/usr/bin/python3.10 -m rosidl_adapter --package-name
[0.463s]   my_robot_interfaces --arguments-file
[0.463s]   /home/jt/ros2_ws/build/my_robot_interfaces/rosidl_adapter__arguments__my_robot_interfaces.json
[0.463s]   --output-dir
[0.463s]   /home/jt/ros2_ws/build/my_robot_interfaces/rosidl_adapter/my_robot_interfaces
[0.463s]   --output-file
[0.463s]   /home/jt/ros2_ws/build/my_robot_interfaces/rosidl_adapter/my_robot_interfaces.idls)
[0.463s]   returned error code 1:
[0.463s] 
[0.464s]   Traceback (most recent call last):
[0.464s] 
[0.464s]     File "/usr/lib/python3.10/runpy.py", line 196, in _run_module_as_main
[0.464s]       return _run_code(code, main_globals, None,
[0.464s]     File "/usr/lib/python3.10/runpy.py", line 86, in _run_code
[0.464s]       exec(code, run_globals)
[0.464s]     File "/opt/ros/humble/local/lib/python3.10/dist-packages/rosidl_adapter/__main__.py", line 19, in <module>
[0.464s]       sys.exit(main())
[0.464s]     File "/opt/ros/humble/local/lib/python3.10/dist-packages/rosidl_adapter/main.py", line 53, in main
[0.464s]       abs_idl_file = convert_to_idl(
[0.464s]     File "/opt/ros/humble/local/lib/python3.10/dist-packages/rosidl_adapter/__init__.py", line 24, in convert_to_idl
[0.465s]       return convert_srv_to_idl(
[0.465s]     File "/opt/ros/humble/local/lib/python3.10/dist-packages/rosidl_adapter/srv/__init__.py", line 28, in convert_srv_to_idl
[0.465s]       srv = parse_service_string(package_name, input_file.stem, content)
[0.465s]     File "/opt/ros/humble/local/lib/python3.10/dist-packages/rosidl_adapter/parser.py", line 850, in parse_service_string
[0.465s]       raise InvalidServiceSpecification(
[0.465s] 
[0.465s]   rosidl_adapter.parser.InvalidServiceSpecification: Could not find separator
[0.465s]   '---' between request and response
[0.465s] 
[0.465s] Call Stack (most recent call first):
[0.465s]   /opt/ros/humble/share/rosidl_cmake/cmake/rosidl_generate_interfaces.cmake:130 (rosidl_adapt_interfaces)
[0.466s]   CMakeLists.txt:15 (rosidl_generate_interfaces)
[0.466s] 
[0.466s] [0m
[0.466s] -- Configuring incomplete, errors occurred!
[0.466s] See also "/home/jt/ros2_ws/build/my_robot_interfaces/CMakeFiles/CMakeOutput.log".
[0.468s] gmake: *** [Makefile:2259: cmake_check_build_system] Error 1
[0.470s] Invoked command in '/home/jt/ros2_ws/build/my_robot_interfaces' returned '2': CMAKE_PREFIX_PATH=${CMAKE_PREFIX_PATH}:/home/jt/ros2_ws/install/my_py_pkg:/opt/ros/humble /usr/bin/cmake --build /home/jt/ros2_ws/build/my_robot_interfaces -- -j12 -l12
