[0.063s] Invoking command in '/home/jt/ros2_ws/build/my_robot_bringup': AMENT_PREFIX_PATH=/home/jt/ros2_ws/install/my_py_pkg:/home/jt/ros2_ws/install/my_robot_interfaces:/home/jt/ros2_ws/install/my_cpp_pkg:/opt/ros/humble CMAKE_PREFIX_PATH=/home/jt/ros2_ws/install/my_cpp_pkg:/home/jt/ros2_ws/install/my_robot_interfaces:/home/jt/ros2_ws/install/my_py_pkg:/opt/ros/humble PYTHONPATH=/home/jt/ros2_ws/build/my_py_pkg:/home/jt/ros2_ws/install/my_py_pkg/lib/python3.10/site-packages:/home/jt/ros2_ws/install/my_robot_interfaces/local/lib/python3.10/dist-packages:/opt/ros/humble/lib/python3.10/site-packages:/opt/ros/humble/local/lib/python3.10/dist-packages /usr/bin/cmake --build /home/jt/ros2_ws/build/my_robot_bringup -- -j12 -l12
[0.081s] -- Found ament_cmake: 1.3.7 (/opt/ros/humble/share/ament_cmake/cmake)
[0.201s] -- Override CMake install command with custom implementation using symlinks instead of copying resources
[0.270s] -- Configuring done
[0.272s] -- Generating done
[0.273s] -- Build files have been written to: /home/jt/ros2_ws/build/my_robot_bringup
[0.292s] Invoked command in '/home/jt/ros2_ws/build/my_robot_bringup' returned '0': AMENT_PREFIX_PATH=/home/jt/ros2_ws/install/my_py_pkg:/home/jt/ros2_ws/install/my_robot_interfaces:/home/jt/ros2_ws/install/my_cpp_pkg:/opt/ros/humble CMAKE_PREFIX_PATH=/home/jt/ros2_ws/install/my_cpp_pkg:/home/jt/ros2_ws/install/my_robot_interfaces:/home/jt/ros2_ws/install/my_py_pkg:/opt/ros/humble PYTHONPATH=/home/jt/ros2_ws/build/my_py_pkg:/home/jt/ros2_ws/install/my_py_pkg/lib/python3.10/site-packages:/home/jt/ros2_ws/install/my_robot_interfaces/local/lib/python3.10/dist-packages:/opt/ros/humble/lib/python3.10/site-packages:/opt/ros/humble/local/lib/python3.10/dist-packages /usr/bin/cmake --build /home/jt/ros2_ws/build/my_robot_bringup -- -j12 -l12
[0.321s] Invoking command in '/home/jt/ros2_ws/build/my_robot_bringup': AMENT_PREFIX_PATH=/home/jt/ros2_ws/install/my_py_pkg:/home/jt/ros2_ws/install/my_robot_interfaces:/home/jt/ros2_ws/install/my_cpp_pkg:/opt/ros/humble CMAKE_PREFIX_PATH=/home/jt/ros2_ws/install/my_cpp_pkg:/home/jt/ros2_ws/install/my_robot_interfaces:/home/jt/ros2_ws/install/my_py_pkg:/opt/ros/humble PYTHONPATH=/home/jt/ros2_ws/build/my_py_pkg:/home/jt/ros2_ws/install/my_py_pkg/lib/python3.10/site-packages:/home/jt/ros2_ws/install/my_robot_interfaces/local/lib/python3.10/dist-packages:/opt/ros/humble/lib/python3.10/site-packages:/opt/ros/humble/local/lib/python3.10/dist-packages /usr/bin/cmake --install /home/jt/ros2_ws/build/my_robot_bringup
[0.330s] -- Install configuration: ""
[0.330s] -- Execute custom install script
[0.330s] [33mCMake Warning (dev) at ament_cmake_symlink_install/ament_cmake_symlink_install.cmake:62 (file):
[0.330s]   Policy CMP0009 is not set: FILE GLOB_RECURSE calls should not follow
[0.331s]   symlinks by default.  Run "cmake --help-policy CMP0009" for policy details.
[0.331s]   Use the cmake_policy command to set the policy and suppress this warning.
[0.331s] Call Stack (most recent call first):
[0.331s]   ament_cmake_symlink_install/ament_cmake_symlink_install.cmake:314 (ament_cmake_symlink_install_directory)
[0.331s]   cmake_install.cmake:46 (include)
[0.331s] This warning is for project developers.  Use -Wno-dev to suppress it.
[0.331s] [0m
[0.331s] -- Symlinking: /home/jt/ros2_ws/install/my_robot_bringup/share/my_robot_bringup/launch/build/.built_by
[0.339s] -- Symlinking: /home/jt/ros2_ws/install/my_robot_bringup/share/my_robot_bringup/launch/build/COLCON_IGNORE
[0.348s] -- Symlinking: /home/jt/ros2_ws/install/my_robot_bringup/share/my_robot_bringup/launch/install/.colcon_install_layout
[0.356s] -- Symlinking: /home/jt/ros2_ws/install/my_robot_bringup/share/my_robot_bringup/launch/install/COLCON_IGNORE
[0.364s] -- Symlinking: /home/jt/ros2_ws/install/my_robot_bringup/share/my_robot_bringup/launch/install/_local_setup_util_ps1.py
[0.372s] -- Symlinking: /home/jt/ros2_ws/install/my_robot_bringup/share/my_robot_bringup/launch/install/_local_setup_util_sh.py
[0.381s] -- Symlinking: /home/jt/ros2_ws/install/my_robot_bringup/share/my_robot_bringup/launch/install/local_setup.bash
[0.389s] -- Symlinking: /home/jt/ros2_ws/install/my_robot_bringup/share/my_robot_bringup/launch/install/local_setup.ps1
[0.398s] -- Symlinking: /home/jt/ros2_ws/install/my_robot_bringup/share/my_robot_bringup/launch/install/local_setup.sh
[0.406s] -- Symlinking: /home/jt/ros2_ws/install/my_robot_bringup/share/my_robot_bringup/launch/install/local_setup.zsh
[0.414s] -- Symlinking: /home/jt/ros2_ws/install/my_robot_bringup/share/my_robot_bringup/launch/install/setup.bash
[0.422s] -- Symlinking: /home/jt/ros2_ws/install/my_robot_bringup/share/my_robot_bringup/launch/install/setup.ps1
[0.431s] -- Symlinking: /home/jt/ros2_ws/install/my_robot_bringup/share/my_robot_bringup/launch/install/setup.sh
[0.439s] -- Symlinking: /home/jt/ros2_ws/install/my_robot_bringup/share/my_robot_bringup/launch/install/setup.zsh
[0.449s] -- Symlinking: /home/jt/ros2_ws/install/my_robot_bringup/share/my_robot_bringup/launch/log/COLCON_IGNORE
[0.457s] -- Symlinking: /home/jt/ros2_ws/install/my_robot_bringup/share/my_robot_bringup/launch/log/build_2024-03-12_07-09-02/events.log
[0.465s] -- Symlinking: /home/jt/ros2_ws/install/my_robot_bringup/share/my_robot_bringup/launch/log/build_2024-03-12_07-09-02/logger_all.log
[0.473s] -- Symlinking: /home/jt/ros2_ws/install/my_robot_bringup/share/my_robot_bringup/launch/log/latest/events.log
[0.481s] -- Symlinking: /home/jt/ros2_ws/install/my_robot_bringup/share/my_robot_bringup/launch/log/latest/logger_all.log
[0.489s] -- Symlinking: /home/jt/ros2_ws/install/my_robot_bringup/share/my_robot_bringup/launch/log/latest_build/events.log
[0.497s] -- Symlinking: /home/jt/ros2_ws/install/my_robot_bringup/share/my_robot_bringup/launch/log/latest_build/logger_all.log
[0.505s] -- Symlinking: /home/jt/ros2_ws/install/my_robot_bringup/share/my_robot_bringup/launch/news_app.launch.py
[0.514s] -- Up-to-date symlink: /home/jt/ros2_ws/install/my_robot_bringup/share/my_robot_bringup/launch/number_app.launch.py
[0.514s] -- Up-to-date symlink: /home/jt/ros2_ws/install/my_robot_bringup/share/ament_index/resource_index/package_run_dependencies/my_robot_bringup
[0.514s] -- Up-to-date symlink: /home/jt/ros2_ws/install/my_robot_bringup/share/ament_index/resource_index/parent_prefix_path/my_robot_bringup
[0.514s] -- Up-to-date symlink: /home/jt/ros2_ws/install/my_robot_bringup/share/my_robot_bringup/environment/ament_prefix_path.sh
[0.514s] -- Up-to-date symlink: /home/jt/ros2_ws/install/my_robot_bringup/share/my_robot_bringup/environment/ament_prefix_path.dsv
[0.514s] -- Up-to-date symlink: /home/jt/ros2_ws/install/my_robot_bringup/share/my_robot_bringup/environment/path.sh
[0.515s] -- Up-to-date symlink: /home/jt/ros2_ws/install/my_robot_bringup/share/my_robot_bringup/environment/path.dsv
[0.515s] -- Up-to-date symlink: /home/jt/ros2_ws/install/my_robot_bringup/share/my_robot_bringup/local_setup.bash
[0.515s] -- Up-to-date symlink: /home/jt/ros2_ws/install/my_robot_bringup/share/my_robot_bringup/local_setup.sh
[0.515s] -- Up-to-date symlink: /home/jt/ros2_ws/install/my_robot_bringup/share/my_robot_bringup/local_setup.zsh
[0.515s] -- Up-to-date symlink: /home/jt/ros2_ws/install/my_robot_bringup/share/my_robot_bringup/local_setup.dsv
[0.515s] -- Symlinking: /home/jt/ros2_ws/install/my_robot_bringup/share/my_robot_bringup/package.dsv
[0.524s] -- Up-to-date symlink: /home/jt/ros2_ws/install/my_robot_bringup/share/ament_index/resource_index/packages/my_robot_bringup
[0.524s] -- Up-to-date symlink: /home/jt/ros2_ws/install/my_robot_bringup/share/my_robot_bringup/cmake/my_robot_bringupConfig.cmake
[0.524s] -- Up-to-date symlink: /home/jt/ros2_ws/install/my_robot_bringup/share/my_robot_bringup/cmake/my_robot_bringupConfig-version.cmake
[0.524s] -- Up-to-date symlink: /home/jt/ros2_ws/install/my_robot_bringup/share/my_robot_bringup/package.xml
[0.526s] Invoked command in '/home/jt/ros2_ws/build/my_robot_bringup' returned '0': AMENT_PREFIX_PATH=/home/jt/ros2_ws/install/my_py_pkg:/home/jt/ros2_ws/install/my_robot_interfaces:/home/jt/ros2_ws/install/my_cpp_pkg:/opt/ros/humble CMAKE_PREFIX_PATH=/home/jt/ros2_ws/install/my_cpp_pkg:/home/jt/ros2_ws/install/my_robot_interfaces:/home/jt/ros2_ws/install/my_py_pkg:/opt/ros/humble PYTHONPATH=/home/jt/ros2_ws/build/my_py_pkg:/home/jt/ros2_ws/install/my_py_pkg/lib/python3.10/site-packages:/home/jt/ros2_ws/install/my_robot_interfaces/local/lib/python3.10/dist-packages:/opt/ros/humble/lib/python3.10/site-packages:/opt/ros/humble/local/lib/python3.10/dist-packages /usr/bin/cmake --install /home/jt/ros2_ws/build/my_robot_bringup
