[0.064s] Invoking command in '/home/jt/ros2_ws/build/my_cpp_pkg': CMAKE_PREFIX_PATH=${CMAKE_PREFIX_PATH}:/home/jt/ros2_ws/install/my_py_pkg:/opt/ros/humble /usr/bin/cmake --build /home/jt/ros2_ws/build/my_cpp_pkg -- -j12 -l12
[0.085s] -- Found ament_cmake: 1.3.7 (/opt/ros/humble/share/ament_cmake/cmake)
[0.210s] -- Found rclcpp: 16.0.8 (/opt/ros/humble/share/rclcpp/cmake)
[0.236s] -- Found rosidl_generator_c: 3.1.5 (/opt/ros/humble/share/rosidl_generator_c/cmake)
[0.239s] -- Found rosidl_adapter: 3.1.5 (/opt/ros/humble/share/rosidl_adapter/cmake)
[0.244s] -- Found rosidl_generator_cpp: 3.1.5 (/opt/ros/humble/share/rosidl_generator_cpp/cmake)
[0.254s] -- Using all available rosidl_typesupport_c: rosidl_typesupport_fastrtps_c;rosidl_typesupport_introspection_c
[0.268s] -- Using all available rosidl_typesupport_cpp: rosidl_typesupport_fastrtps_cpp;rosidl_typesupport_introspection_cpp
[0.323s] -- Found rmw_implementation_cmake: 6.1.1 (/opt/ros/humble/share/rmw_implementation_cmake/cmake)
[0.324s] -- Found rmw_fastrtps_cpp: 6.2.6 (/opt/ros/humble/share/rmw_fastrtps_cpp/cmake)
[0.428s] -- Using RMW implementation 'rmw_fastrtps_cpp' as default
[0.581s] -- Found example_interfaces: 0.9.3 (/opt/ros/humble/share/example_interfaces/cmake)
[0.708s] -- Found my_robot_interfaces: 0.0.0 (/home/jt/ros2_ws/install/my_robot_interfaces/share/my_robot_interfaces/cmake)
[0.785s] -- Configuring done
[0.817s] -- Generating done
[0.819s] -- Build files have been written to: /home/jt/ros2_ws/build/my_cpp_pkg
[0.847s] [35m[1mConsolidate compiler generated dependencies of target robot_news_station[0m
[0.848s] [35m[1mConsolidate compiler generated dependencies of target add_two_ints_client[0m
[0.848s] [35m[1mConsolidate compiler generated dependencies of target cpp_node[0m
[0.849s] [35m[1mConsolidate compiler generated dependencies of target number_publisher[0m
[0.850s] [35m[1mConsolidate compiler generated dependencies of target add_two_ints_server[0m
[0.850s] [35m[1mConsolidate compiler generated dependencies of target number_counter[0m
[0.850s] [35m[1mConsolidate compiler generated dependencies of target add_two_ints_client_no_oop[0m
[0.852s] [35m[1mConsolidate compiler generated dependencies of target hardware_status_publisher[0m
[0.860s] [35m[1mConsolidate compiler generated dependencies of target smartphone[0m
[0.870s] [ 22%] Built target add_two_ints_client
[0.870s] [ 22%] Built target robot_news_station
[0.875s] [ 33%] Built target cpp_node
[0.876s] [ 50%] Built target number_counter
[0.876s] [ 55%] Built target number_publisher
[0.876s] [ 66%] Built target add_two_ints_client_no_oop
[0.877s] [ 77%] Built target add_two_ints_server
[0.878s] [ 88%] Built target hardware_status_publisher
[0.884s] [100%] Built target smartphone
[0.895s] Invoked command in '/home/jt/ros2_ws/build/my_cpp_pkg' returned '0': CMAKE_PREFIX_PATH=${CMAKE_PREFIX_PATH}:/home/jt/ros2_ws/install/my_py_pkg:/opt/ros/humble /usr/bin/cmake --build /home/jt/ros2_ws/build/my_cpp_pkg -- -j12 -l12
[0.952s] Invoking command in '/home/jt/ros2_ws/build/my_cpp_pkg': CMAKE_PREFIX_PATH=${CMAKE_PREFIX_PATH}:/home/jt/ros2_ws/install/my_py_pkg:/opt/ros/humble /usr/bin/cmake --install /home/jt/ros2_ws/build/my_cpp_pkg
[0.958s] -- Install configuration: ""
[0.959s] -- Up-to-date: /home/jt/ros2_ws/install/my_cpp_pkg/lib/my_cpp_pkg/cpp_node
[0.959s] -- Up-to-date: /home/jt/ros2_ws/install/my_cpp_pkg/lib/my_cpp_pkg/robot_news_station
[0.959s] -- Up-to-date: /home/jt/ros2_ws/install/my_cpp_pkg/lib/my_cpp_pkg/smartphone
[0.960s] -- Up-to-date: /home/jt/ros2_ws/install/my_cpp_pkg/lib/my_cpp_pkg/number_publisher
[0.960s] -- Up-to-date: /home/jt/ros2_ws/install/my_cpp_pkg/lib/my_cpp_pkg/number_counter
[0.960s] -- Up-to-date: /home/jt/ros2_ws/install/my_cpp_pkg/lib/my_cpp_pkg/add_two_ints_server
[0.961s] -- Up-to-date: /home/jt/ros2_ws/install/my_cpp_pkg/lib/my_cpp_pkg/add_two_ints_client_no_oop
[0.961s] -- Up-to-date: /home/jt/ros2_ws/install/my_cpp_pkg/lib/my_cpp_pkg/add_two_ints_client
[0.961s] -- Up-to-date: /home/jt/ros2_ws/install/my_cpp_pkg/lib/my_cpp_pkg/hardware_status_publisher
[0.961s] -- Up-to-date: /home/jt/ros2_ws/install/my_cpp_pkg/share/ament_index/resource_index/package_run_dependencies/my_cpp_pkg
[0.961s] -- Up-to-date: /home/jt/ros2_ws/install/my_cpp_pkg/share/ament_index/resource_index/parent_prefix_path/my_cpp_pkg
[0.962s] -- Up-to-date: /home/jt/ros2_ws/install/my_cpp_pkg/share/my_cpp_pkg/environment/ament_prefix_path.sh
[0.962s] -- Installing: /home/jt/ros2_ws/install/my_cpp_pkg/share/my_cpp_pkg/environment/ament_prefix_path.dsv
[0.962s] -- Up-to-date: /home/jt/ros2_ws/install/my_cpp_pkg/share/my_cpp_pkg/environment/path.sh
[0.962s] -- Installing: /home/jt/ros2_ws/install/my_cpp_pkg/share/my_cpp_pkg/environment/path.dsv
[0.962s] -- Up-to-date: /home/jt/ros2_ws/install/my_cpp_pkg/share/my_cpp_pkg/local_setup.bash
[0.962s] -- Up-to-date: /home/jt/ros2_ws/install/my_cpp_pkg/share/my_cpp_pkg/local_setup.sh
[0.962s] -- Up-to-date: /home/jt/ros2_ws/install/my_cpp_pkg/share/my_cpp_pkg/local_setup.zsh
[0.962s] -- Installing: /home/jt/ros2_ws/install/my_cpp_pkg/share/my_cpp_pkg/local_setup.dsv
[0.962s] -- Installing: /home/jt/ros2_ws/install/my_cpp_pkg/share/my_cpp_pkg/package.dsv
[0.962s] -- Up-to-date: /home/jt/ros2_ws/install/my_cpp_pkg/share/ament_index/resource_index/packages/my_cpp_pkg
[0.962s] -- Up-to-date: /home/jt/ros2_ws/install/my_cpp_pkg/share/my_cpp_pkg/cmake/my_cpp_pkgConfig.cmake
[0.962s] -- Up-to-date: /home/jt/ros2_ws/install/my_cpp_pkg/share/my_cpp_pkg/cmake/my_cpp_pkgConfig-version.cmake
[0.963s] -- Up-to-date: /home/jt/ros2_ws/install/my_cpp_pkg/share/my_cpp_pkg/package.xml
[0.965s] Invoked command in '/home/jt/ros2_ws/build/my_cpp_pkg' returned '0': CMAKE_PREFIX_PATH=${CMAKE_PREFIX_PATH}:/home/jt/ros2_ws/install/my_py_pkg:/opt/ros/humble /usr/bin/cmake --install /home/jt/ros2_ws/build/my_cpp_pkg
