[0.656s] Invoking command in '/home/jt/ros2_ws/build/my_py_pkg': PYTHONPATH=/home/jt/ros2_ws/build/my_py_pkg/prefix_override:/home/jt/ros2_ws/install/my_py_pkg/lib/python3.10/site-packages:${PYTHONPATH} /usr/bin/python3 setup.py develop --editable --build-directory /home/jt/ros2_ws/build/my_py_pkg/build --no-deps install_data
[0.888s] running develop
[1.025s] running egg_info
[1.025s] writing my_py_pkg.egg-info/PKG-INFO
[1.025s] writing dependency_links to my_py_pkg.egg-info/dependency_links.txt
[1.025s] writing entry points to my_py_pkg.egg-info/entry_points.txt
[1.025s] writing requirements to my_py_pkg.egg-info/requires.txt
[1.025s] writing top-level names to my_py_pkg.egg-info/top_level.txt
[1.027s] reading manifest file 'my_py_pkg.egg-info/SOURCES.txt'
[1.028s] writing manifest file 'my_py_pkg.egg-info/SOURCES.txt'
[1.030s] running build_ext
[1.030s] Creating /home/jt/ros2_ws/install/my_py_pkg/lib/python3.10/site-packages/my-py-pkg.egg-link (link to .)
[1.031s] Installing add_two_ints_client script to /home/jt/ros2_ws/install/my_py_pkg/lib/my_py_pkg
[1.031s] Installing add_two_ints_client_no_oop script to /home/jt/ros2_ws/install/my_py_pkg/lib/my_py_pkg
[1.031s] Installing add_two_ints_server script to /home/jt/ros2_ws/install/my_py_pkg/lib/my_py_pkg
[1.032s] Installing hw_status_publisher script to /home/jt/ros2_ws/install/my_py_pkg/lib/my_py_pkg
[1.032s] Installing number_counter script to /home/jt/ros2_ws/install/my_py_pkg/lib/my_py_pkg
[1.032s] Installing number_publisher script to /home/jt/ros2_ws/install/my_py_pkg/lib/my_py_pkg
[1.032s] Installing py_node script to /home/jt/ros2_ws/install/my_py_pkg/lib/my_py_pkg
[1.032s] Installing robot_news_station script to /home/jt/ros2_ws/install/my_py_pkg/lib/my_py_pkg
[1.032s] Installing smartphone script to /home/jt/ros2_ws/install/my_py_pkg/lib/my_py_pkg
[1.032s] 
[1.032s] Installed /home/jt/ros2_ws/build/my_py_pkg
[1.033s] running install_data
[1.054s] Invoked command in '/home/jt/ros2_ws/build/my_py_pkg' returned '0': PYTHONPATH=/home/jt/ros2_ws/build/my_py_pkg/prefix_override:/home/jt/ros2_ws/install/my_py_pkg/lib/python3.10/site-packages:${PYTHONPATH} /usr/bin/python3 setup.py develop --editable --build-directory /home/jt/ros2_ws/build/my_py_pkg/build --no-deps install_data
