[0.068s] Invoking command in '/home/jt/ros2_ws/build/my_cpp_pkg': CMAKE_PREFIX_PATH=${CMAKE_PREFIX_PATH}:/home/jt/ros2_ws/install/my_py_pkg:/opt/ros/humble /usr/bin/cmake --build /home/jt/ros2_ws/build/my_cpp_pkg -- -j12 -l12
[0.089s] -- Found ament_cmake: 1.3.7 (/opt/ros/humble/share/ament_cmake/cmake)
[0.216s] -- Found rclcpp: 16.0.8 (/opt/ros/humble/share/rclcpp/cmake)
[0.251s] -- Found rosidl_generator_c: 3.1.5 (/opt/ros/humble/share/rosidl_generator_c/cmake)
[0.255s] -- Found rosidl_adapter: 3.1.5 (/opt/ros/humble/share/rosidl_adapter/cmake)
[0.265s] -- Found rosidl_generator_cpp: 3.1.5 (/opt/ros/humble/share/rosidl_generator_cpp/cmake)
[0.276s] -- Using all available rosidl_typesupport_c: rosidl_typesupport_fastrtps_c;rosidl_typesupport_introspection_c
[0.290s] -- Using all available rosidl_typesupport_cpp: rosidl_typesupport_fastrtps_cpp;rosidl_typesupport_introspection_cpp
[0.352s] -- Found rmw_implementation_cmake: 6.1.1 (/opt/ros/humble/share/rmw_implementation_cmake/cmake)
[0.353s] -- Found rmw_fastrtps_cpp: 6.2.6 (/opt/ros/humble/share/rmw_fastrtps_cpp/cmake)
[0.460s] -- Using RMW implementation 'rmw_fastrtps_cpp' as default
[0.613s] -- Found example_interfaces: 0.9.3 (/opt/ros/humble/share/example_interfaces/cmake)
[0.807s] -- Configuring done
[0.821s] -- Generating done
[0.822s] -- Build files have been written to: /home/jt/ros2_ws/build/my_cpp_pkg
[0.848s] [35m[1mConsolidate compiler generated dependencies of target robot_news_station[0m
[0.849s] [35m[1mConsolidate compiler generated dependencies of target cpp_node[0m
[0.859s] [ 16%] [32mBuilding CXX object CMakeFiles/smartphone.dir/src/smartphone.cpp.o[0m
[0.867s] [ 50%] Built target robot_news_station
[0.868s] [ 83%] Built target cpp_node
[7.734s] [100%] [32m[1mLinking CXX executable smartphone[0m
[8.076s] [100%] Built target smartphone
[8.086s] Invoked command in '/home/jt/ros2_ws/build/my_cpp_pkg' returned '0': CMAKE_PREFIX_PATH=${CMAKE_PREFIX_PATH}:/home/jt/ros2_ws/install/my_py_pkg:/opt/ros/humble /usr/bin/cmake --build /home/jt/ros2_ws/build/my_cpp_pkg -- -j12 -l12
[8.120s] Invoking command in '/home/jt/ros2_ws/build/my_cpp_pkg': CMAKE_PREFIX_PATH=${CMAKE_PREFIX_PATH}:/home/jt/ros2_ws/install/my_py_pkg:/opt/ros/humble /usr/bin/cmake --install /home/jt/ros2_ws/build/my_cpp_pkg
[8.126s] -- Install configuration: ""
[8.126s] -- Up-to-date: /home/jt/ros2_ws/install/my_cpp_pkg/lib/my_cpp_pkg/cpp_node
[8.127s] -- Up-to-date: /home/jt/ros2_ws/install/my_cpp_pkg/lib/my_cpp_pkg/robot_news_station
[8.127s] -- Installing: /home/jt/ros2_ws/install/my_cpp_pkg/lib/my_cpp_pkg/smartphone
[8.132s] -- Set runtime path of "/home/jt/ros2_ws/install/my_cpp_pkg/lib/my_cpp_pkg/smartphone" to ""
[8.132s] -- Up-to-date: /home/jt/ros2_ws/install/my_cpp_pkg/share/ament_index/resource_index/package_run_dependencies/my_cpp_pkg
[8.132s] -- Up-to-date: /home/jt/ros2_ws/install/my_cpp_pkg/share/ament_index/resource_index/parent_prefix_path/my_cpp_pkg
[8.132s] -- Up-to-date: /home/jt/ros2_ws/install/my_cpp_pkg/share/my_cpp_pkg/environment/ament_prefix_path.sh
[8.132s] -- Installing: /home/jt/ros2_ws/install/my_cpp_pkg/share/my_cpp_pkg/environment/ament_prefix_path.dsv
[8.132s] -- Up-to-date: /home/jt/ros2_ws/install/my_cpp_pkg/share/my_cpp_pkg/environment/path.sh
[8.132s] -- Installing: /home/jt/ros2_ws/install/my_cpp_pkg/share/my_cpp_pkg/environment/path.dsv
[8.132s] -- Up-to-date: /home/jt/ros2_ws/install/my_cpp_pkg/share/my_cpp_pkg/local_setup.bash
[8.133s] -- Up-to-date: /home/jt/ros2_ws/install/my_cpp_pkg/share/my_cpp_pkg/local_setup.sh
[8.133s] -- Up-to-date: /home/jt/ros2_ws/install/my_cpp_pkg/share/my_cpp_pkg/local_setup.zsh
[8.133s] -- Installing: /home/jt/ros2_ws/install/my_cpp_pkg/share/my_cpp_pkg/local_setup.dsv
[8.133s] -- Installing: /home/jt/ros2_ws/install/my_cpp_pkg/share/my_cpp_pkg/package.dsv
[8.133s] -- Up-to-date: /home/jt/ros2_ws/install/my_cpp_pkg/share/ament_index/resource_index/packages/my_cpp_pkg
[8.133s] -- Up-to-date: /home/jt/ros2_ws/install/my_cpp_pkg/share/my_cpp_pkg/cmake/my_cpp_pkgConfig.cmake
[8.133s] -- Up-to-date: /home/jt/ros2_ws/install/my_cpp_pkg/share/my_cpp_pkg/cmake/my_cpp_pkgConfig-version.cmake
[8.133s] -- Up-to-date: /home/jt/ros2_ws/install/my_cpp_pkg/share/my_cpp_pkg/package.xml
[8.134s] Invoked command in '/home/jt/ros2_ws/build/my_cpp_pkg' returned '0': CMAKE_PREFIX_PATH=${CMAKE_PREFIX_PATH}:/home/jt/ros2_ws/install/my_py_pkg:/opt/ros/humble /usr/bin/cmake --install /home/jt/ros2_ws/build/my_cpp_pkg
