[0.060s] Invoking command in '/home/jt/ros2_ws/build/my_robot_description': CMAKE_PREFIX_PATH=${CMAKE_PREFIX_PATH}:/home/jt/ros2_ws/install/turtlesim_catch_them_all:/home/jt/ros2_ws/install/my_py_pkg:/opt/ros/humble /usr/bin/cmake /home/jt/ros2_ws/src/my_robot_description -DCMAKE_INSTALL_PREFIX=/home/jt/ros2_ws/install/my_robot_description
[0.140s] -- The C compiler identification is GNU 11.4.0
[0.189s] -- The CXX compiler identification is GNU 11.4.0
[0.195s] -- Detecting C compiler ABI info
[0.262s] -- Detecting C compiler ABI info - done
[0.268s] -- Check for working C compiler: /usr/bin/cc - skipped
[0.269s] -- Detecting C compile features
[0.269s] -- Detecting C compile features - done
[0.272s] -- Detecting CXX compiler ABI info
[0.349s] -- Detecting CXX compiler ABI info - done
[0.356s] -- Check for working CXX compiler: /usr/bin/c++ - skipped
[0.356s] -- Detecting CXX compile features
[0.356s] -- Detecting CXX compile features - done
[0.362s] -- Found ament_cmake: 1.3.7 (/opt/ros/humble/share/ament_cmake/cmake)
[0.517s] -- Found Python3: /usr/bin/python3.10 (found version "3.10.12") found components: Interpreter 
[0.656s] -- Configuring done
[0.658s] -- Generating done
[0.659s] -- Build files have been written to: /home/jt/ros2_ws/build/my_robot_description
[0.664s] Invoked command in '/home/jt/ros2_ws/build/my_robot_description' returned '0': CMAKE_PREFIX_PATH=${CMAKE_PREFIX_PATH}:/home/jt/ros2_ws/install/turtlesim_catch_them_all:/home/jt/ros2_ws/install/my_py_pkg:/opt/ros/humble /usr/bin/cmake /home/jt/ros2_ws/src/my_robot_description -DCMAKE_INSTALL_PREFIX=/home/jt/ros2_ws/install/my_robot_description
[0.664s] Invoking command in '/home/jt/ros2_ws/build/my_robot_description': CMAKE_PREFIX_PATH=${CMAKE_PREFIX_PATH}:/home/jt/ros2_ws/install/turtlesim_catch_them_all:/home/jt/ros2_ws/install/my_py_pkg:/opt/ros/humble /usr/bin/cmake --build /home/jt/ros2_ws/build/my_robot_description -- -j12 -l12
[0.699s] Invoked command in '/home/jt/ros2_ws/build/my_robot_description' returned '0': CMAKE_PREFIX_PATH=${CMAKE_PREFIX_PATH}:/home/jt/ros2_ws/install/turtlesim_catch_them_all:/home/jt/ros2_ws/install/my_py_pkg:/opt/ros/humble /usr/bin/cmake --build /home/jt/ros2_ws/build/my_robot_description -- -j12 -l12
[0.732s] Invoking command in '/home/jt/ros2_ws/build/my_robot_description': CMAKE_PREFIX_PATH=${CMAKE_PREFIX_PATH}:/home/jt/ros2_ws/install/turtlesim_catch_them_all:/home/jt/ros2_ws/install/my_py_pkg:/opt/ros/humble /usr/bin/cmake --install /home/jt/ros2_ws/build/my_robot_description
[0.741s] -- Install configuration: ""
[0.741s] -- Installing: /home/jt/ros2_ws/install/my_robot_description/share/$(PROJECT_NAME)//urdf
[0.741s] -- Installing: /home/jt/ros2_ws/install/my_robot_description/share/$(PROJECT_NAME)//urdf/my_robot.urdf
[0.742s] -- Installing: /home/jt/ros2_ws/install/my_robot_description/share/ament_index/resource_index/package_run_dependencies/my_robot_description
[0.742s] -- Installing: /home/jt/ros2_ws/install/my_robot_description/share/ament_index/resource_index/parent_prefix_path/my_robot_description
[0.742s] -- Installing: /home/jt/ros2_ws/install/my_robot_description/share/my_robot_description/environment/ament_prefix_path.sh
[0.742s] -- Installing: /home/jt/ros2_ws/install/my_robot_description/share/my_robot_description/environment/ament_prefix_path.dsv
[0.742s] -- Installing: /home/jt/ros2_ws/install/my_robot_description/share/my_robot_description/environment/path.sh
[0.742s] -- Installing: /home/jt/ros2_ws/install/my_robot_description/share/my_robot_description/environment/path.dsv
[0.742s] -- Installing: /home/jt/ros2_ws/install/my_robot_description/share/my_robot_description/local_setup.bash
[0.743s] -- Installing: /home/jt/ros2_ws/install/my_robot_description/share/my_robot_description/local_setup.sh
[0.743s] -- Installing: /home/jt/ros2_ws/install/my_robot_description/share/my_robot_description/local_setup.zsh
[0.743s] -- Installing: /home/jt/ros2_ws/install/my_robot_description/share/my_robot_description/local_setup.dsv
[0.743s] -- Installing: /home/jt/ros2_ws/install/my_robot_description/share/my_robot_description/package.dsv
[0.743s] -- Installing: /home/jt/ros2_ws/install/my_robot_description/share/ament_index/resource_index/packages/my_robot_description
[0.744s] -- Installing: /home/jt/ros2_ws/install/my_robot_description/share/my_robot_description/cmake/my_robot_descriptionConfig.cmake
[0.744s] -- Installing: /home/jt/ros2_ws/install/my_robot_description/share/my_robot_description/cmake/my_robot_descriptionConfig-version.cmake
[0.744s] -- Installing: /home/jt/ros2_ws/install/my_robot_description/share/my_robot_description/package.xml
[0.745s] Invoked command in '/home/jt/ros2_ws/build/my_robot_description' returned '0': CMAKE_PREFIX_PATH=${CMAKE_PREFIX_PATH}:/home/jt/ros2_ws/install/turtlesim_catch_them_all:/home/jt/ros2_ws/install/my_py_pkg:/opt/ros/humble /usr/bin/cmake --install /home/jt/ros2_ws/build/my_robot_description
