[35m[1mConsolidate compiler generated dependencies of target add_two_ints_server[0m
[ 50%] Built target robot_news_station
[ 50%] Built target smartphone
[ 50%] Built target cpp_node
[ 66%] Built target number_publisher
[ 83%] Built target number_counter
[ 91%] [32mBuilding CXX object CMakeFiles/add_two_ints_server.dir/src/add_two_ints_server.cpp.o[0m
In file included from [01m[K/opt/ros/humble/include/rclcpp/rclcpp/client.hpp:40[m[K,
                 from [01m[K/opt/ros/humble/include/rclcpp/rclcpp/callback_group.hpp:24[m[K,
                 from [01m[K/opt/ros/humble/include/rclcpp/rclcpp/any_executable.hpp:20[m[K,
                 from [01m[K/opt/ros/humble/include/rclcpp/rclcpp/memory_strategy.hpp:25[m[K,
                 from [01m[K/opt/ros/humble/include/rclcpp/rclcpp/memory_strategies.hpp:18[m[K,
                 from [01m[K/opt/ros/humble/include/rclcpp/rclcpp/executor_options.hpp:20[m[K,
                 from [01m[K/opt/ros/humble/include/rclcpp/rclcpp/executor.hpp:37[m[K,
                 from [01m[K/opt/ros/humble/include/rclcpp/rclcpp/executors/multi_threaded_executor.hpp:25[m[K,
                 from [01m[K/opt/ros/humble/include/rclcpp/rclcpp/executors.hpp:21[m[K,
                 from [01m[K/opt/ros/humble/include/rclcpp/rclcpp/rclcpp.hpp:155[m[K,
                 from [01m[K/home/jt/ros2_ws/src/my_cpp_pkg/src/add_two_ints_server.cpp:1[m[K:
[01m[K/home/jt/ros2_ws/src/my_cpp_pkg/src/add_two_ints_server.cpp:[m[K In constructor ‘[01m[KAddTwoIntsServerNode::AddTwoIntsServerNode()[m[K’:
[01m[K/home/jt/ros2_ws/src/my_cpp_pkg/src/add_two_ints_server.cpp:15:9:[m[K [01;31m[Kerror: [m[Kinvalid use of non-static member function ‘[01m[Krclcpp::Logger rclcpp::Node::get_logger() const[m[K’
   15 |         [01;31m[KRCLCPP_INFO[m[K(this->get_logger, "Service server has been started");
      |         [01;31m[K^~~~~~~~~~~[m[K
In file included from [01m[K/opt/ros/humble/include/rclcpp/rclcpp/executors/single_threaded_executor.hpp:28[m[K,
                 from [01m[K/opt/ros/humble/include/rclcpp/rclcpp/executors.hpp:22[m[K,
                 from [01m[K/opt/ros/humble/include/rclcpp/rclcpp/rclcpp.hpp:155[m[K,
                 from [01m[K/home/jt/ros2_ws/src/my_cpp_pkg/src/add_two_ints_server.cpp:1[m[K:
[01m[K/opt/ros/humble/include/rclcpp/rclcpp/node.hpp:142:3:[m[K [01;36m[Knote: [m[Kdeclared here
  142 |   [01;36m[Kget_logger[m[K() const;
      |   [01;36m[K^~~~~~~~~~[m[K
In file included from [01m[K/opt/ros/humble/include/rclcpp/rclcpp/client.hpp:40[m[K,
                 from [01m[K/opt/ros/humble/include/rclcpp/rclcpp/callback_group.hpp:24[m[K,
                 from [01m[K/opt/ros/humble/include/rclcpp/rclcpp/any_executable.hpp:20[m[K,
                 from [01m[K/opt/ros/humble/include/rclcpp/rclcpp/memory_strategy.hpp:25[m[K,
                 from [01m[K/opt/ros/humble/include/rclcpp/rclcpp/memory_strategies.hpp:18[m[K,
                 from [01m[K/opt/ros/humble/include/rclcpp/rclcpp/executor_options.hpp:20[m[K,
                 from [01m[K/opt/ros/humble/include/rclcpp/rclcpp/executor.hpp:37[m[K,
                 from [01m[K/opt/ros/humble/include/rclcpp/rclcpp/executors/multi_threaded_executor.hpp:25[m[K,
                 from [01m[K/opt/ros/humble/include/rclcpp/rclcpp/executors.hpp:21[m[K,
                 from [01m[K/opt/ros/humble/include/rclcpp/rclcpp/rclcpp.hpp:155[m[K,
                 from [01m[K/home/jt/ros2_ws/src/my_cpp_pkg/src/add_two_ints_server.cpp:1[m[K:
[01m[K/home/jt/ros2_ws/src/my_cpp_pkg/src/add_two_ints_server.cpp:15:9:[m[K [01;31m[Kerror: [m[Ktemplate argument 1 is invalid
   15 |         [01;31m[KRCLCPP_INFO[m[K(this->get_logger, "Service server has been started");
      |         [01;31m[K^~~~~~~~~~~[m[K
[01m[K/home/jt/ros2_ws/src/my_cpp_pkg/src/add_two_ints_server.cpp:15:9:[m[K [01;31m[Kerror: [m[K‘[01m[K<declaration error>[m[K’ is not a template [[01;31m[K]8;;https://gcc.gnu.org/onlinedocs/gcc/Warning-Options.html#index-fpermissive-fpermissive]8;;[m[K]
   15 |         [01;31m[KRCLCPP_INFO[m[K(this->get_logger, "Service server has been started");
      |         [01;31m[K^~~~~~~~~~~[m[K
[01m[K/home/jt/ros2_ws/src/my_cpp_pkg/src/add_two_ints_server.cpp:15:9:[m[K [01;31m[Kerror: [m[Ktemplate argument 1 is invalid
   15 |         [01;31m[KRCLCPP_INFO[m[K(this->get_logger, "Service server has been started");
      |         [01;31m[K^~~~~~~~~~~[m[K
[01m[K/home/jt/ros2_ws/src/my_cpp_pkg/src/add_two_ints_server.cpp:15:9:[m[K [01;31m[Kerror: [m[K‘[01m[K<declaration error>[m[K’ is not a template [[01;31m[K]8;;https://gcc.gnu.org/onlinedocs/gcc/Warning-Options.html#index-fpermissive-fpermissive]8;;[m[K]
   15 |         [01;31m[KRCLCPP_INFO[m[K(this->get_logger, "Service server has been started");
      |         [01;31m[K^~~~~~~~~~~[m[K
[01m[K/home/jt/ros2_ws/src/my_cpp_pkg/src/add_two_ints_server.cpp:15:9:[m[K [01;31m[Kerror: [m[Ktemplate argument 1 is invalid
   15 |         [01;31m[KRCLCPP_INFO[m[K(this->get_logger, "Service server has been started");
      |         [01;31m[K^~~~~~~~~~~[m[K
In file included from [01m[K/opt/ros/humble/include/rclcpp/rclcpp/logging.hpp:24[m[K,
                 from [01m[K/opt/ros/humble/include/rclcpp/rclcpp/client.hpp:40[m[K,
                 from [01m[K/opt/ros/humble/include/rclcpp/rclcpp/callback_group.hpp:24[m[K,
                 from [01m[K/opt/ros/humble/include/rclcpp/rclcpp/any_executable.hpp:20[m[K,
                 from [01m[K/opt/ros/humble/include/rclcpp/rclcpp/memory_strategy.hpp:25[m[K,
                 from [01m[K/opt/ros/humble/include/rclcpp/rclcpp/memory_strategies.hpp:18[m[K,
                 from [01m[K/opt/ros/humble/include/rclcpp/rclcpp/executor_options.hpp:20[m[K,
                 from [01m[K/opt/ros/humble/include/rclcpp/rclcpp/executor.hpp:37[m[K,
                 from [01m[K/opt/ros/humble/include/rclcpp/rclcpp/executors/multi_threaded_executor.hpp:25[m[K,
                 from [01m[K/opt/ros/humble/include/rclcpp/rclcpp/executors.hpp:21[m[K,
                 from [01m[K/opt/ros/humble/include/rclcpp/rclcpp/rclcpp.hpp:155[m[K,
                 from [01m[K/home/jt/ros2_ws/src/my_cpp_pkg/src/add_two_ints_server.cpp:1[m[K:
[01m[K/home/jt/ros2_ws/src/my_cpp_pkg/src/add_two_ints_server.cpp:15:27:[m[K [01;31m[Kerror: [m[Kinvalid use of member function ‘[01m[Krclcpp::Logger rclcpp::Node::get_logger() const[m[K’ (did you forget the ‘[01m[K()[m[K’ ?)
   15 |         RCLCPP_INFO(this->[01;31m[Kg[m[Ket_logger, "Service server has been started");
      |                           [01;31m[K^[m[K
[01m[K/home/jt/ros2_ws/src/my_cpp_pkg/src/add_two_ints_server.cpp:15:27:[m[K [01;31m[Kerror: [m[Kinvalid use of member function ‘[01m[Krclcpp::Logger rclcpp::Node::get_logger() const[m[K’ (did you forget the ‘[01m[K()[m[K’ ?)
   15 |         RCLCPP_INFO(this->[01;31m[Kg[m[Ket_logger, "Service server has been started");
      |                           [01;31m[K^[m[K
gmake[2]: *** [CMakeFiles/add_two_ints_server.dir/build.make:76: CMakeFiles/add_two_ints_server.dir/src/add_two_ints_server.cpp.o] Error 1
gmake[1]: *** [CMakeFiles/Makefile2:277: CMakeFiles/add_two_ints_server.dir/all] Error 2
gmake: *** [Makefile:146: all] Error 2
