[0.075s] Invoking command in '/home/jt/ros2_ws/build/my_cpp_pkg': CMAKE_PREFIX_PATH=${CMAKE_PREFIX_PATH}:/home/jt/ros2_ws/install/my_py_pkg:/opt/ros/humble /usr/bin/cmake --build /home/jt/ros2_ws/build/my_cpp_pkg -- -j12 -l12
[0.116s] [35m[1mConsolidate compiler generated dependencies of target number_publisher[0m
[0.130s] [ 11%] Built target cpp_node
[0.132s] [ 22%] Built target robot_news_station
[0.133s] [ 33%] Built target number_counter
[0.134s] [ 44%] Built target smartphone
[0.136s] [ 55%] Built target hardware_status_publisher
[0.136s] [ 66%] Built target add_two_ints_server
[0.140s] [ 77%] Built target add_two_ints_client
[0.140s] [ 88%] Built target add_two_ints_client_no_oop
[0.143s] [ 94%] [32mBuilding CXX object CMakeFiles/number_publisher.dir/src/number_publisher.cpp.o[0m
[3.986s] [100%] [32m[1mLinking CXX executable number_publisher[0m
[4.174s] [100%] Built target number_publisher
[4.184s] Invoked command in '/home/jt/ros2_ws/build/my_cpp_pkg' returned '0': CMAKE_PREFIX_PATH=${CMAKE_PREFIX_PATH}:/home/jt/ros2_ws/install/my_py_pkg:/opt/ros/humble /usr/bin/cmake --build /home/jt/ros2_ws/build/my_cpp_pkg -- -j12 -l12
[4.238s] Invoking command in '/home/jt/ros2_ws/build/my_cpp_pkg': CMAKE_PREFIX_PATH=${CMAKE_PREFIX_PATH}:/home/jt/ros2_ws/install/my_py_pkg:/opt/ros/humble /usr/bin/cmake --install /home/jt/ros2_ws/build/my_cpp_pkg
[4.246s] -- Install configuration: ""
[4.246s] -- Up-to-date: /home/jt/ros2_ws/install/my_cpp_pkg/lib/my_cpp_pkg/cpp_node
[4.246s] -- Up-to-date: /home/jt/ros2_ws/install/my_cpp_pkg/lib/my_cpp_pkg/robot_news_station
[4.247s] -- Up-to-date: /home/jt/ros2_ws/install/my_cpp_pkg/lib/my_cpp_pkg/smartphone
[4.247s] -- Installing: /home/jt/ros2_ws/install/my_cpp_pkg/lib/my_cpp_pkg/number_publisher
[4.249s] -- Set runtime path of "/home/jt/ros2_ws/install/my_cpp_pkg/lib/my_cpp_pkg/number_publisher" to ""
[4.249s] -- Up-to-date: /home/jt/ros2_ws/install/my_cpp_pkg/lib/my_cpp_pkg/number_counter
[4.250s] -- Up-to-date: /home/jt/ros2_ws/install/my_cpp_pkg/lib/my_cpp_pkg/add_two_ints_server
[4.250s] -- Up-to-date: /home/jt/ros2_ws/install/my_cpp_pkg/lib/my_cpp_pkg/add_two_ints_client_no_oop
[4.250s] -- Up-to-date: /home/jt/ros2_ws/install/my_cpp_pkg/lib/my_cpp_pkg/add_two_ints_client
[4.251s] -- Up-to-date: /home/jt/ros2_ws/install/my_cpp_pkg/lib/my_cpp_pkg/hardware_status_publisher
[4.251s] -- Up-to-date: /home/jt/ros2_ws/install/my_cpp_pkg/share/ament_index/resource_index/package_run_dependencies/my_cpp_pkg
[4.251s] -- Up-to-date: /home/jt/ros2_ws/install/my_cpp_pkg/share/ament_index/resource_index/parent_prefix_path/my_cpp_pkg
[4.251s] -- Up-to-date: /home/jt/ros2_ws/install/my_cpp_pkg/share/my_cpp_pkg/environment/ament_prefix_path.sh
[4.252s] -- Up-to-date: /home/jt/ros2_ws/install/my_cpp_pkg/share/my_cpp_pkg/environment/ament_prefix_path.dsv
[4.252s] -- Up-to-date: /home/jt/ros2_ws/install/my_cpp_pkg/share/my_cpp_pkg/environment/path.sh
[4.252s] -- Up-to-date: /home/jt/ros2_ws/install/my_cpp_pkg/share/my_cpp_pkg/environment/path.dsv
[4.252s] -- Up-to-date: /home/jt/ros2_ws/install/my_cpp_pkg/share/my_cpp_pkg/local_setup.bash
[4.252s] -- Up-to-date: /home/jt/ros2_ws/install/my_cpp_pkg/share/my_cpp_pkg/local_setup.sh
[4.252s] -- Up-to-date: /home/jt/ros2_ws/install/my_cpp_pkg/share/my_cpp_pkg/local_setup.zsh
[4.252s] -- Up-to-date: /home/jt/ros2_ws/install/my_cpp_pkg/share/my_cpp_pkg/local_setup.dsv
[4.252s] -- Installing: /home/jt/ros2_ws/install/my_cpp_pkg/share/my_cpp_pkg/package.dsv
[4.253s] -- Up-to-date: /home/jt/ros2_ws/install/my_cpp_pkg/share/ament_index/resource_index/packages/my_cpp_pkg
[4.253s] -- Up-to-date: /home/jt/ros2_ws/install/my_cpp_pkg/share/my_cpp_pkg/cmake/my_cpp_pkgConfig.cmake
[4.253s] -- Up-to-date: /home/jt/ros2_ws/install/my_cpp_pkg/share/my_cpp_pkg/cmake/my_cpp_pkgConfig-version.cmake
[4.253s] -- Up-to-date: /home/jt/ros2_ws/install/my_cpp_pkg/share/my_cpp_pkg/package.xml
[4.254s] Invoked command in '/home/jt/ros2_ws/build/my_cpp_pkg' returned '0': CMAKE_PREFIX_PATH=${CMAKE_PREFIX_PATH}:/home/jt/ros2_ws/install/my_py_pkg:/opt/ros/humble /usr/bin/cmake --install /home/jt/ros2_ws/build/my_cpp_pkg
