[0.055s] Invoking command in '/home/jt/ros2_ws/build/my_robot_interfaces': CMAKE_PREFIX_PATH=/home/jt/ros2_ws/install/my_py_pkg:/opt/ros/humble /usr/bin/cmake /home/jt/ros2_ws/src/my_robot_interfaces -DCMAKE_INSTALL_PREFIX=/home/jt/ros2_ws/install/my_robot_interfaces
[0.104s] -- The C compiler identification is GNU 11.4.0
[0.159s] -- The CXX compiler identification is GNU 11.4.0
[0.165s] -- Detecting C compiler ABI info
[0.223s] -- Detecting C compiler ABI info - done
[0.232s] -- Check for working C compiler: /usr/bin/cc - skipped
[0.232s] -- Detecting C compile features
[0.233s] -- Detecting C compile features - done
[0.236s] -- Detecting CXX compiler ABI info
[0.310s] -- Detecting CXX compiler ABI info - done
[0.320s] -- Check for working CXX compiler: /usr/bin/c++ - skipped
[0.321s] -- Detecting CXX compile features
[0.321s] -- Detecting CXX compile features - done
[0.323s] -- Found ament_cmake: 1.3.7 (/opt/ros/humble/share/ament_cmake/cmake)
[0.476s] -- Found Python3: /usr/bin/python3.10 (found version "3.10.12") found components: Interpreter 
[0.550s] [31mCMake Error at CMakeLists.txt:13 (finf_package):
[0.550s]   Unknown CMake command "finf_package".
[0.551s] 
[0.551s] [0m
[0.551s] -- Configuring incomplete, errors occurred!
[0.551s] See also "/home/jt/ros2_ws/build/my_robot_interfaces/CMakeFiles/CMakeOutput.log".
[0.555s] Invoked command in '/home/jt/ros2_ws/build/my_robot_interfaces' returned '1': CMAKE_PREFIX_PATH=/home/jt/ros2_ws/install/my_py_pkg:/opt/ros/humble /usr/bin/cmake /home/jt/ros2_ws/src/my_robot_interfaces -DCMAKE_INSTALL_PREFIX=/home/jt/ros2_ws/install/my_robot_interfaces
