[0.645s] Invoking command in '/home/jt/ros2_ws/src/my_py_pkg': PYTHONPATH=/home/jt/ros2_ws/build/my_py_pkg/prefix_override:/home/jt/ros2_ws/install/my_py_pkg/lib/python3.10/site-packages:${PYTHONPATH} /usr/bin/python3 setup.py egg_info --egg-base ../../build/my_py_pkg build --build-base /home/jt/ros2_ws/build/my_py_pkg/build install --record /home/jt/ros2_ws/build/my_py_pkg/install.log --single-version-externally-managed
[0.860s] running egg_info
[0.860s] writing ../../build/my_py_pkg/my_py_pkg.egg-info/PKG-INFO
[0.860s] writing dependency_links to ../../build/my_py_pkg/my_py_pkg.egg-info/dependency_links.txt
[0.861s] writing entry points to ../../build/my_py_pkg/my_py_pkg.egg-info/entry_points.txt
[0.861s] writing requirements to ../../build/my_py_pkg/my_py_pkg.egg-info/requires.txt
[0.861s] writing top-level names to ../../build/my_py_pkg/my_py_pkg.egg-info/top_level.txt
[0.863s] reading manifest file '../../build/my_py_pkg/my_py_pkg.egg-info/SOURCES.txt'
[0.863s] writing manifest file '../../build/my_py_pkg/my_py_pkg.egg-info/SOURCES.txt'
[0.863s] running build
[0.864s] running build_py
[0.864s] copying my_py_pkg/turtle_controller.py -> /home/jt/ros2_ws/build/my_py_pkg/build/lib/my_py_pkg
[0.864s] copying my_py_pkg/turtle_spawner.py -> /home/jt/ros2_ws/build/my_py_pkg/build/lib/my_py_pkg
[0.864s] copying my_py_pkg/turtle_killer.py -> /home/jt/ros2_ws/build/my_py_pkg/build/lib/my_py_pkg
[0.865s] running install
[0.865s] running install_lib
[0.866s] copying /home/jt/ros2_ws/build/my_py_pkg/build/lib/my_py_pkg/turtle_controller.py -> /home/jt/ros2_ws/install/my_py_pkg/lib/python3.10/site-packages/my_py_pkg
[0.866s] copying /home/jt/ros2_ws/build/my_py_pkg/build/lib/my_py_pkg/turtle_spawner.py -> /home/jt/ros2_ws/install/my_py_pkg/lib/python3.10/site-packages/my_py_pkg
[0.866s] copying /home/jt/ros2_ws/build/my_py_pkg/build/lib/my_py_pkg/turtle_killer.py -> /home/jt/ros2_ws/install/my_py_pkg/lib/python3.10/site-packages/my_py_pkg
[0.867s] byte-compiling /home/jt/ros2_ws/install/my_py_pkg/lib/python3.10/site-packages/my_py_pkg/turtle_controller.py to turtle_controller.cpython-310.pyc
[0.867s]   File "/home/jt/ros2_ws/install/my_py_pkg/lib/python3.10/site-packages/my_py_pkg/turtle_controller.py", line 11
[0.867s]     self.subscriber_turtle_pose = self.create_subscription(Pose, "turtle1/pose", self.callback_turtle_pose 10)
[0.867s]                                                                                  ^^^^^^^^^^^^^^^^^^^^^^^^^^^^
[0.867s] SyntaxError: invalid syntax. Perhaps you forgot a comma?
[0.867s] 
[0.867s] byte-compiling /home/jt/ros2_ws/install/my_py_pkg/lib/python3.10/site-packages/my_py_pkg/turtle_spawner.py to turtle_spawner.cpython-310.pyc
[0.868s] byte-compiling /home/jt/ros2_ws/install/my_py_pkg/lib/python3.10/site-packages/my_py_pkg/turtle_killer.py to turtle_killer.cpython-310.pyc
[0.869s] running install_data
[0.869s] running install_egg_info
[0.870s] removing '/home/jt/ros2_ws/install/my_py_pkg/lib/python3.10/site-packages/my_py_pkg-0.0.0-py3.10.egg-info' (and everything under it)
[0.871s] Copying ../../build/my_py_pkg/my_py_pkg.egg-info to /home/jt/ros2_ws/install/my_py_pkg/lib/python3.10/site-packages/my_py_pkg-0.0.0-py3.10.egg-info
[0.871s] running install_scripts
[0.887s] Installing add_two_ints_client script to /home/jt/ros2_ws/install/my_py_pkg/lib/my_py_pkg
[0.888s] Installing add_two_ints_client_no_oop script to /home/jt/ros2_ws/install/my_py_pkg/lib/my_py_pkg
[0.888s] Installing add_two_ints_server script to /home/jt/ros2_ws/install/my_py_pkg/lib/my_py_pkg
[0.888s] Installing battery script to /home/jt/ros2_ws/install/my_py_pkg/lib/my_py_pkg
[0.888s] Installing hw_status_publisher script to /home/jt/ros2_ws/install/my_py_pkg/lib/my_py_pkg
[0.888s] Installing led_panel script to /home/jt/ros2_ws/install/my_py_pkg/lib/my_py_pkg
[0.888s] Installing number_counter script to /home/jt/ros2_ws/install/my_py_pkg/lib/my_py_pkg
[0.888s] Installing number_publisher script to /home/jt/ros2_ws/install/my_py_pkg/lib/my_py_pkg
[0.888s] Installing py_node script to /home/jt/ros2_ws/install/my_py_pkg/lib/my_py_pkg
[0.889s] Installing robot_news_station script to /home/jt/ros2_ws/install/my_py_pkg/lib/my_py_pkg
[0.889s] Installing smartphone script to /home/jt/ros2_ws/install/my_py_pkg/lib/my_py_pkg
[0.889s] Installing turtle_controller script to /home/jt/ros2_ws/install/my_py_pkg/lib/my_py_pkg
[0.889s] Installing turtle_killer script to /home/jt/ros2_ws/install/my_py_pkg/lib/my_py_pkg
[0.889s] Installing turtle_spawner script to /home/jt/ros2_ws/install/my_py_pkg/lib/my_py_pkg
[0.889s] writing list of installed files to '/home/jt/ros2_ws/build/my_py_pkg/install.log'
[0.908s] Invoked command in '/home/jt/ros2_ws/src/my_py_pkg' returned '0': PYTHONPATH=/home/jt/ros2_ws/build/my_py_pkg/prefix_override:/home/jt/ros2_ws/install/my_py_pkg/lib/python3.10/site-packages:${PYTHONPATH} /usr/bin/python3 setup.py egg_info --egg-base ../../build/my_py_pkg build --build-base /home/jt/ros2_ws/build/my_py_pkg/build install --record /home/jt/ros2_ws/build/my_py_pkg/install.log --single-version-externally-managed
