[0.581s] Invoking command in '/home/jt/ros2_ws/src/my_py_pkg': PYTHONPATH=/home/jt/ros2_ws/build/my_py_pkg/prefix_override:/home/jt/ros2_ws/install/my_py_pkg/lib/python3.10/site-packages:${PYTHONPATH} /usr/bin/python3 setup.py egg_info --egg-base ../../build/my_py_pkg build --build-base /home/jt/ros2_ws/build/my_py_pkg/build install --record /home/jt/ros2_ws/build/my_py_pkg/install.log --single-version-externally-managed
[0.773s] running egg_info
[0.774s] writing ../../build/my_py_pkg/my_py_pkg.egg-info/PKG-INFO
[0.775s] writing dependency_links to ../../build/my_py_pkg/my_py_pkg.egg-info/dependency_links.txt
[0.775s] writing entry points to ../../build/my_py_pkg/my_py_pkg.egg-info/entry_points.txt
[0.775s] writing requirements to ../../build/my_py_pkg/my_py_pkg.egg-info/requires.txt
[0.775s] writing top-level names to ../../build/my_py_pkg/my_py_pkg.egg-info/top_level.txt
[0.777s] reading manifest file '../../build/my_py_pkg/my_py_pkg.egg-info/SOURCES.txt'
[0.777s] writing manifest file '../../build/my_py_pkg/my_py_pkg.egg-info/SOURCES.txt'
[0.778s] running build
[0.778s] running build_py
[0.778s] running install
[0.778s] /usr/lib/python3/dist-packages/setuptools/command/install.py:34: SetuptoolsDeprecationWarning: setup.py install is deprecated. Use build and pip and other standards-based tools.
[0.778s]   warnings.warn(
[0.778s] running install_lib
[0.779s] running install_data
[0.780s] running install_egg_info
[0.781s] removing '/home/jt/ros2_ws/install/my_py_pkg/lib/python3.10/site-packages/my_py_pkg-0.0.0-py3.10.egg-info' (and everything under it)
[0.781s] Copying ../../build/my_py_pkg/my_py_pkg.egg-info to /home/jt/ros2_ws/install/my_py_pkg/lib/python3.10/site-packages/my_py_pkg-0.0.0-py3.10.egg-info
[0.782s] running install_scripts
[0.798s] writing list of installed files to '/home/jt/ros2_ws/build/my_py_pkg/install.log'
[0.816s] Invoked command in '/home/jt/ros2_ws/src/my_py_pkg' returned '0': PYTHONPATH=/home/jt/ros2_ws/build/my_py_pkg/prefix_override:/home/jt/ros2_ws/install/my_py_pkg/lib/python3.10/site-packages:${PYTHONPATH} /usr/bin/python3 setup.py egg_info --egg-base ../../build/my_py_pkg build --build-base /home/jt/ros2_ws/build/my_py_pkg/build install --record /home/jt/ros2_ws/build/my_py_pkg/install.log --single-version-externally-managed
