[0.712s] Invoking command in '/home/jt/ros2_ws/src/my_py_pkg': PYTHONPATH=/home/jt/ros2_ws/build/my_py_pkg/prefix_override:/home/jt/ros2_ws/install/my_py_pkg/lib/python3.10/site-packages:${PYTHONPATH} /usr/bin/python3 setup.py egg_info --egg-base ../../build/my_py_pkg build --build-base /home/jt/ros2_ws/build/my_py_pkg/build install --record /home/jt/ros2_ws/build/my_py_pkg/install.log --single-version-externally-managed
[0.944s] running egg_info
[0.944s] writing ../../build/my_py_pkg/my_py_pkg.egg-info/PKG-INFO
[0.945s] writing dependency_links to ../../build/my_py_pkg/my_py_pkg.egg-info/dependency_links.txt
[0.945s] writing entry points to ../../build/my_py_pkg/my_py_pkg.egg-info/entry_points.txt
[0.945s] writing requirements to ../../build/my_py_pkg/my_py_pkg.egg-info/requires.txt
[0.945s] writing top-level names to ../../build/my_py_pkg/my_py_pkg.egg-info/top_level.txt
[0.947s] reading manifest file '../../build/my_py_pkg/my_py_pkg.egg-info/SOURCES.txt'
[0.947s] writing manifest file '../../build/my_py_pkg/my_py_pkg.egg-info/SOURCES.txt'
[0.948s] running build
[0.948s] running build_py
[0.948s] copying my_py_pkg/my_first_node.py -> /home/jt/ros2_ws/build/my_py_pkg/build/lib/my_py_pkg
[0.948s] running install
[0.949s] running install_lib
[0.949s] copying /home/jt/ros2_ws/build/my_py_pkg/build/lib/my_py_pkg/my_first_node.py -> /home/jt/ros2_ws/install/my_py_pkg/lib/python3.10/site-packages/my_py_pkg
[0.950s] byte-compiling /home/jt/ros2_ws/install/my_py_pkg/lib/python3.10/site-packages/my_py_pkg/my_first_node.py to my_first_node.cpython-310.pyc
[0.951s] running install_data
[0.952s] running install_egg_info
[0.954s] removing '/home/jt/ros2_ws/install/my_py_pkg/lib/python3.10/site-packages/my_py_pkg-0.0.0-py3.10.egg-info' (and everything under it)
[0.954s] Copying ../../build/my_py_pkg/my_py_pkg.egg-info to /home/jt/ros2_ws/install/my_py_pkg/lib/python3.10/site-packages/my_py_pkg-0.0.0-py3.10.egg-info
[0.955s] running install_scripts
[0.973s] Installing py_node script to /home/jt/ros2_ws/install/my_py_pkg/lib/my_py_pkg
[0.973s] writing list of installed files to '/home/jt/ros2_ws/build/my_py_pkg/install.log'
[0.998s] Invoked command in '/home/jt/ros2_ws/src/my_py_pkg' returned '0': PYTHONPATH=/home/jt/ros2_ws/build/my_py_pkg/prefix_override:/home/jt/ros2_ws/install/my_py_pkg/lib/python3.10/site-packages:${PYTHONPATH} /usr/bin/python3 setup.py egg_info --egg-base ../../build/my_py_pkg build --build-base /home/jt/ros2_ws/build/my_py_pkg/build install --record /home/jt/ros2_ws/build/my_py_pkg/install.log --single-version-externally-managed
