[0.829s] DEBUG:colcon:Command line arguments: ['/usr/bin/colcon', 'build', '--packages-select', 'my_cpp_pkg']
[0.829s] DEBUG:colcon:Parsed command line arguments: Namespace(log_base=None, log_level=None, verb_name='build', build_base='build', install_base='install', merge_install=False, symlink_install=False, test_result_base=None, continue_on_error=False, executor='parallel', parallel_workers=12, event_handlers=None, ignore_user_meta=False, metas=['./colcon.meta'], base_paths=['.'], packages_ignore=None, packages_ignore_regex=None, paths=None, packages_up_to=None, packages_up_to_regex=None, packages_above=None, packages_above_and_dependencies=None, packages_above_depth=None, packages_select_by_dep=None, packages_skip_by_dep=None, packages_skip_up_to=None, packages_select_build_failed=False, packages_skip_build_finished=False, packages_select_test_failures=False, packages_skip_test_passed=False, packages_select=['my_cpp_pkg'], packages_skip=None, packages_select_regex=None, packages_skip_regex=None, packages_start=None, packages_end=None, allow_overriding=[], cmake_args=None, cmake_target=None, cmake_target_skip_unavailable=False, cmake_clean_cache=False, cmake_clean_first=False, cmake_force_configure=False, ament_cmake_args=None, catkin_cmake_args=None, catkin_skip_building_tests=False, verb_parser=<colcon_defaults.argument_parser.defaults.DefaultArgumentsDecorator object at 0x7fd4c1a45510>, verb_extension=<colcon_core.verb.build.BuildVerb object at 0x7fd4c1a693f0>, main=<bound method BuildVerb.main of <colcon_core.verb.build.BuildVerb object at 0x7fd4c1a693f0>>)
[0.867s] Level 1:colcon.colcon_core.package_discovery:discover_packages(colcon_meta) check parameters
[0.867s] Level 1:colcon.colcon_core.package_discovery:discover_packages(recursive) check parameters
[0.868s] Level 1:colcon.colcon_core.package_discovery:discover_packages(ignore) check parameters
[0.868s] Level 1:colcon.colcon_core.package_discovery:discover_packages(path) check parameters
[0.868s] Level 1:colcon.colcon_core.package_discovery:discover_packages(colcon_meta) discover
[0.868s] Level 1:colcon.colcon_core.package_discovery:discover_packages(recursive) discover
[0.868s] INFO:colcon.colcon_core.package_discovery:Crawling recursively for packages in '/home/jt/ros2_ws'
[0.868s] Level 1:colcon.colcon_core.package_identification:_identify(.) by extensions ['ignore', 'ignore_ament_install']
[0.868s] Level 1:colcon.colcon_core.package_identification:_identify(.) by extension 'ignore'
[0.868s] Level 1:colcon.colcon_core.package_identification:_identify(.) by extension 'ignore_ament_install'
[0.868s] Level 1:colcon.colcon_core.package_identification:_identify(.) by extensions ['colcon_pkg']
[0.868s] Level 1:colcon.colcon_core.package_identification:_identify(.) by extension 'colcon_pkg'
[0.868s] Level 1:colcon.colcon_core.package_identification:_identify(.) by extensions ['colcon_meta']
[0.868s] Level 1:colcon.colcon_core.package_identification:_identify(.) by extension 'colcon_meta'
[0.868s] Level 1:colcon.colcon_core.package_identification:_identify(.) by extensions ['ros']
[0.868s] Level 1:colcon.colcon_core.package_identification:_identify(.) by extension 'ros'
[0.877s] Level 1:colcon.colcon_core.package_identification:_identify(.) by extensions ['cmake', 'python']
[0.877s] Level 1:colcon.colcon_core.package_identification:_identify(.) by extension 'cmake'
[0.877s] Level 1:colcon.colcon_core.package_identification:_identify(.) by extension 'python'
[0.877s] Level 1:colcon.colcon_core.package_identification:_identify(.) by extensions ['python_setup_py']
[0.877s] Level 1:colcon.colcon_core.package_identification:_identify(.) by extension 'python_setup_py'
[0.877s] Level 1:colcon.colcon_core.package_identification:_identify(build) by extensions ['ignore', 'ignore_ament_install']
[0.877s] Level 1:colcon.colcon_core.package_identification:_identify(build) by extension 'ignore'
[0.877s] Level 1:colcon.colcon_core.package_identification:_identify(build) ignored
[0.878s] Level 1:colcon.colcon_core.package_identification:_identify(install) by extensions ['ignore', 'ignore_ament_install']
[0.878s] Level 1:colcon.colcon_core.package_identification:_identify(install) by extension 'ignore'
[0.878s] Level 1:colcon.colcon_core.package_identification:_identify(install) ignored
[0.878s] Level 1:colcon.colcon_core.package_identification:_identify(log) by extensions ['ignore', 'ignore_ament_install']
[0.878s] Level 1:colcon.colcon_core.package_identification:_identify(log) by extension 'ignore'
[0.878s] Level 1:colcon.colcon_core.package_identification:_identify(log) ignored
[0.878s] Level 1:colcon.colcon_core.package_identification:_identify(src) by extensions ['ignore', 'ignore_ament_install']
[0.878s] Level 1:colcon.colcon_core.package_identification:_identify(src) by extension 'ignore'
[0.878s] Level 1:colcon.colcon_core.package_identification:_identify(src) by extension 'ignore_ament_install'
[0.878s] Level 1:colcon.colcon_core.package_identification:_identify(src) by extensions ['colcon_pkg']
[0.878s] Level 1:colcon.colcon_core.package_identification:_identify(src) by extension 'colcon_pkg'
[0.878s] Level 1:colcon.colcon_core.package_identification:_identify(src) by extensions ['colcon_meta']
[0.878s] Level 1:colcon.colcon_core.package_identification:_identify(src) by extension 'colcon_meta'
[0.878s] Level 1:colcon.colcon_core.package_identification:_identify(src) by extensions ['ros']
[0.878s] Level 1:colcon.colcon_core.package_identification:_identify(src) by extension 'ros'
[0.878s] Level 1:colcon.colcon_core.package_identification:_identify(src) by extensions ['cmake', 'python']
[0.878s] Level 1:colcon.colcon_core.package_identification:_identify(src) by extension 'cmake'
[0.878s] Level 1:colcon.colcon_core.package_identification:_identify(src) by extension 'python'
[0.879s] Level 1:colcon.colcon_core.package_identification:_identify(src) by extensions ['python_setup_py']
[0.879s] Level 1:colcon.colcon_core.package_identification:_identify(src) by extension 'python_setup_py'
[0.879s] Level 1:colcon.colcon_core.package_identification:_identify(src/my_cpp_pkg) by extensions ['ignore', 'ignore_ament_install']
[0.879s] Level 1:colcon.colcon_core.package_identification:_identify(src/my_cpp_pkg) by extension 'ignore'
[0.879s] Level 1:colcon.colcon_core.package_identification:_identify(src/my_cpp_pkg) by extension 'ignore_ament_install'
[0.879s] Level 1:colcon.colcon_core.package_identification:_identify(src/my_cpp_pkg) by extensions ['colcon_pkg']
[0.879s] Level 1:colcon.colcon_core.package_identification:_identify(src/my_cpp_pkg) by extension 'colcon_pkg'
[0.879s] Level 1:colcon.colcon_core.package_identification:_identify(src/my_cpp_pkg) by extensions ['colcon_meta']
[0.879s] Level 1:colcon.colcon_core.package_identification:_identify(src/my_cpp_pkg) by extension 'colcon_meta'
[0.879s] Level 1:colcon.colcon_core.package_identification:_identify(src/my_cpp_pkg) by extensions ['ros']
[0.879s] Level 1:colcon.colcon_core.package_identification:_identify(src/my_cpp_pkg) by extension 'ros'
[0.881s] DEBUG:colcon.colcon_core.package_identification:Package 'src/my_cpp_pkg' with type 'ros.ament_cmake' and name 'my_cpp_pkg'
[0.881s] Level 1:colcon.colcon_core.package_identification:_identify(src/my_py_pkg) by extensions ['ignore', 'ignore_ament_install']
[0.881s] Level 1:colcon.colcon_core.package_identification:_identify(src/my_py_pkg) by extension 'ignore'
[0.881s] Level 1:colcon.colcon_core.package_identification:_identify(src/my_py_pkg) by extension 'ignore_ament_install'
[0.881s] Level 1:colcon.colcon_core.package_identification:_identify(src/my_py_pkg) by extensions ['colcon_pkg']
[0.881s] Level 1:colcon.colcon_core.package_identification:_identify(src/my_py_pkg) by extension 'colcon_pkg'
[0.881s] Level 1:colcon.colcon_core.package_identification:_identify(src/my_py_pkg) by extensions ['colcon_meta']
[0.881s] Level 1:colcon.colcon_core.package_identification:_identify(src/my_py_pkg) by extension 'colcon_meta'
[0.881s] Level 1:colcon.colcon_core.package_identification:_identify(src/my_py_pkg) by extensions ['ros']
[0.881s] Level 1:colcon.colcon_core.package_identification:_identify(src/my_py_pkg) by extension 'ros'
[0.882s] DEBUG:colcon.colcon_core.package_identification:Package 'src/my_py_pkg' with type 'ros.ament_python' and name 'my_py_pkg'
[0.882s] Level 1:colcon.colcon_core.package_discovery:discover_packages(recursive) using defaults
[0.882s] Level 1:colcon.colcon_core.package_discovery:discover_packages(ignore) discover
[0.882s] Level 1:colcon.colcon_core.package_discovery:discover_packages(ignore) using defaults
[0.882s] Level 1:colcon.colcon_core.package_discovery:discover_packages(path) discover
[0.882s] Level 1:colcon.colcon_core.package_discovery:discover_packages(path) using defaults
[0.934s] INFO:colcon.colcon_core.package_selection:Skipping not selected package 'my_py_pkg' in 'src/my_py_pkg'
[0.958s] Level 1:colcon.colcon_core.package_discovery:discover_packages(prefix_path) check parameters
[0.958s] Level 1:colcon.colcon_core.package_discovery:discover_packages(prefix_path) discover
[0.982s] DEBUG:colcon.colcon_installed_package_information.package_discovery:Found 2 installed packages in /home/jt/ros2_ws/install
[0.995s] DEBUG:colcon.colcon_installed_package_information.package_discovery:Found 270 installed packages in /opt/ros/humble
[0.996s] Level 1:colcon.colcon_core.package_discovery:discover_packages(prefix_path) using defaults
[1.076s] Level 5:colcon.colcon_core.verb:set package 'my_cpp_pkg' build argument 'cmake_args' from command line to 'None'
[1.076s] Level 5:colcon.colcon_core.verb:set package 'my_cpp_pkg' build argument 'cmake_target' from command line to 'None'
[1.076s] Level 5:colcon.colcon_core.verb:set package 'my_cpp_pkg' build argument 'cmake_target_skip_unavailable' from command line to 'False'
[1.076s] Level 5:colcon.colcon_core.verb:set package 'my_cpp_pkg' build argument 'cmake_clean_cache' from command line to 'False'
[1.076s] Level 5:colcon.colcon_core.verb:set package 'my_cpp_pkg' build argument 'cmake_clean_first' from command line to 'False'
[1.076s] Level 5:colcon.colcon_core.verb:set package 'my_cpp_pkg' build argument 'cmake_force_configure' from command line to 'False'
[1.076s] Level 5:colcon.colcon_core.verb:set package 'my_cpp_pkg' build argument 'ament_cmake_args' from command line to 'None'
[1.076s] Level 5:colcon.colcon_core.verb:set package 'my_cpp_pkg' build argument 'catkin_cmake_args' from command line to 'None'
[1.076s] Level 5:colcon.colcon_core.verb:set package 'my_cpp_pkg' build argument 'catkin_skip_building_tests' from command line to 'False'
[1.076s] DEBUG:colcon.colcon_core.verb:Building package 'my_cpp_pkg' with the following arguments: {'ament_cmake_args': None, 'build_base': '/home/jt/ros2_ws/build/my_cpp_pkg', 'catkin_cmake_args': None, 'catkin_skip_building_tests': False, 'cmake_args': None, 'cmake_clean_cache': False, 'cmake_clean_first': False, 'cmake_force_configure': False, 'cmake_target': None, 'cmake_target_skip_unavailable': False, 'install_base': '/home/jt/ros2_ws/install/my_cpp_pkg', 'merge_install': False, 'path': '/home/jt/ros2_ws/src/my_cpp_pkg', 'symlink_install': False, 'test_result_base': None}
[1.088s] INFO:colcon.colcon_core.executor:Executing jobs using 'parallel' executor
[1.101s] DEBUG:colcon.colcon_parallel_executor.executor.parallel:run_until_complete
[1.101s] INFO:colcon.colcon_ros.task.ament_cmake.build:Building ROS package in '/home/jt/ros2_ws/src/my_cpp_pkg' with build type 'ament_cmake'
[1.101s] INFO:colcon.colcon_cmake.task.cmake.build:Building CMake package in '/home/jt/ros2_ws/src/my_cpp_pkg'
[1.115s] INFO:colcon.colcon_core.plugin_system:Skipping extension 'colcon_core.shell.bat': Not used on non-Windows systems
[1.116s] INFO:colcon.colcon_core.shell:Skip shell extension 'powershell' for command environment: Not usable outside of PowerShell
[1.116s] DEBUG:colcon.colcon_core.shell:Skip shell extension 'dsv' for command environment
[1.162s] DEBUG:colcon.colcon_core.event_handler.log_command:Invoking command in '/home/jt/ros2_ws/build/my_cpp_pkg': CMAKE_PREFIX_PATH=/home/jt/ros2_ws/install/my_py_pkg:/opt/ros/humble /usr/bin/cmake --build /home/jt/ros2_ws/build/my_cpp_pkg -- -j12 -l12
[3.774s] DEBUG:colcon.colcon_core.event_handler.log_command:Invoked command in '/home/jt/ros2_ws/build/my_cpp_pkg' returned '0': CMAKE_PREFIX_PATH=/home/jt/ros2_ws/install/my_py_pkg:/opt/ros/humble /usr/bin/cmake --build /home/jt/ros2_ws/build/my_cpp_pkg -- -j12 -l12
[3.804s] DEBUG:colcon.colcon_core.event_handler.log_command:Invoking command in '/home/jt/ros2_ws/build/my_cpp_pkg': CMAKE_PREFIX_PATH=/home/jt/ros2_ws/install/my_py_pkg:/opt/ros/humble /usr/bin/cmake --install /home/jt/ros2_ws/build/my_cpp_pkg
[3.813s] Level 1:colcon.colcon_core.environment:create_environment_scripts_only(my_cpp_pkg)
[3.813s] DEBUG:colcon.colcon_core.event_handler.log_command:Invoked command in '/home/jt/ros2_ws/build/my_cpp_pkg' returned '0': CMAKE_PREFIX_PATH=/home/jt/ros2_ws/install/my_py_pkg:/opt/ros/humble /usr/bin/cmake --install /home/jt/ros2_ws/build/my_cpp_pkg
[3.829s] Level 1:colcon.colcon_core.environment:checking '/home/jt/ros2_ws/install/my_cpp_pkg' for CMake module files
[3.830s] Level 1:colcon.colcon_core.environment:checking '/home/jt/ros2_ws/install/my_cpp_pkg' for CMake config files
[3.830s] Level 1:colcon.colcon_core.shell:create_environment_hook('my_cpp_pkg', 'cmake_prefix_path')
[3.844s] INFO:colcon.colcon_core.shell:Creating environment hook '/home/jt/ros2_ws/install/my_cpp_pkg/share/my_cpp_pkg/hook/cmake_prefix_path.ps1'
[3.845s] INFO:colcon.colcon_core.shell:Creating environment descriptor '/home/jt/ros2_ws/install/my_cpp_pkg/share/my_cpp_pkg/hook/cmake_prefix_path.dsv'
[3.846s] INFO:colcon.colcon_core.shell:Creating environment hook '/home/jt/ros2_ws/install/my_cpp_pkg/share/my_cpp_pkg/hook/cmake_prefix_path.sh'
[3.846s] Level 1:colcon.colcon_core.environment:checking '/home/jt/ros2_ws/install/my_cpp_pkg/lib'
[3.847s] Level 1:colcon.colcon_core.environment:checking '/home/jt/ros2_ws/install/my_cpp_pkg/bin'
[3.847s] Level 1:colcon.colcon_core.environment:checking '/home/jt/ros2_ws/install/my_cpp_pkg/lib/pkgconfig/my_cpp_pkg.pc'
[3.847s] Level 1:colcon.colcon_core.environment:checking '/home/jt/ros2_ws/install/my_cpp_pkg/lib/python3.10/site-packages'
[3.847s] Level 1:colcon.colcon_core.environment:checking '/home/jt/ros2_ws/install/my_cpp_pkg/bin'
[3.859s] INFO:colcon.colcon_core.shell:Creating package script '/home/jt/ros2_ws/install/my_cpp_pkg/share/my_cpp_pkg/package.ps1'
[3.860s] INFO:colcon.colcon_core.shell:Creating package descriptor '/home/jt/ros2_ws/install/my_cpp_pkg/share/my_cpp_pkg/package.dsv'
[3.860s] INFO:colcon.colcon_core.shell:Creating package script '/home/jt/ros2_ws/install/my_cpp_pkg/share/my_cpp_pkg/package.sh'
[3.861s] INFO:colcon.colcon_core.shell:Creating package script '/home/jt/ros2_ws/install/my_cpp_pkg/share/my_cpp_pkg/package.bash'
[3.861s] INFO:colcon.colcon_core.shell:Creating package script '/home/jt/ros2_ws/install/my_cpp_pkg/share/my_cpp_pkg/package.zsh'
[3.862s] Level 1:colcon.colcon_core.environment:create_file_with_runtime_dependencies(/home/jt/ros2_ws/install/my_cpp_pkg/share/colcon-core/packages/my_cpp_pkg)
[3.896s] Level 1:colcon.colcon_core.environment:create_environment_scripts_only(my_cpp_pkg)
[3.908s] Level 1:colcon.colcon_core.environment:checking '/home/jt/ros2_ws/install/my_cpp_pkg' for CMake module files
[3.908s] Level 1:colcon.colcon_core.environment:checking '/home/jt/ros2_ws/install/my_cpp_pkg' for CMake config files
[3.908s] Level 1:colcon.colcon_core.shell:create_environment_hook('my_cpp_pkg', 'cmake_prefix_path')
[3.920s] INFO:colcon.colcon_core.shell:Creating environment hook '/home/jt/ros2_ws/install/my_cpp_pkg/share/my_cpp_pkg/hook/cmake_prefix_path.ps1'
[3.920s] INFO:colcon.colcon_core.shell:Creating environment descriptor '/home/jt/ros2_ws/install/my_cpp_pkg/share/my_cpp_pkg/hook/cmake_prefix_path.dsv'
[3.921s] INFO:colcon.colcon_core.shell:Creating environment hook '/home/jt/ros2_ws/install/my_cpp_pkg/share/my_cpp_pkg/hook/cmake_prefix_path.sh'
[3.921s] Level 1:colcon.colcon_core.environment:checking '/home/jt/ros2_ws/install/my_cpp_pkg/lib'
[3.921s] Level 1:colcon.colcon_core.environment:checking '/home/jt/ros2_ws/install/my_cpp_pkg/bin'
[3.921s] Level 1:colcon.colcon_core.environment:checking '/home/jt/ros2_ws/install/my_cpp_pkg/lib/pkgconfig/my_cpp_pkg.pc'
[3.921s] Level 1:colcon.colcon_core.environment:checking '/home/jt/ros2_ws/install/my_cpp_pkg/lib/python3.10/site-packages'
[3.922s] Level 1:colcon.colcon_core.environment:checking '/home/jt/ros2_ws/install/my_cpp_pkg/bin'
[3.935s] INFO:colcon.colcon_core.shell:Creating package script '/home/jt/ros2_ws/install/my_cpp_pkg/share/my_cpp_pkg/package.ps1'
[3.935s] INFO:colcon.colcon_core.shell:Creating package descriptor '/home/jt/ros2_ws/install/my_cpp_pkg/share/my_cpp_pkg/package.dsv'
[3.936s] INFO:colcon.colcon_core.shell:Creating package script '/home/jt/ros2_ws/install/my_cpp_pkg/share/my_cpp_pkg/package.sh'
[3.936s] INFO:colcon.colcon_core.shell:Creating package script '/home/jt/ros2_ws/install/my_cpp_pkg/share/my_cpp_pkg/package.bash'
[3.936s] INFO:colcon.colcon_core.shell:Creating package script '/home/jt/ros2_ws/install/my_cpp_pkg/share/my_cpp_pkg/package.zsh'
[3.937s] Level 1:colcon.colcon_core.environment:create_file_with_runtime_dependencies(/home/jt/ros2_ws/install/my_cpp_pkg/share/colcon-core/packages/my_cpp_pkg)
[3.937s] DEBUG:colcon.colcon_parallel_executor.executor.parallel:closing loop
[3.937s] DEBUG:colcon.colcon_parallel_executor.executor.parallel:loop closed
[3.937s] DEBUG:colcon.colcon_parallel_executor.executor.parallel:run_until_complete finished with '0'
[3.937s] DEBUG:colcon.colcon_core.event_reactor:joining thread
[3.954s] INFO:colcon.colcon_core.plugin_system:Skipping extension 'colcon_notification.desktop_notification.terminal_notifier': Not used on non-Darwin systems
[3.954s] INFO:colcon.colcon_core.plugin_system:Skipping extension 'colcon_notification.desktop_notification.win32': Not used on non-Windows systems
[3.954s] INFO:colcon.colcon_notification.desktop_notification:Sending desktop notification using 'notify2'
[3.963s] DEBUG:colcon.colcon_core.event_reactor:joined thread
[3.980s] INFO:colcon.colcon_core.shell:Creating prefix script '/home/jt/ros2_ws/install/local_setup.ps1'
[3.981s] INFO:colcon.colcon_core.shell:Creating prefix util module '/home/jt/ros2_ws/install/_local_setup_util_ps1.py'
[3.982s] INFO:colcon.colcon_core.shell:Creating prefix chain script '/home/jt/ros2_ws/install/setup.ps1'
[3.997s] INFO:colcon.colcon_core.shell:Creating prefix script '/home/jt/ros2_ws/install/local_setup.sh'
[3.998s] INFO:colcon.colcon_core.shell:Creating prefix util module '/home/jt/ros2_ws/install/_local_setup_util_sh.py'
[3.998s] INFO:colcon.colcon_core.shell:Creating prefix chain script '/home/jt/ros2_ws/install/setup.sh'
[4.011s] INFO:colcon.colcon_core.shell:Creating prefix script '/home/jt/ros2_ws/install/local_setup.bash'
[4.011s] INFO:colcon.colcon_core.shell:Creating prefix chain script '/home/jt/ros2_ws/install/setup.bash'
[4.023s] INFO:colcon.colcon_core.shell:Creating prefix script '/home/jt/ros2_ws/install/local_setup.zsh'
[4.024s] INFO:colcon.colcon_core.shell:Creating prefix chain script '/home/jt/ros2_ws/install/setup.zsh'
