[0.068s] Invoking command in '/home/jt/ros2_ws/build/my_robot_bringup': AMENT_PREFIX_PATH=/home/jt/ros2_ws/install/turtlesim_catch_them_all:/home/jt/ros2_ws/install/my_py_pkg:/home/jt/ros2_ws/install/my_robot_bringup:/home/jt/ros2_ws/install/my_cpp_pkg:/home/jt/ros2_ws/install/my_robot_interfaces:/home/jt/ros2_ws/install/my_robot_description:/opt/ros/humble CMAKE_PREFIX_PATH=/home/jt/ros2_ws/install/my_cpp_pkg:/home/jt/ros2_ws/install/my_robot_interfaces:/home/jt/ros2_ws/install/my_robot_description:/home/jt/ros2_ws/install/my_robot_bringup:/home/jt/ros2_ws/install/turtlesim_catch_them_all:/home/jt/ros2_ws/install/my_py_pkg:/opt/ros/humble LD_LIBRARY_PATH=/home/jt/ros2_ws/install/my_robot_interfaces/lib:/usr/lib/x86_64-linux-gnu/gazebo-11/plugins:/opt/ros/humble/opt/rviz_ogre_vendor/lib:/opt/ros/humble/lib/x86_64-linux-gnu:/opt/ros/humble/lib:/usr/share/gazebo/../../lib/x86_64-linux-gnu/gazebo-11/plugins:/usr/share/gazebo/../../lib/x86_64-linux-gnu/gazebo-11/plugins:/usr/share/gazebo/../../lib/x86_64-linux-gnu/gazebo-11/plugins:/usr/share/gazebo/../../lib/x86_64-linux-gnu/gazebo-11/plugins:/usr/share/gazebo/../../lib/x86_64-linux-gnu/gazebo-11/plugins:/usr/share/gazebo/../../lib/x86_64-linux-gnu/gazebo-11/plugins /usr/bin/cmake --build /home/jt/ros2_ws/build/my_robot_bringup -- -j12 -l12
[0.101s] Invoked command in '/home/jt/ros2_ws/build/my_robot_bringup' returned '0': AMENT_PREFIX_PATH=/home/jt/ros2_ws/install/turtlesim_catch_them_all:/home/jt/ros2_ws/install/my_py_pkg:/home/jt/ros2_ws/install/my_robot_bringup:/home/jt/ros2_ws/install/my_cpp_pkg:/home/jt/ros2_ws/install/my_robot_interfaces:/home/jt/ros2_ws/install/my_robot_description:/opt/ros/humble CMAKE_PREFIX_PATH=/home/jt/ros2_ws/install/my_cpp_pkg:/home/jt/ros2_ws/install/my_robot_interfaces:/home/jt/ros2_ws/install/my_robot_description:/home/jt/ros2_ws/install/my_robot_bringup:/home/jt/ros2_ws/install/turtlesim_catch_them_all:/home/jt/ros2_ws/install/my_py_pkg:/opt/ros/humble LD_LIBRARY_PATH=/home/jt/ros2_ws/install/my_robot_interfaces/lib:/usr/lib/x86_64-linux-gnu/gazebo-11/plugins:/opt/ros/humble/opt/rviz_ogre_vendor/lib:/opt/ros/humble/lib/x86_64-linux-gnu:/opt/ros/humble/lib:/usr/share/gazebo/../../lib/x86_64-linux-gnu/gazebo-11/plugins:/usr/share/gazebo/../../lib/x86_64-linux-gnu/gazebo-11/plugins:/usr/share/gazebo/../../lib/x86_64-linux-gnu/gazebo-11/plugins:/usr/share/gazebo/../../lib/x86_64-linux-gnu/gazebo-11/plugins:/usr/share/gazebo/../../lib/x86_64-linux-gnu/gazebo-11/plugins:/usr/share/gazebo/../../lib/x86_64-linux-gnu/gazebo-11/plugins /usr/bin/cmake --build /home/jt/ros2_ws/build/my_robot_bringup -- -j12 -l12
[0.134s] Invoking command in '/home/jt/ros2_ws/build/my_robot_bringup': AMENT_PREFIX_PATH=/home/jt/ros2_ws/install/turtlesim_catch_them_all:/home/jt/ros2_ws/install/my_py_pkg:/home/jt/ros2_ws/install/my_robot_bringup:/home/jt/ros2_ws/install/my_cpp_pkg:/home/jt/ros2_ws/install/my_robot_interfaces:/home/jt/ros2_ws/install/my_robot_description:/opt/ros/humble CMAKE_PREFIX_PATH=/home/jt/ros2_ws/install/my_cpp_pkg:/home/jt/ros2_ws/install/my_robot_interfaces:/home/jt/ros2_ws/install/my_robot_description:/home/jt/ros2_ws/install/my_robot_bringup:/home/jt/ros2_ws/install/turtlesim_catch_them_all:/home/jt/ros2_ws/install/my_py_pkg:/opt/ros/humble LD_LIBRARY_PATH=/home/jt/ros2_ws/install/my_robot_interfaces/lib:/usr/lib/x86_64-linux-gnu/gazebo-11/plugins:/opt/ros/humble/opt/rviz_ogre_vendor/lib:/opt/ros/humble/lib/x86_64-linux-gnu:/opt/ros/humble/lib:/usr/share/gazebo/../../lib/x86_64-linux-gnu/gazebo-11/plugins:/usr/share/gazebo/../../lib/x86_64-linux-gnu/gazebo-11/plugins:/usr/share/gazebo/../../lib/x86_64-linux-gnu/gazebo-11/plugins:/usr/share/gazebo/../../lib/x86_64-linux-gnu/gazebo-11/plugins:/usr/share/gazebo/../../lib/x86_64-linux-gnu/gazebo-11/plugins:/usr/share/gazebo/../../lib/x86_64-linux-gnu/gazebo-11/plugins /usr/bin/cmake --install /home/jt/ros2_ws/build/my_robot_bringup
[0.141s] -- Install configuration: ""
[0.141s] -- Execute custom install script
[0.141s] [33mCMake Warning (dev) at ament_cmake_symlink_install/ament_cmake_symlink_install.cmake:62 (file):
[0.141s]   Policy CMP0009 is not set: FILE GLOB_RECURSE calls should not follow
[0.142s]   symlinks by default.  Run "cmake --help-policy CMP0009" for policy details.
[0.142s]   Use the cmake_policy command to set the policy and suppress this warning.
[0.142s] Call Stack (most recent call first):
[0.142s]   ament_cmake_symlink_install/ament_cmake_symlink_install.cmake:314 (ament_cmake_symlink_install_directory)
[0.142s]   cmake_install.cmake:46 (include)
[0.142s] This warning is for project developers.  Use -Wno-dev to suppress it.
[0.142s] [0m
[0.142s] -- Up-to-date symlink: /home/jt/ros2_ws/install/my_robot_bringup/share/my_robot_bringup//launch/log/COLCON_IGNORE
[0.142s] -- Up-to-date symlink: /home/jt/ros2_ws/install/my_robot_bringup/share/my_robot_bringup//launch/log/build_2024-03-12_07-09-02/events.log
[0.142s] -- Up-to-date symlink: /home/jt/ros2_ws/install/my_robot_bringup/share/my_robot_bringup//launch/log/build_2024-03-12_07-09-02/logger_all.log
[0.142s] -- Up-to-date symlink: /home/jt/ros2_ws/install/my_robot_bringup/share/my_robot_bringup//launch/log/latest/events.log
[0.143s] -- Up-to-date symlink: /home/jt/ros2_ws/install/my_robot_bringup/share/my_robot_bringup//launch/log/latest/logger_all.log
[0.143s] -- Up-to-date symlink: /home/jt/ros2_ws/install/my_robot_bringup/share/my_robot_bringup//launch/log/latest_build/events.log
[0.143s] -- Up-to-date symlink: /home/jt/ros2_ws/install/my_robot_bringup/share/my_robot_bringup//launch/log/latest_build/logger_all.log
[0.143s] -- Up-to-date symlink: /home/jt/ros2_ws/install/my_robot_bringup/share/my_robot_bringup//launch/my_robot_gazebo.launch.xml
[0.143s] -- Up-to-date symlink: /home/jt/ros2_ws/install/my_robot_bringup/share/my_robot_bringup//launch/news_app.launch.py
[0.143s] -- Up-to-date symlink: /home/jt/ros2_ws/install/my_robot_bringup/share/my_robot_bringup//launch/number_app.launch.py
[0.143s] -- Up-to-date symlink: /home/jt/ros2_ws/install/my_robot_bringup/share/my_robot_bringup//launch/turtle_catch.launch.py
[0.143s] -- Up-to-date symlink: /home/jt/ros2_ws/install/my_robot_bringup/share/my_robot_bringup//rviz/urdf_config.rviz
[0.143s] -- Up-to-date symlink: /home/jt/ros2_ws/install/my_robot_bringup/share/my_robot_bringup//worlds/my_world.world.xml
[0.143s] -- Up-to-date symlink: /home/jt/ros2_ws/install/my_robot_bringup/share/ament_index/resource_index/package_run_dependencies/my_robot_bringup
[0.143s] -- Up-to-date symlink: /home/jt/ros2_ws/install/my_robot_bringup/share/ament_index/resource_index/parent_prefix_path/my_robot_bringup
[0.143s] -- Up-to-date symlink: /home/jt/ros2_ws/install/my_robot_bringup/share/my_robot_bringup/environment/ament_prefix_path.sh
[0.144s] -- Up-to-date symlink: /home/jt/ros2_ws/install/my_robot_bringup/share/my_robot_bringup/environment/ament_prefix_path.dsv
[0.144s] -- Up-to-date symlink: /home/jt/ros2_ws/install/my_robot_bringup/share/my_robot_bringup/environment/path.sh
[0.144s] -- Up-to-date symlink: /home/jt/ros2_ws/install/my_robot_bringup/share/my_robot_bringup/environment/path.dsv
[0.144s] -- Up-to-date symlink: /home/jt/ros2_ws/install/my_robot_bringup/share/my_robot_bringup/local_setup.bash
[0.144s] -- Up-to-date symlink: /home/jt/ros2_ws/install/my_robot_bringup/share/my_robot_bringup/local_setup.sh
[0.144s] -- Up-to-date symlink: /home/jt/ros2_ws/install/my_robot_bringup/share/my_robot_bringup/local_setup.zsh
[0.144s] -- Up-to-date symlink: /home/jt/ros2_ws/install/my_robot_bringup/share/my_robot_bringup/local_setup.dsv
[0.144s] -- Symlinking: /home/jt/ros2_ws/install/my_robot_bringup/share/my_robot_bringup/package.dsv
[0.152s] -- Up-to-date symlink: /home/jt/ros2_ws/install/my_robot_bringup/share/ament_index/resource_index/packages/my_robot_bringup
[0.152s] -- Up-to-date symlink: /home/jt/ros2_ws/install/my_robot_bringup/share/my_robot_bringup/cmake/my_robot_bringupConfig.cmake
[0.153s] -- Up-to-date symlink: /home/jt/ros2_ws/install/my_robot_bringup/share/my_robot_bringup/cmake/my_robot_bringupConfig-version.cmake
[0.153s] -- Up-to-date symlink: /home/jt/ros2_ws/install/my_robot_bringup/share/my_robot_bringup/package.xml
[0.155s] Invoked command in '/home/jt/ros2_ws/build/my_robot_bringup' returned '0': AMENT_PREFIX_PATH=/home/jt/ros2_ws/install/turtlesim_catch_them_all:/home/jt/ros2_ws/install/my_py_pkg:/home/jt/ros2_ws/install/my_robot_bringup:/home/jt/ros2_ws/install/my_cpp_pkg:/home/jt/ros2_ws/install/my_robot_interfaces:/home/jt/ros2_ws/install/my_robot_description:/opt/ros/humble CMAKE_PREFIX_PATH=/home/jt/ros2_ws/install/my_cpp_pkg:/home/jt/ros2_ws/install/my_robot_interfaces:/home/jt/ros2_ws/install/my_robot_description:/home/jt/ros2_ws/install/my_robot_bringup:/home/jt/ros2_ws/install/turtlesim_catch_them_all:/home/jt/ros2_ws/install/my_py_pkg:/opt/ros/humble LD_LIBRARY_PATH=/home/jt/ros2_ws/install/my_robot_interfaces/lib:/usr/lib/x86_64-linux-gnu/gazebo-11/plugins:/opt/ros/humble/opt/rviz_ogre_vendor/lib:/opt/ros/humble/lib/x86_64-linux-gnu:/opt/ros/humble/lib:/usr/share/gazebo/../../lib/x86_64-linux-gnu/gazebo-11/plugins:/usr/share/gazebo/../../lib/x86_64-linux-gnu/gazebo-11/plugins:/usr/share/gazebo/../../lib/x86_64-linux-gnu/gazebo-11/plugins:/usr/share/gazebo/../../lib/x86_64-linux-gnu/gazebo-11/plugins:/usr/share/gazebo/../../lib/x86_64-linux-gnu/gazebo-11/plugins:/usr/share/gazebo/../../lib/x86_64-linux-gnu/gazebo-11/plugins /usr/bin/cmake --install /home/jt/ros2_ws/build/my_robot_bringup
