[0.656s] Invoking command in '/home/jt/ros2_ws/build/my_py_pkg': AMENT_PREFIX_PATH=/home/jt/ros2_ws/install/my_robot_interfaces:${AMENT_PREFIX_PATH} CMAKE_PREFIX_PATH=/home/jt/ros2_ws/install/my_robot_interfaces LD_LIBRARY_PATH=/home/jt/ros2_ws/install/my_robot_interfaces/lib:${LD_LIBRARY_PATH} PYTHONPATH=/home/jt/ros2_ws/build/my_py_pkg/prefix_override:/home/jt/ros2_ws/install/my_py_pkg/lib/python3.10/site-packages:/home/jt/ros2_ws/install/my_robot_interfaces/local/lib/python3.10/dist-packages:${PYTHONPATH} /usr/bin/python3 setup.py develop --editable --build-directory /home/jt/ros2_ws/build/my_py_pkg/build --no-deps install_data
[0.894s] running develop
[1.030s] running egg_info
[1.030s] writing my_py_pkg.egg-info/PKG-INFO
[1.031s] writing dependency_links to my_py_pkg.egg-info/dependency_links.txt
[1.031s] writing entry points to my_py_pkg.egg-info/entry_points.txt
[1.031s] writing requirements to my_py_pkg.egg-info/requires.txt
[1.031s] writing top-level names to my_py_pkg.egg-info/top_level.txt
[1.032s] reading manifest file 'my_py_pkg.egg-info/SOURCES.txt'
[1.033s] writing manifest file 'my_py_pkg.egg-info/SOURCES.txt'
[1.034s] running build_ext
[1.035s] Creating /home/jt/ros2_ws/install/my_py_pkg/lib/python3.10/site-packages/my-py-pkg.egg-link (link to .)
[1.035s] Installing add_two_ints_client script to /home/jt/ros2_ws/install/my_py_pkg/lib/my_py_pkg
[1.036s] Installing add_two_ints_client_no_oop script to /home/jt/ros2_ws/install/my_py_pkg/lib/my_py_pkg
[1.036s] Installing add_two_ints_server script to /home/jt/ros2_ws/install/my_py_pkg/lib/my_py_pkg
[1.036s] Installing hw_status_publisher script to /home/jt/ros2_ws/install/my_py_pkg/lib/my_py_pkg
[1.036s] Installing number_counter script to /home/jt/ros2_ws/install/my_py_pkg/lib/my_py_pkg
[1.036s] Installing number_publisher script to /home/jt/ros2_ws/install/my_py_pkg/lib/my_py_pkg
[1.036s] Installing py_node script to /home/jt/ros2_ws/install/my_py_pkg/lib/my_py_pkg
[1.036s] Installing robot_news_station script to /home/jt/ros2_ws/install/my_py_pkg/lib/my_py_pkg
[1.036s] Installing smartphone script to /home/jt/ros2_ws/install/my_py_pkg/lib/my_py_pkg
[1.036s] 
[1.036s] Installed /home/jt/ros2_ws/build/my_py_pkg
[1.036s] running install_data
[1.037s] copying package.xml -> /home/jt/ros2_ws/install/my_py_pkg/share/my_py_pkg
[1.061s] Invoked command in '/home/jt/ros2_ws/build/my_py_pkg' returned '0': AMENT_PREFIX_PATH=/home/jt/ros2_ws/install/my_robot_interfaces:${AMENT_PREFIX_PATH} CMAKE_PREFIX_PATH=/home/jt/ros2_ws/install/my_robot_interfaces LD_LIBRARY_PATH=/home/jt/ros2_ws/install/my_robot_interfaces/lib:${LD_LIBRARY_PATH} PYTHONPATH=/home/jt/ros2_ws/build/my_py_pkg/prefix_override:/home/jt/ros2_ws/install/my_py_pkg/lib/python3.10/site-packages:/home/jt/ros2_ws/install/my_robot_interfaces/local/lib/python3.10/dist-packages:${PYTHONPATH} /usr/bin/python3 setup.py develop --editable --build-directory /home/jt/ros2_ws/build/my_py_pkg/build --no-deps install_data
