[0.059s] Invoking command in '/home/jt/ros2_ws/build/my_cpp_pkg': CMAKE_PREFIX_PATH=/home/jt/ros2_ws/install/my_py_pkg:/opt/ros/humble /usr/bin/cmake --build /home/jt/ros2_ws/build/my_cpp_pkg -- -j12 -l12
[0.098s] [35m[1mConsolidate compiler generated dependencies of target add_two_ints_server[0m
[0.108s] [ 50%] Built target cpp_node
[0.108s] [ 50%] Built target smartphone
[0.108s] [ 50%] Built target robot_news_station
[0.108s] [ 66%] Built target number_counter
[0.109s] [ 83%] Built target number_publisher
[0.116s] [ 91%] [32mBuilding CXX object CMakeFiles/add_two_ints_server.dir/src/add_two_ints_server.cpp.o[0m
[3.152s] [100%] [32m[1mLinking CXX executable add_two_ints_server[0m
[3.305s] [100%] Built target add_two_ints_server
[3.315s] Invoked command in '/home/jt/ros2_ws/build/my_cpp_pkg' returned '0': CMAKE_PREFIX_PATH=/home/jt/ros2_ws/install/my_py_pkg:/opt/ros/humble /usr/bin/cmake --build /home/jt/ros2_ws/build/my_cpp_pkg -- -j12 -l12
[3.361s] Invoking command in '/home/jt/ros2_ws/build/my_cpp_pkg': CMAKE_PREFIX_PATH=/home/jt/ros2_ws/install/my_py_pkg:/opt/ros/humble /usr/bin/cmake --install /home/jt/ros2_ws/build/my_cpp_pkg
[3.367s] -- Install configuration: ""
[3.367s] -- Up-to-date: /home/jt/ros2_ws/install/my_cpp_pkg/lib/my_cpp_pkg/cpp_node
[3.367s] -- Up-to-date: /home/jt/ros2_ws/install/my_cpp_pkg/lib/my_cpp_pkg/robot_news_station
[3.368s] -- Up-to-date: /home/jt/ros2_ws/install/my_cpp_pkg/lib/my_cpp_pkg/smartphone
[3.368s] -- Up-to-date: /home/jt/ros2_ws/install/my_cpp_pkg/lib/my_cpp_pkg/number_publisher
[3.368s] -- Up-to-date: /home/jt/ros2_ws/install/my_cpp_pkg/lib/my_cpp_pkg/number_counter
[3.369s] -- Installing: /home/jt/ros2_ws/install/my_cpp_pkg/lib/my_cpp_pkg/add_two_ints_server
[3.370s] -- Set runtime path of "/home/jt/ros2_ws/install/my_cpp_pkg/lib/my_cpp_pkg/add_two_ints_server" to ""
[3.370s] -- Up-to-date: /home/jt/ros2_ws/install/my_cpp_pkg/share/ament_index/resource_index/package_run_dependencies/my_cpp_pkg
[3.370s] -- Up-to-date: /home/jt/ros2_ws/install/my_cpp_pkg/share/ament_index/resource_index/parent_prefix_path/my_cpp_pkg
[3.370s] -- Up-to-date: /home/jt/ros2_ws/install/my_cpp_pkg/share/my_cpp_pkg/environment/ament_prefix_path.sh
[3.370s] -- Up-to-date: /home/jt/ros2_ws/install/my_cpp_pkg/share/my_cpp_pkg/environment/ament_prefix_path.dsv
[3.370s] -- Up-to-date: /home/jt/ros2_ws/install/my_cpp_pkg/share/my_cpp_pkg/environment/path.sh
[3.370s] -- Up-to-date: /home/jt/ros2_ws/install/my_cpp_pkg/share/my_cpp_pkg/environment/path.dsv
[3.371s] -- Up-to-date: /home/jt/ros2_ws/install/my_cpp_pkg/share/my_cpp_pkg/local_setup.bash
[3.371s] -- Up-to-date: /home/jt/ros2_ws/install/my_cpp_pkg/share/my_cpp_pkg/local_setup.sh
[3.371s] -- Up-to-date: /home/jt/ros2_ws/install/my_cpp_pkg/share/my_cpp_pkg/local_setup.zsh
[3.371s] -- Up-to-date: /home/jt/ros2_ws/install/my_cpp_pkg/share/my_cpp_pkg/local_setup.dsv
[3.371s] -- Installing: /home/jt/ros2_ws/install/my_cpp_pkg/share/my_cpp_pkg/package.dsv
[3.371s] -- Up-to-date: /home/jt/ros2_ws/install/my_cpp_pkg/share/ament_index/resource_index/packages/my_cpp_pkg
[3.371s] -- Up-to-date: /home/jt/ros2_ws/install/my_cpp_pkg/share/my_cpp_pkg/cmake/my_cpp_pkgConfig.cmake
[3.371s] -- Up-to-date: /home/jt/ros2_ws/install/my_cpp_pkg/share/my_cpp_pkg/cmake/my_cpp_pkgConfig-version.cmake
[3.371s] -- Up-to-date: /home/jt/ros2_ws/install/my_cpp_pkg/share/my_cpp_pkg/package.xml
[3.372s] Invoked command in '/home/jt/ros2_ws/build/my_cpp_pkg' returned '0': CMAKE_PREFIX_PATH=/home/jt/ros2_ws/install/my_py_pkg:/opt/ros/humble /usr/bin/cmake --install /home/jt/ros2_ws/build/my_cpp_pkg
