[0.067s] Invoking command in '/home/jt/ros2_ws/build/my_robot_bringup': AMENT_PREFIX_PATH=/home/jt/ros2_ws/install/my_py_pkg:/home/jt/ros2_ws/install/my_robot_interfaces:/home/jt/ros2_ws/install/my_cpp_pkg:/opt/ros/humble CMAKE_PREFIX_PATH=/home/jt/ros2_ws/install/my_cpp_pkg:/home/jt/ros2_ws/install/my_robot_interfaces:/home/jt/ros2_ws/install/my_py_pkg:/opt/ros/humble PYTHONPATH=/home/jt/ros2_ws/build/my_py_pkg:/home/jt/ros2_ws/install/my_py_pkg/lib/python3.10/site-packages:/home/jt/ros2_ws/install/my_robot_interfaces/local/lib/python3.10/dist-packages:/opt/ros/humble/lib/python3.10/site-packages:/opt/ros/humble/local/lib/python3.10/dist-packages /usr/bin/cmake /home/jt/ros2_ws/src/my_robot_bringup -DAMENT_CMAKE_SYMLINK_INSTALL=1 -DCMAKE_INSTALL_PREFIX=/home/jt/ros2_ws/install/my_robot_bringup
[0.076s] -- Found ament_cmake: 1.3.7 (/opt/ros/humble/share/ament_cmake/cmake)
[0.202s] -- Override CMake install command with custom implementation using symlinks instead of copying resources
[0.268s] -- Configuring done
[0.270s] -- Generating done
[0.271s] -- Build files have been written to: /home/jt/ros2_ws/build/my_robot_bringup
[0.273s] Invoked command in '/home/jt/ros2_ws/build/my_robot_bringup' returned '0': AMENT_PREFIX_PATH=/home/jt/ros2_ws/install/my_py_pkg:/home/jt/ros2_ws/install/my_robot_interfaces:/home/jt/ros2_ws/install/my_cpp_pkg:/opt/ros/humble CMAKE_PREFIX_PATH=/home/jt/ros2_ws/install/my_cpp_pkg:/home/jt/ros2_ws/install/my_robot_interfaces:/home/jt/ros2_ws/install/my_py_pkg:/opt/ros/humble PYTHONPATH=/home/jt/ros2_ws/build/my_py_pkg:/home/jt/ros2_ws/install/my_py_pkg/lib/python3.10/site-packages:/home/jt/ros2_ws/install/my_robot_interfaces/local/lib/python3.10/dist-packages:/opt/ros/humble/lib/python3.10/site-packages:/opt/ros/humble/local/lib/python3.10/dist-packages /usr/bin/cmake /home/jt/ros2_ws/src/my_robot_bringup -DAMENT_CMAKE_SYMLINK_INSTALL=1 -DCMAKE_INSTALL_PREFIX=/home/jt/ros2_ws/install/my_robot_bringup
[0.275s] Invoking command in '/home/jt/ros2_ws/build/my_robot_bringup': AMENT_PREFIX_PATH=/home/jt/ros2_ws/install/my_py_pkg:/home/jt/ros2_ws/install/my_robot_interfaces:/home/jt/ros2_ws/install/my_cpp_pkg:/opt/ros/humble CMAKE_PREFIX_PATH=/home/jt/ros2_ws/install/my_cpp_pkg:/home/jt/ros2_ws/install/my_robot_interfaces:/home/jt/ros2_ws/install/my_py_pkg:/opt/ros/humble PYTHONPATH=/home/jt/ros2_ws/build/my_py_pkg:/home/jt/ros2_ws/install/my_py_pkg/lib/python3.10/site-packages:/home/jt/ros2_ws/install/my_robot_interfaces/local/lib/python3.10/dist-packages:/opt/ros/humble/lib/python3.10/site-packages:/opt/ros/humble/local/lib/python3.10/dist-packages /usr/bin/cmake --build /home/jt/ros2_ws/build/my_robot_bringup -- -j12 -l12
[0.308s] Invoked command in '/home/jt/ros2_ws/build/my_robot_bringup' returned '0': AMENT_PREFIX_PATH=/home/jt/ros2_ws/install/my_py_pkg:/home/jt/ros2_ws/install/my_robot_interfaces:/home/jt/ros2_ws/install/my_cpp_pkg:/opt/ros/humble CMAKE_PREFIX_PATH=/home/jt/ros2_ws/install/my_cpp_pkg:/home/jt/ros2_ws/install/my_robot_interfaces:/home/jt/ros2_ws/install/my_py_pkg:/opt/ros/humble PYTHONPATH=/home/jt/ros2_ws/build/my_py_pkg:/home/jt/ros2_ws/install/my_py_pkg/lib/python3.10/site-packages:/home/jt/ros2_ws/install/my_robot_interfaces/local/lib/python3.10/dist-packages:/opt/ros/humble/lib/python3.10/site-packages:/opt/ros/humble/local/lib/python3.10/dist-packages /usr/bin/cmake --build /home/jt/ros2_ws/build/my_robot_bringup -- -j12 -l12
[0.337s] Invoking command in '/home/jt/ros2_ws/build/my_robot_bringup': AMENT_PREFIX_PATH=/home/jt/ros2_ws/install/my_py_pkg:/home/jt/ros2_ws/install/my_robot_interfaces:/home/jt/ros2_ws/install/my_cpp_pkg:/opt/ros/humble CMAKE_PREFIX_PATH=/home/jt/ros2_ws/install/my_cpp_pkg:/home/jt/ros2_ws/install/my_robot_interfaces:/home/jt/ros2_ws/install/my_py_pkg:/opt/ros/humble PYTHONPATH=/home/jt/ros2_ws/build/my_py_pkg:/home/jt/ros2_ws/install/my_py_pkg/lib/python3.10/site-packages:/home/jt/ros2_ws/install/my_robot_interfaces/local/lib/python3.10/dist-packages:/opt/ros/humble/lib/python3.10/site-packages:/opt/ros/humble/local/lib/python3.10/dist-packages /usr/bin/cmake --install /home/jt/ros2_ws/build/my_robot_bringup
[0.344s] -- Install configuration: ""
[0.344s] -- Execute custom install script
[0.345s] [33mCMake Warning (dev) at ament_cmake_symlink_install/ament_cmake_symlink_install.cmake:62 (file):
[0.345s]   Policy CMP0009 is not set: FILE GLOB_RECURSE calls should not follow
[0.345s]   symlinks by default.  Run "cmake --help-policy CMP0009" for policy details.
[0.345s]   Use the cmake_policy command to set the policy and suppress this warning.
[0.346s] Call Stack (most recent call first):
[0.346s]   ament_cmake_symlink_install/ament_cmake_symlink_install.cmake:314 (ament_cmake_symlink_install_directory)
[0.346s]   cmake_install.cmake:46 (include)
[0.346s] This warning is for project developers.  Use -Wno-dev to suppress it.
[0.346s] [0m
[0.346s] -- Up-to-date symlink: /home/jt/ros2_ws/install/my_robot_bringup/share/my_robot_bringup/launch/build/.built_by
[0.346s] -- Up-to-date symlink: /home/jt/ros2_ws/install/my_robot_bringup/share/my_robot_bringup/launch/build/COLCON_IGNORE
[0.346s] -- Up-to-date symlink: /home/jt/ros2_ws/install/my_robot_bringup/share/my_robot_bringup/launch/install/.colcon_install_layout
[0.347s] -- Up-to-date symlink: /home/jt/ros2_ws/install/my_robot_bringup/share/my_robot_bringup/launch/install/COLCON_IGNORE
[0.347s] -- Up-to-date symlink: /home/jt/ros2_ws/install/my_robot_bringup/share/my_robot_bringup/launch/install/_local_setup_util_ps1.py
[0.347s] -- Up-to-date symlink: /home/jt/ros2_ws/install/my_robot_bringup/share/my_robot_bringup/launch/install/_local_setup_util_sh.py
[0.347s] -- Up-to-date symlink: /home/jt/ros2_ws/install/my_robot_bringup/share/my_robot_bringup/launch/install/local_setup.bash
[0.347s] -- Up-to-date symlink: /home/jt/ros2_ws/install/my_robot_bringup/share/my_robot_bringup/launch/install/local_setup.ps1
[0.347s] -- Up-to-date symlink: /home/jt/ros2_ws/install/my_robot_bringup/share/my_robot_bringup/launch/install/local_setup.sh
[0.347s] -- Up-to-date symlink: /home/jt/ros2_ws/install/my_robot_bringup/share/my_robot_bringup/launch/install/local_setup.zsh
[0.347s] -- Up-to-date symlink: /home/jt/ros2_ws/install/my_robot_bringup/share/my_robot_bringup/launch/install/setup.bash
[0.347s] -- Up-to-date symlink: /home/jt/ros2_ws/install/my_robot_bringup/share/my_robot_bringup/launch/install/setup.ps1
[0.347s] -- Up-to-date symlink: /home/jt/ros2_ws/install/my_robot_bringup/share/my_robot_bringup/launch/install/setup.sh
[0.348s] -- Up-to-date symlink: /home/jt/ros2_ws/install/my_robot_bringup/share/my_robot_bringup/launch/install/setup.zsh
[0.348s] -- Up-to-date symlink: /home/jt/ros2_ws/install/my_robot_bringup/share/my_robot_bringup/launch/log/COLCON_IGNORE
[0.348s] -- Up-to-date symlink: /home/jt/ros2_ws/install/my_robot_bringup/share/my_robot_bringup/launch/log/build_2024-03-12_07-09-02/events.log
[0.348s] -- Up-to-date symlink: /home/jt/ros2_ws/install/my_robot_bringup/share/my_robot_bringup/launch/log/build_2024-03-12_07-09-02/logger_all.log
[0.348s] -- Up-to-date symlink: /home/jt/ros2_ws/install/my_robot_bringup/share/my_robot_bringup/launch/log/latest/events.log
[0.348s] -- Up-to-date symlink: /home/jt/ros2_ws/install/my_robot_bringup/share/my_robot_bringup/launch/log/latest/logger_all.log
[0.348s] -- Up-to-date symlink: /home/jt/ros2_ws/install/my_robot_bringup/share/my_robot_bringup/launch/log/latest_build/events.log
[0.348s] -- Up-to-date symlink: /home/jt/ros2_ws/install/my_robot_bringup/share/my_robot_bringup/launch/log/latest_build/logger_all.log
[0.349s] -- Up-to-date symlink: /home/jt/ros2_ws/install/my_robot_bringup/share/my_robot_bringup/launch/news_app.launch.py
[0.349s] -- Up-to-date symlink: /home/jt/ros2_ws/install/my_robot_bringup/share/my_robot_bringup/launch/number_app.launch.py
[0.349s] -- Up-to-date symlink: /home/jt/ros2_ws/install/my_robot_bringup/share/ament_index/resource_index/package_run_dependencies/my_robot_bringup
[0.349s] -- Up-to-date symlink: /home/jt/ros2_ws/install/my_robot_bringup/share/ament_index/resource_index/parent_prefix_path/my_robot_bringup
[0.349s] -- Up-to-date symlink: /home/jt/ros2_ws/install/my_robot_bringup/share/my_robot_bringup/environment/ament_prefix_path.sh
[0.349s] -- Up-to-date symlink: /home/jt/ros2_ws/install/my_robot_bringup/share/my_robot_bringup/environment/ament_prefix_path.dsv
[0.349s] -- Up-to-date symlink: /home/jt/ros2_ws/install/my_robot_bringup/share/my_robot_bringup/environment/path.sh
[0.349s] -- Up-to-date symlink: /home/jt/ros2_ws/install/my_robot_bringup/share/my_robot_bringup/environment/path.dsv
[0.349s] -- Up-to-date symlink: /home/jt/ros2_ws/install/my_robot_bringup/share/my_robot_bringup/local_setup.bash
[0.349s] -- Up-to-date symlink: /home/jt/ros2_ws/install/my_robot_bringup/share/my_robot_bringup/local_setup.sh
[0.349s] -- Up-to-date symlink: /home/jt/ros2_ws/install/my_robot_bringup/share/my_robot_bringup/local_setup.zsh
[0.349s] -- Up-to-date symlink: /home/jt/ros2_ws/install/my_robot_bringup/share/my_robot_bringup/local_setup.dsv
[0.349s] -- Symlinking: /home/jt/ros2_ws/install/my_robot_bringup/share/my_robot_bringup/package.dsv
[0.358s] -- Up-to-date symlink: /home/jt/ros2_ws/install/my_robot_bringup/share/ament_index/resource_index/packages/my_robot_bringup
[0.358s] -- Up-to-date symlink: /home/jt/ros2_ws/install/my_robot_bringup/share/my_robot_bringup/cmake/my_robot_bringupConfig.cmake
[0.358s] -- Up-to-date symlink: /home/jt/ros2_ws/install/my_robot_bringup/share/my_robot_bringup/cmake/my_robot_bringupConfig-version.cmake
[0.358s] -- Up-to-date symlink: /home/jt/ros2_ws/install/my_robot_bringup/share/my_robot_bringup/package.xml
[0.360s] Invoked command in '/home/jt/ros2_ws/build/my_robot_bringup' returned '0': AMENT_PREFIX_PATH=/home/jt/ros2_ws/install/my_py_pkg:/home/jt/ros2_ws/install/my_robot_interfaces:/home/jt/ros2_ws/install/my_cpp_pkg:/opt/ros/humble CMAKE_PREFIX_PATH=/home/jt/ros2_ws/install/my_cpp_pkg:/home/jt/ros2_ws/install/my_robot_interfaces:/home/jt/ros2_ws/install/my_py_pkg:/opt/ros/humble PYTHONPATH=/home/jt/ros2_ws/build/my_py_pkg:/home/jt/ros2_ws/install/my_py_pkg/lib/python3.10/site-packages:/home/jt/ros2_ws/install/my_robot_interfaces/local/lib/python3.10/dist-packages:/opt/ros/humble/lib/python3.10/site-packages:/opt/ros/humble/local/lib/python3.10/dist-packages /usr/bin/cmake --install /home/jt/ros2_ws/build/my_robot_bringup
