[0.059s] Invoking command in '/home/jt/ros2_ws/build/my_robot_interfaces': CMAKE_PREFIX_PATH=/home/jt/ros2_ws/install/my_py_pkg:/opt/ros/humble /usr/bin/cmake --build /home/jt/ros2_ws/build/my_robot_interfaces -- -j12 -l12
[0.091s] [35m[1mConsolidate compiler generated dependencies of target my_robot_interfaces__rosidl_generator_c[0m
[0.100s] [  3%] Built target my_robot_interfaces__cpp
[0.101s] [ 12%] Built target my_robot_interfaces__rosidl_generator_c
[0.110s] [35m[1mConsolidate compiler generated dependencies of target my_robot_interfaces__rosidl_typesupport_introspection_cpp[0m
[0.110s] [35m[1mConsolidate compiler generated dependencies of target my_robot_interfaces__rosidl_typesupport_introspection_c[0m
[0.110s] [35m[1mConsolidate compiler generated dependencies of target my_robot_interfaces__rosidl_typesupport_cpp[0m
[0.110s] [35m[1mConsolidate compiler generated dependencies of target my_robot_interfaces__rosidl_typesupport_fastrtps_c[0m
[0.111s] [35m[1mConsolidate compiler generated dependencies of target my_robot_interfaces__rosidl_typesupport_c[0m
[0.111s] [ 12%] Built target ament_cmake_python_copy_my_robot_interfaces
[0.112s] [35m[1mConsolidate compiler generated dependencies of target my_robot_interfaces__rosidl_typesupport_fastrtps_cpp[0m
[0.122s] [ 22%] Built target my_robot_interfaces__rosidl_typesupport_introspection_c
[0.123s] [ 32%] Built target my_robot_interfaces__rosidl_typesupport_introspection_cpp
[0.123s] [ 51%] Built target my_robot_interfaces__rosidl_typesupport_cpp
[0.123s] [ 51%] Built target my_robot_interfaces__rosidl_typesupport_fastrtps_c
[0.124s] [ 61%] Built target my_robot_interfaces__rosidl_typesupport_c
[0.128s] [ 70%] Built target my_robot_interfaces__rosidl_typesupport_fastrtps_cpp
[0.148s] [ 70%] Built target my_robot_interfaces
[0.166s] [ 74%] Built target my_robot_interfaces__py
[0.175s] [35m[1mConsolidate compiler generated dependencies of target my_robot_interfaces__rosidl_generator_py[0m
[0.188s] [ 80%] Built target my_robot_interfaces__rosidl_generator_py
[0.197s] [35m[1mConsolidate compiler generated dependencies of target my_robot_interfaces__rosidl_typesupport_fastrtps_c__pyext[0m
[0.197s] [35m[1mConsolidate compiler generated dependencies of target my_robot_interfaces__rosidl_typesupport_introspection_c__pyext[0m
[0.197s] [35m[1mConsolidate compiler generated dependencies of target my_robot_interfaces__rosidl_typesupport_c__pyext[0m
[0.210s] [100%] Built target my_robot_interfaces__rosidl_typesupport_c__pyext
[0.210s] [100%] Built target my_robot_interfaces__rosidl_typesupport_fastrtps_c__pyext
[0.210s] [100%] Built target my_robot_interfaces__rosidl_typesupport_introspection_c__pyext
[0.345s] running egg_info
[0.345s] writing my_robot_interfaces.egg-info/PKG-INFO
[0.345s] writing dependency_links to my_robot_interfaces.egg-info/dependency_links.txt
[0.345s] writing top-level names to my_robot_interfaces.egg-info/top_level.txt
[0.348s] reading manifest file 'my_robot_interfaces.egg-info/SOURCES.txt'
[0.348s] writing manifest file 'my_robot_interfaces.egg-info/SOURCES.txt'
[0.369s] [100%] Built target ament_cmake_python_build_my_robot_interfaces_egg
[0.380s] Invoked command in '/home/jt/ros2_ws/build/my_robot_interfaces' returned '0': CMAKE_PREFIX_PATH=/home/jt/ros2_ws/install/my_py_pkg:/opt/ros/humble /usr/bin/cmake --build /home/jt/ros2_ws/build/my_robot_interfaces -- -j12 -l12
[0.439s] Invoking command in '/home/jt/ros2_ws/build/my_robot_interfaces': CMAKE_PREFIX_PATH=/home/jt/ros2_ws/install/my_py_pkg:/opt/ros/humble /usr/bin/cmake --install /home/jt/ros2_ws/build/my_robot_interfaces
[0.446s] -- Install configuration: ""
[0.446s] -- Up-to-date: /home/jt/ros2_ws/install/my_robot_interfaces/share/ament_index/resource_index/rosidl_interfaces/my_robot_interfaces
[0.446s] -- Up-to-date: /home/jt/ros2_ws/install/my_robot_interfaces/include/my_robot_interfaces/my_robot_interfaces
[0.446s] -- Up-to-date: /home/jt/ros2_ws/install/my_robot_interfaces/include/my_robot_interfaces/my_robot_interfaces/msg
[0.446s] -- Up-to-date: /home/jt/ros2_ws/install/my_robot_interfaces/include/my_robot_interfaces/my_robot_interfaces/msg/detail
[0.447s] -- Up-to-date: /home/jt/ros2_ws/install/my_robot_interfaces/include/my_robot_interfaces/my_robot_interfaces/msg/detail/hardware_status__functions.c
[0.447s] -- Up-to-date: /home/jt/ros2_ws/install/my_robot_interfaces/include/my_robot_interfaces/my_robot_interfaces/msg/detail/hardware_status__struct.h
[0.447s] -- Up-to-date: /home/jt/ros2_ws/install/my_robot_interfaces/include/my_robot_interfaces/my_robot_interfaces/msg/detail/hardware_status__functions.h
[0.447s] -- Up-to-date: /home/jt/ros2_ws/install/my_robot_interfaces/include/my_robot_interfaces/my_robot_interfaces/msg/detail/hardware_status__type_support.h
[0.447s] -- Up-to-date: /home/jt/ros2_ws/install/my_robot_interfaces/include/my_robot_interfaces/my_robot_interfaces/msg/rosidl_generator_c__visibility_control.h
[0.447s] -- Up-to-date: /home/jt/ros2_ws/install/my_robot_interfaces/include/my_robot_interfaces/my_robot_interfaces/msg/hardware_status.h
[0.447s] -- Up-to-date: /home/jt/ros2_ws/install/my_robot_interfaces/share/my_robot_interfaces/environment/library_path.sh
[0.447s] -- Up-to-date: /home/jt/ros2_ws/install/my_robot_interfaces/share/my_robot_interfaces/environment/library_path.dsv
[0.447s] -- Up-to-date: /home/jt/ros2_ws/install/my_robot_interfaces/lib/libmy_robot_interfaces__rosidl_generator_c.so
[0.447s] -- Up-to-date: /home/jt/ros2_ws/install/my_robot_interfaces/include/my_robot_interfaces/my_robot_interfaces
[0.447s] -- Up-to-date: /home/jt/ros2_ws/install/my_robot_interfaces/include/my_robot_interfaces/my_robot_interfaces/msg
[0.447s] -- Up-to-date: /home/jt/ros2_ws/install/my_robot_interfaces/include/my_robot_interfaces/my_robot_interfaces/msg/detail
[0.447s] -- Up-to-date: /home/jt/ros2_ws/install/my_robot_interfaces/include/my_robot_interfaces/my_robot_interfaces/msg/detail/hardware_status__rosidl_typesupport_fastrtps_c.h
[0.448s] -- Up-to-date: /home/jt/ros2_ws/install/my_robot_interfaces/include/my_robot_interfaces/my_robot_interfaces/msg/rosidl_typesupport_fastrtps_c__visibility_control.h
[0.448s] -- Up-to-date: /home/jt/ros2_ws/install/my_robot_interfaces/lib/libmy_robot_interfaces__rosidl_typesupport_fastrtps_c.so
[0.448s] -- Up-to-date: /home/jt/ros2_ws/install/my_robot_interfaces/include/my_robot_interfaces/my_robot_interfaces
[0.448s] -- Up-to-date: /home/jt/ros2_ws/install/my_robot_interfaces/include/my_robot_interfaces/my_robot_interfaces/msg
[0.448s] -- Up-to-date: /home/jt/ros2_ws/install/my_robot_interfaces/include/my_robot_interfaces/my_robot_interfaces/msg/detail
[0.448s] -- Up-to-date: /home/jt/ros2_ws/install/my_robot_interfaces/include/my_robot_interfaces/my_robot_interfaces/msg/detail/hardware_status__rosidl_typesupport_introspection_c.h
[0.448s] -- Up-to-date: /home/jt/ros2_ws/install/my_robot_interfaces/include/my_robot_interfaces/my_robot_interfaces/msg/detail/hardware_status__type_support.c
[0.448s] -- Up-to-date: /home/jt/ros2_ws/install/my_robot_interfaces/include/my_robot_interfaces/my_robot_interfaces/msg/rosidl_typesupport_introspection_c__visibility_control.h
[0.448s] -- Up-to-date: /home/jt/ros2_ws/install/my_robot_interfaces/lib/libmy_robot_interfaces__rosidl_typesupport_introspection_c.so
[0.448s] -- Up-to-date: /home/jt/ros2_ws/install/my_robot_interfaces/lib/libmy_robot_interfaces__rosidl_typesupport_c.so
[0.448s] -- Up-to-date: /home/jt/ros2_ws/install/my_robot_interfaces/include/my_robot_interfaces/my_robot_interfaces
[0.448s] -- Up-to-date: /home/jt/ros2_ws/install/my_robot_interfaces/include/my_robot_interfaces/my_robot_interfaces/msg
[0.448s] -- Up-to-date: /home/jt/ros2_ws/install/my_robot_interfaces/include/my_robot_interfaces/my_robot_interfaces/msg/detail
[0.449s] -- Up-to-date: /home/jt/ros2_ws/install/my_robot_interfaces/include/my_robot_interfaces/my_robot_interfaces/msg/detail/hardware_status__builder.hpp
[0.449s] -- Up-to-date: /home/jt/ros2_ws/install/my_robot_interfaces/include/my_robot_interfaces/my_robot_interfaces/msg/detail/hardware_status__struct.hpp
[0.449s] -- Up-to-date: /home/jt/ros2_ws/install/my_robot_interfaces/include/my_robot_interfaces/my_robot_interfaces/msg/detail/hardware_status__traits.hpp
[0.449s] -- Up-to-date: /home/jt/ros2_ws/install/my_robot_interfaces/include/my_robot_interfaces/my_robot_interfaces/msg/hardware_status.hpp
[0.449s] -- Up-to-date: /home/jt/ros2_ws/install/my_robot_interfaces/include/my_robot_interfaces/my_robot_interfaces
[0.449s] -- Up-to-date: /home/jt/ros2_ws/install/my_robot_interfaces/include/my_robot_interfaces/my_robot_interfaces/msg
[0.449s] -- Up-to-date: /home/jt/ros2_ws/install/my_robot_interfaces/include/my_robot_interfaces/my_robot_interfaces/msg/detail
[0.449s] -- Up-to-date: /home/jt/ros2_ws/install/my_robot_interfaces/include/my_robot_interfaces/my_robot_interfaces/msg/detail/dds_fastrtps
[0.449s] -- Up-to-date: /home/jt/ros2_ws/install/my_robot_interfaces/include/my_robot_interfaces/my_robot_interfaces/msg/detail/hardware_status__rosidl_typesupport_fastrtps_cpp.hpp
[0.449s] -- Up-to-date: /home/jt/ros2_ws/install/my_robot_interfaces/include/my_robot_interfaces/my_robot_interfaces/msg/rosidl_typesupport_fastrtps_cpp__visibility_control.h
[0.449s] -- Up-to-date: /home/jt/ros2_ws/install/my_robot_interfaces/lib/libmy_robot_interfaces__rosidl_typesupport_fastrtps_cpp.so
[0.449s] -- Up-to-date: /home/jt/ros2_ws/install/my_robot_interfaces/include/my_robot_interfaces/my_robot_interfaces
[0.449s] -- Up-to-date: /home/jt/ros2_ws/install/my_robot_interfaces/include/my_robot_interfaces/my_robot_interfaces/msg
[0.450s] -- Up-to-date: /home/jt/ros2_ws/install/my_robot_interfaces/include/my_robot_interfaces/my_robot_interfaces/msg/detail
[0.450s] -- Up-to-date: /home/jt/ros2_ws/install/my_robot_interfaces/include/my_robot_interfaces/my_robot_interfaces/msg/detail/hardware_status__type_support.cpp
[0.450s] -- Up-to-date: /home/jt/ros2_ws/install/my_robot_interfaces/include/my_robot_interfaces/my_robot_interfaces/msg/detail/hardware_status__rosidl_typesupport_introspection_cpp.hpp
[0.450s] -- Up-to-date: /home/jt/ros2_ws/install/my_robot_interfaces/lib/libmy_robot_interfaces__rosidl_typesupport_introspection_cpp.so
[0.450s] -- Up-to-date: /home/jt/ros2_ws/install/my_robot_interfaces/lib/libmy_robot_interfaces__rosidl_typesupport_cpp.so
[0.450s] -- Up-to-date: /home/jt/ros2_ws/install/my_robot_interfaces/share/my_robot_interfaces/environment/pythonpath.sh
[0.450s] -- Up-to-date: /home/jt/ros2_ws/install/my_robot_interfaces/share/my_robot_interfaces/environment/pythonpath.dsv
[0.450s] -- Up-to-date: /home/jt/ros2_ws/install/my_robot_interfaces/local/lib/python3.10/dist-packages/my_robot_interfaces-0.0.0-py3.10.egg-info
[0.450s] -- Installing: /home/jt/ros2_ws/install/my_robot_interfaces/local/lib/python3.10/dist-packages/my_robot_interfaces-0.0.0-py3.10.egg-info/PKG-INFO
[0.450s] -- Installing: /home/jt/ros2_ws/install/my_robot_interfaces/local/lib/python3.10/dist-packages/my_robot_interfaces-0.0.0-py3.10.egg-info/SOURCES.txt
[0.450s] -- Installing: /home/jt/ros2_ws/install/my_robot_interfaces/local/lib/python3.10/dist-packages/my_robot_interfaces-0.0.0-py3.10.egg-info/top_level.txt
[0.450s] -- Installing: /home/jt/ros2_ws/install/my_robot_interfaces/local/lib/python3.10/dist-packages/my_robot_interfaces-0.0.0-py3.10.egg-info/dependency_links.txt
[0.450s] -- Up-to-date: /home/jt/ros2_ws/install/my_robot_interfaces/local/lib/python3.10/dist-packages/my_robot_interfaces
[0.450s] -- Up-to-date: /home/jt/ros2_ws/install/my_robot_interfaces/local/lib/python3.10/dist-packages/my_robot_interfaces/_my_robot_interfaces_s.ep.rosidl_typesupport_introspection_c.c
[0.451s] -- Up-to-date: /home/jt/ros2_ws/install/my_robot_interfaces/local/lib/python3.10/dist-packages/my_robot_interfaces/_my_robot_interfaces_s.ep.rosidl_typesupport_c.c
[0.451s] -- Up-to-date: /home/jt/ros2_ws/install/my_robot_interfaces/local/lib/python3.10/dist-packages/my_robot_interfaces/my_robot_interfaces_s__rosidl_typesupport_c.cpython-310-x86_64-linux-gnu.so
[0.451s] -- Up-to-date: /home/jt/ros2_ws/install/my_robot_interfaces/local/lib/python3.10/dist-packages/my_robot_interfaces/my_robot_interfaces_s__rosidl_typesupport_introspection_c.cpython-310-x86_64-linux-gnu.so
[0.451s] -- Up-to-date: /home/jt/ros2_ws/install/my_robot_interfaces/local/lib/python3.10/dist-packages/my_robot_interfaces/my_robot_interfaces_s__rosidl_typesupport_fastrtps_c.cpython-310-x86_64-linux-gnu.so
[0.451s] -- Up-to-date: /home/jt/ros2_ws/install/my_robot_interfaces/local/lib/python3.10/dist-packages/my_robot_interfaces/libmy_robot_interfaces__rosidl_generator_py.so
[0.451s] -- Up-to-date: /home/jt/ros2_ws/install/my_robot_interfaces/local/lib/python3.10/dist-packages/my_robot_interfaces/msg
[0.451s] -- Up-to-date: /home/jt/ros2_ws/install/my_robot_interfaces/local/lib/python3.10/dist-packages/my_robot_interfaces/msg/_hardware_status.py
[0.451s] -- Up-to-date: /home/jt/ros2_ws/install/my_robot_interfaces/local/lib/python3.10/dist-packages/my_robot_interfaces/msg/_hardware_status_s.c
[0.451s] -- Up-to-date: /home/jt/ros2_ws/install/my_robot_interfaces/local/lib/python3.10/dist-packages/my_robot_interfaces/msg/__init__.py
[0.451s] -- Up-to-date: /home/jt/ros2_ws/install/my_robot_interfaces/local/lib/python3.10/dist-packages/my_robot_interfaces/__init__.py
[0.451s] -- Up-to-date: /home/jt/ros2_ws/install/my_robot_interfaces/local/lib/python3.10/dist-packages/my_robot_interfaces/_my_robot_interfaces_s.ep.rosidl_typesupport_fastrtps_c.c
[0.478s] Listing '/home/jt/ros2_ws/install/my_robot_interfaces/local/lib/python3.10/dist-packages/my_robot_interfaces'...
[0.478s] Listing '/home/jt/ros2_ws/install/my_robot_interfaces/local/lib/python3.10/dist-packages/my_robot_interfaces/msg'...
[0.482s] -- Up-to-date: /home/jt/ros2_ws/install/my_robot_interfaces/local/lib/python3.10/dist-packages/my_robot_interfaces/my_robot_interfaces_s__rosidl_typesupport_fastrtps_c.cpython-310-x86_64-linux-gnu.so
[0.482s] -- Up-to-date: /home/jt/ros2_ws/install/my_robot_interfaces/local/lib/python3.10/dist-packages/my_robot_interfaces/my_robot_interfaces_s__rosidl_typesupport_introspection_c.cpython-310-x86_64-linux-gnu.so
[0.483s] -- Up-to-date: /home/jt/ros2_ws/install/my_robot_interfaces/local/lib/python3.10/dist-packages/my_robot_interfaces/my_robot_interfaces_s__rosidl_typesupport_c.cpython-310-x86_64-linux-gnu.so
[0.483s] -- Up-to-date: /home/jt/ros2_ws/install/my_robot_interfaces/lib/libmy_robot_interfaces__rosidl_generator_py.so
[0.483s] -- Up-to-date: /home/jt/ros2_ws/install/my_robot_interfaces/share/my_robot_interfaces/msg/HardwareStatus.idl
[0.483s] -- Up-to-date: /home/jt/ros2_ws/install/my_robot_interfaces/share/my_robot_interfaces/msg/HardwareStatus.msg
[0.484s] -- Up-to-date: /home/jt/ros2_ws/install/my_robot_interfaces/share/ament_index/resource_index/package_run_dependencies/my_robot_interfaces
[0.484s] -- Up-to-date: /home/jt/ros2_ws/install/my_robot_interfaces/share/ament_index/resource_index/parent_prefix_path/my_robot_interfaces
[0.484s] -- Up-to-date: /home/jt/ros2_ws/install/my_robot_interfaces/share/my_robot_interfaces/environment/ament_prefix_path.sh
[0.484s] -- Up-to-date: /home/jt/ros2_ws/install/my_robot_interfaces/share/my_robot_interfaces/environment/ament_prefix_path.dsv
[0.484s] -- Up-to-date: /home/jt/ros2_ws/install/my_robot_interfaces/share/my_robot_interfaces/environment/path.sh
[0.484s] -- Up-to-date: /home/jt/ros2_ws/install/my_robot_interfaces/share/my_robot_interfaces/environment/path.dsv
[0.484s] -- Up-to-date: /home/jt/ros2_ws/install/my_robot_interfaces/share/my_robot_interfaces/local_setup.bash
[0.484s] -- Up-to-date: /home/jt/ros2_ws/install/my_robot_interfaces/share/my_robot_interfaces/local_setup.sh
[0.484s] -- Up-to-date: /home/jt/ros2_ws/install/my_robot_interfaces/share/my_robot_interfaces/local_setup.zsh
[0.484s] -- Up-to-date: /home/jt/ros2_ws/install/my_robot_interfaces/share/my_robot_interfaces/local_setup.dsv
[0.484s] -- Installing: /home/jt/ros2_ws/install/my_robot_interfaces/share/my_robot_interfaces/package.dsv
[0.484s] -- Up-to-date: /home/jt/ros2_ws/install/my_robot_interfaces/share/ament_index/resource_index/packages/my_robot_interfaces
[0.484s] -- Up-to-date: /home/jt/ros2_ws/install/my_robot_interfaces/share/my_robot_interfaces/cmake/export_my_robot_interfaces__rosidl_generator_cExport.cmake
[0.485s] -- Up-to-date: /home/jt/ros2_ws/install/my_robot_interfaces/share/my_robot_interfaces/cmake/export_my_robot_interfaces__rosidl_generator_cExport-noconfig.cmake
[0.485s] -- Up-to-date: /home/jt/ros2_ws/install/my_robot_interfaces/share/my_robot_interfaces/cmake/export_my_robot_interfaces__rosidl_typesupport_fastrtps_cExport.cmake
[0.485s] -- Up-to-date: /home/jt/ros2_ws/install/my_robot_interfaces/share/my_robot_interfaces/cmake/export_my_robot_interfaces__rosidl_typesupport_fastrtps_cExport-noconfig.cmake
[0.485s] -- Up-to-date: /home/jt/ros2_ws/install/my_robot_interfaces/share/my_robot_interfaces/cmake/my_robot_interfaces__rosidl_typesupport_introspection_cExport.cmake
[0.485s] -- Up-to-date: /home/jt/ros2_ws/install/my_robot_interfaces/share/my_robot_interfaces/cmake/my_robot_interfaces__rosidl_typesupport_introspection_cExport-noconfig.cmake
[0.485s] -- Up-to-date: /home/jt/ros2_ws/install/my_robot_interfaces/share/my_robot_interfaces/cmake/my_robot_interfaces__rosidl_typesupport_cExport.cmake
[0.485s] -- Up-to-date: /home/jt/ros2_ws/install/my_robot_interfaces/share/my_robot_interfaces/cmake/my_robot_interfaces__rosidl_typesupport_cExport-noconfig.cmake
[0.485s] -- Up-to-date: /home/jt/ros2_ws/install/my_robot_interfaces/share/my_robot_interfaces/cmake/export_my_robot_interfaces__rosidl_generator_cppExport.cmake
[0.485s] -- Up-to-date: /home/jt/ros2_ws/install/my_robot_interfaces/share/my_robot_interfaces/cmake/export_my_robot_interfaces__rosidl_typesupport_fastrtps_cppExport.cmake
[0.485s] -- Up-to-date: /home/jt/ros2_ws/install/my_robot_interfaces/share/my_robot_interfaces/cmake/export_my_robot_interfaces__rosidl_typesupport_fastrtps_cppExport-noconfig.cmake
[0.485s] -- Up-to-date: /home/jt/ros2_ws/install/my_robot_interfaces/share/my_robot_interfaces/cmake/my_robot_interfaces__rosidl_typesupport_introspection_cppExport.cmake
[0.485s] -- Up-to-date: /home/jt/ros2_ws/install/my_robot_interfaces/share/my_robot_interfaces/cmake/my_robot_interfaces__rosidl_typesupport_introspection_cppExport-noconfig.cmake
[0.485s] -- Up-to-date: /home/jt/ros2_ws/install/my_robot_interfaces/share/my_robot_interfaces/cmake/my_robot_interfaces__rosidl_typesupport_cppExport.cmake
[0.485s] -- Up-to-date: /home/jt/ros2_ws/install/my_robot_interfaces/share/my_robot_interfaces/cmake/my_robot_interfaces__rosidl_typesupport_cppExport-noconfig.cmake
[0.486s] -- Up-to-date: /home/jt/ros2_ws/install/my_robot_interfaces/share/my_robot_interfaces/cmake/export_my_robot_interfaces__rosidl_generator_pyExport.cmake
[0.486s] -- Up-to-date: /home/jt/ros2_ws/install/my_robot_interfaces/share/my_robot_interfaces/cmake/export_my_robot_interfaces__rosidl_generator_pyExport-noconfig.cmake
[0.486s] -- Up-to-date: /home/jt/ros2_ws/install/my_robot_interfaces/share/my_robot_interfaces/cmake/rosidl_cmake-extras.cmake
[0.486s] -- Up-to-date: /home/jt/ros2_ws/install/my_robot_interfaces/share/my_robot_interfaces/cmake/ament_cmake_export_include_directories-extras.cmake
[0.486s] -- Up-to-date: /home/jt/ros2_ws/install/my_robot_interfaces/share/my_robot_interfaces/cmake/ament_cmake_export_libraries-extras.cmake
[0.486s] -- Up-to-date: /home/jt/ros2_ws/install/my_robot_interfaces/share/my_robot_interfaces/cmake/ament_cmake_export_targets-extras.cmake
[0.486s] -- Up-to-date: /home/jt/ros2_ws/install/my_robot_interfaces/share/my_robot_interfaces/cmake/rosidl_cmake_export_typesupport_targets-extras.cmake
[0.486s] -- Up-to-date: /home/jt/ros2_ws/install/my_robot_interfaces/share/my_robot_interfaces/cmake/ament_cmake_export_dependencies-extras.cmake
[0.486s] -- Up-to-date: /home/jt/ros2_ws/install/my_robot_interfaces/share/my_robot_interfaces/cmake/rosidl_cmake_export_typesupport_libraries-extras.cmake
[0.486s] -- Up-to-date: /home/jt/ros2_ws/install/my_robot_interfaces/share/my_robot_interfaces/cmake/my_robot_interfacesConfig.cmake
[0.486s] -- Up-to-date: /home/jt/ros2_ws/install/my_robot_interfaces/share/my_robot_interfaces/cmake/my_robot_interfacesConfig-version.cmake
[0.486s] -- Up-to-date: /home/jt/ros2_ws/install/my_robot_interfaces/share/my_robot_interfaces/package.xml
[0.487s] Invoked command in '/home/jt/ros2_ws/build/my_robot_interfaces' returned '0': CMAKE_PREFIX_PATH=/home/jt/ros2_ws/install/my_py_pkg:/opt/ros/humble /usr/bin/cmake --install /home/jt/ros2_ws/build/my_robot_interfaces
