[0.057s] Invoking command in '/home/jt/ros2_ws/build/my_cpp_pkg': CMAKE_PREFIX_PATH=/home/jt/ros2_ws/install/my_py_pkg:/opt/ros/humble /usr/bin/cmake --build /home/jt/ros2_ws/build/my_cpp_pkg -- -j12 -l12
[0.078s] -- Found ament_cmake: 1.3.7 (/opt/ros/humble/share/ament_cmake/cmake)
[0.199s] -- Found rclcpp: 16.0.8 (/opt/ros/humble/share/rclcpp/cmake)
[0.224s] -- Found rosidl_generator_c: 3.1.5 (/opt/ros/humble/share/rosidl_generator_c/cmake)
[0.227s] -- Found rosidl_adapter: 3.1.5 (/opt/ros/humble/share/rosidl_adapter/cmake)
[0.233s] -- Found rosidl_generator_cpp: 3.1.5 (/opt/ros/humble/share/rosidl_generator_cpp/cmake)
[0.243s] -- Using all available rosidl_typesupport_c: rosidl_typesupport_fastrtps_c;rosidl_typesupport_introspection_c
[0.257s] -- Using all available rosidl_typesupport_cpp: rosidl_typesupport_fastrtps_cpp;rosidl_typesupport_introspection_cpp
[0.310s] -- Found rmw_implementation_cmake: 6.1.1 (/opt/ros/humble/share/rmw_implementation_cmake/cmake)
[0.312s] -- Found rmw_fastrtps_cpp: 6.2.6 (/opt/ros/humble/share/rmw_fastrtps_cpp/cmake)
[0.415s] -- Using RMW implementation 'rmw_fastrtps_cpp' as default
[0.564s] -- Found example_interfaces: 0.9.3 (/opt/ros/humble/share/example_interfaces/cmake)
[0.748s] -- Configuring done
[0.764s] -- Generating done
[0.766s] -- Build files have been written to: /home/jt/ros2_ws/build/my_cpp_pkg
[0.788s] [35m[1mConsolidate compiler generated dependencies of target robot_news_station[0m
[0.788s] [35m[1mConsolidate compiler generated dependencies of target smartphone[0m
[0.789s] [35m[1mConsolidate compiler generated dependencies of target cpp_node[0m
[0.789s] [35m[1mConsolidate compiler generated dependencies of target number_publisher[0m
[0.806s] [ 50%] Built target smartphone
[0.806s] [ 50%] Built target robot_news_station
[0.808s] [ 87%] [32m[1mLinking CXX executable number_publisher[0m
[0.808s] [ 87%] Built target cpp_node
[0.989s] [100%] Built target number_publisher
[0.998s] Invoked command in '/home/jt/ros2_ws/build/my_cpp_pkg' returned '0': CMAKE_PREFIX_PATH=/home/jt/ros2_ws/install/my_py_pkg:/opt/ros/humble /usr/bin/cmake --build /home/jt/ros2_ws/build/my_cpp_pkg -- -j12 -l12
[1.036s] Invoking command in '/home/jt/ros2_ws/build/my_cpp_pkg': CMAKE_PREFIX_PATH=/home/jt/ros2_ws/install/my_py_pkg:/opt/ros/humble /usr/bin/cmake --install /home/jt/ros2_ws/build/my_cpp_pkg
[1.042s] -- Install configuration: ""
[1.043s] -- Up-to-date: /home/jt/ros2_ws/install/my_cpp_pkg/lib/my_cpp_pkg/cpp_node
[1.043s] -- Up-to-date: /home/jt/ros2_ws/install/my_cpp_pkg/lib/my_cpp_pkg/robot_news_station
[1.043s] -- Up-to-date: /home/jt/ros2_ws/install/my_cpp_pkg/lib/my_cpp_pkg/smartphone
[1.043s] -- Installing: /home/jt/ros2_ws/install/my_cpp_pkg/lib/my_cpp_pkg/number_publisher
[1.045s] -- Set runtime path of "/home/jt/ros2_ws/install/my_cpp_pkg/lib/my_cpp_pkg/number_publisher" to ""
[1.045s] -- Up-to-date: /home/jt/ros2_ws/install/my_cpp_pkg/share/ament_index/resource_index/package_run_dependencies/my_cpp_pkg
[1.046s] -- Up-to-date: /home/jt/ros2_ws/install/my_cpp_pkg/share/ament_index/resource_index/parent_prefix_path/my_cpp_pkg
[1.046s] -- Up-to-date: /home/jt/ros2_ws/install/my_cpp_pkg/share/my_cpp_pkg/environment/ament_prefix_path.sh
[1.046s] -- Installing: /home/jt/ros2_ws/install/my_cpp_pkg/share/my_cpp_pkg/environment/ament_prefix_path.dsv
[1.046s] -- Up-to-date: /home/jt/ros2_ws/install/my_cpp_pkg/share/my_cpp_pkg/environment/path.sh
[1.046s] -- Installing: /home/jt/ros2_ws/install/my_cpp_pkg/share/my_cpp_pkg/environment/path.dsv
[1.046s] -- Up-to-date: /home/jt/ros2_ws/install/my_cpp_pkg/share/my_cpp_pkg/local_setup.bash
[1.046s] -- Up-to-date: /home/jt/ros2_ws/install/my_cpp_pkg/share/my_cpp_pkg/local_setup.sh
[1.046s] -- Up-to-date: /home/jt/ros2_ws/install/my_cpp_pkg/share/my_cpp_pkg/local_setup.zsh
[1.046s] -- Installing: /home/jt/ros2_ws/install/my_cpp_pkg/share/my_cpp_pkg/local_setup.dsv
[1.046s] -- Installing: /home/jt/ros2_ws/install/my_cpp_pkg/share/my_cpp_pkg/package.dsv
[1.046s] -- Up-to-date: /home/jt/ros2_ws/install/my_cpp_pkg/share/ament_index/resource_index/packages/my_cpp_pkg
[1.046s] -- Up-to-date: /home/jt/ros2_ws/install/my_cpp_pkg/share/my_cpp_pkg/cmake/my_cpp_pkgConfig.cmake
[1.046s] -- Up-to-date: /home/jt/ros2_ws/install/my_cpp_pkg/share/my_cpp_pkg/cmake/my_cpp_pkgConfig-version.cmake
[1.046s] -- Up-to-date: /home/jt/ros2_ws/install/my_cpp_pkg/share/my_cpp_pkg/package.xml
[1.047s] Invoked command in '/home/jt/ros2_ws/build/my_cpp_pkg' returned '0': CMAKE_PREFIX_PATH=/home/jt/ros2_ws/install/my_py_pkg:/opt/ros/humble /usr/bin/cmake --install /home/jt/ros2_ws/build/my_cpp_pkg
