[0.066s] Invoking command in '/home/jt/ros2_ws/build/my_robot_bringup': AMENT_PREFIX_PATH=/home/jt/ros2_ws/install/turtlesim_catch_them_all:/home/jt/ros2_ws/install/my_py_pkg:/home/jt/ros2_ws/install/my_robot_description:/home/jt/ros2_ws/install/my_robot_bringup:/home/jt/ros2_ws/install/my_cpp_pkg:/home/jt/ros2_ws/install/my_robot_interfaces:/opt/ros/humble CMAKE_PREFIX_PATH=/home/jt/ros2_ws/install/my_cpp_pkg:/home/jt/ros2_ws/install/my_robot_interfaces:/home/jt/ros2_ws/install/my_robot_description:/home/jt/ros2_ws/install/my_robot_bringup:/home/jt/ros2_ws/install/turtlesim_catch_them_all:/home/jt/ros2_ws/install/my_py_pkg:/opt/ros/humble LD_LIBRARY_PATH=/home/jt/ros2_ws/install/my_robot_interfaces/lib:/usr/lib/x86_64-linux-gnu/gazebo-11/plugins:/opt/ros/humble/opt/rviz_ogre_vendor/lib:/opt/ros/humble/lib/x86_64-linux-gnu:/opt/ros/humble/lib:/usr/share/gazebo/../../lib/x86_64-linux-gnu/gazebo-11/plugins:/usr/share/gazebo/../../lib/x86_64-linux-gnu/gazebo-11/plugins:/usr/share/gazebo/../../lib/x86_64-linux-gnu/gazebo-11/plugins:/usr/share/gazebo/../../lib/x86_64-linux-gnu/gazebo-11/plugins:/usr/share/gazebo/../../lib/x86_64-linux-gnu/gazebo-11/plugins:/usr/share/gazebo/../../lib/x86_64-linux-gnu/gazebo-11/plugins:/usr/share/gazebo/../../lib/x86_64-linux-gnu/gazebo-11/plugins:/usr/share/gazebo/../../lib/x86_64-linux-gnu/gazebo-11/plugins:/usr/share/gazebo/../../lib/x86_64-linux-gnu/gazebo-11/plugins:/usr/share/gazebo/../../lib/x86_64-linux-gnu/gazebo-11/plugins:/usr/share/gazebo/../../lib/x86_64-linux-gnu/gazebo-11/plugins:/usr/share/gazebo/../../lib/x86_64-linux-gnu/gazebo-11/plugins:/usr/share/gazebo/../../lib/x86_64-linux-gnu/gazebo-11/plugins:/usr/share/gazebo/../../lib/x86_64-linux-gnu/gazebo-11/plugins:/usr/share/gazebo/../../lib/x86_64-linux-gnu/gazebo-11/plugins:/usr/share/gazebo/../../lib/x86_64-linux-gnu/gazebo-11/plugins:/usr/share/gazebo/../../lib/x86_64-linux-gnu/gazebo-11/plugins:/usr/share/gazebo/../../lib/x86_64-linux-gnu/gazebo-11/plugins:/usr/share/gazebo/../../lib/x86_64-linux-gnu/gazebo-11/plugins:/usr/share/gazebo/../../lib/x86_64-linux-gnu/gazebo-11/plugins:/usr/share/gazebo/../../lib/x86_64-linux-gnu/gazebo-11/plugins /usr/bin/cmake --build /home/jt/ros2_ws/build/my_robot_bringup -- -j12 -l12
[0.100s] Invoked command in '/home/jt/ros2_ws/build/my_robot_bringup' returned '0': AMENT_PREFIX_PATH=/home/jt/ros2_ws/install/turtlesim_catch_them_all:/home/jt/ros2_ws/install/my_py_pkg:/home/jt/ros2_ws/install/my_robot_description:/home/jt/ros2_ws/install/my_robot_bringup:/home/jt/ros2_ws/install/my_cpp_pkg:/home/jt/ros2_ws/install/my_robot_interfaces:/opt/ros/humble CMAKE_PREFIX_PATH=/home/jt/ros2_ws/install/my_cpp_pkg:/home/jt/ros2_ws/install/my_robot_interfaces:/home/jt/ros2_ws/install/my_robot_description:/home/jt/ros2_ws/install/my_robot_bringup:/home/jt/ros2_ws/install/turtlesim_catch_them_all:/home/jt/ros2_ws/install/my_py_pkg:/opt/ros/humble LD_LIBRARY_PATH=/home/jt/ros2_ws/install/my_robot_interfaces/lib:/usr/lib/x86_64-linux-gnu/gazebo-11/plugins:/opt/ros/humble/opt/rviz_ogre_vendor/lib:/opt/ros/humble/lib/x86_64-linux-gnu:/opt/ros/humble/lib:/usr/share/gazebo/../../lib/x86_64-linux-gnu/gazebo-11/plugins:/usr/share/gazebo/../../lib/x86_64-linux-gnu/gazebo-11/plugins:/usr/share/gazebo/../../lib/x86_64-linux-gnu/gazebo-11/plugins:/usr/share/gazebo/../../lib/x86_64-linux-gnu/gazebo-11/plugins:/usr/share/gazebo/../../lib/x86_64-linux-gnu/gazebo-11/plugins:/usr/share/gazebo/../../lib/x86_64-linux-gnu/gazebo-11/plugins:/usr/share/gazebo/../../lib/x86_64-linux-gnu/gazebo-11/plugins:/usr/share/gazebo/../../lib/x86_64-linux-gnu/gazebo-11/plugins:/usr/share/gazebo/../../lib/x86_64-linux-gnu/gazebo-11/plugins:/usr/share/gazebo/../../lib/x86_64-linux-gnu/gazebo-11/plugins:/usr/share/gazebo/../../lib/x86_64-linux-gnu/gazebo-11/plugins:/usr/share/gazebo/../../lib/x86_64-linux-gnu/gazebo-11/plugins:/usr/share/gazebo/../../lib/x86_64-linux-gnu/gazebo-11/plugins:/usr/share/gazebo/../../lib/x86_64-linux-gnu/gazebo-11/plugins:/usr/share/gazebo/../../lib/x86_64-linux-gnu/gazebo-11/plugins:/usr/share/gazebo/../../lib/x86_64-linux-gnu/gazebo-11/plugins:/usr/share/gazebo/../../lib/x86_64-linux-gnu/gazebo-11/plugins:/usr/share/gazebo/../../lib/x86_64-linux-gnu/gazebo-11/plugins:/usr/share/gazebo/../../lib/x86_64-linux-gnu/gazebo-11/plugins:/usr/share/gazebo/../../lib/x86_64-linux-gnu/gazebo-11/plugins:/usr/share/gazebo/../../lib/x86_64-linux-gnu/gazebo-11/plugins /usr/bin/cmake --build /home/jt/ros2_ws/build/my_robot_bringup -- -j12 -l12
[0.135s] Invoking command in '/home/jt/ros2_ws/build/my_robot_bringup': AMENT_PREFIX_PATH=/home/jt/ros2_ws/install/turtlesim_catch_them_all:/home/jt/ros2_ws/install/my_py_pkg:/home/jt/ros2_ws/install/my_robot_description:/home/jt/ros2_ws/install/my_robot_bringup:/home/jt/ros2_ws/install/my_cpp_pkg:/home/jt/ros2_ws/install/my_robot_interfaces:/opt/ros/humble CMAKE_PREFIX_PATH=/home/jt/ros2_ws/install/my_cpp_pkg:/home/jt/ros2_ws/install/my_robot_interfaces:/home/jt/ros2_ws/install/my_robot_description:/home/jt/ros2_ws/install/my_robot_bringup:/home/jt/ros2_ws/install/turtlesim_catch_them_all:/home/jt/ros2_ws/install/my_py_pkg:/opt/ros/humble LD_LIBRARY_PATH=/home/jt/ros2_ws/install/my_robot_interfaces/lib:/usr/lib/x86_64-linux-gnu/gazebo-11/plugins:/opt/ros/humble/opt/rviz_ogre_vendor/lib:/opt/ros/humble/lib/x86_64-linux-gnu:/opt/ros/humble/lib:/usr/share/gazebo/../../lib/x86_64-linux-gnu/gazebo-11/plugins:/usr/share/gazebo/../../lib/x86_64-linux-gnu/gazebo-11/plugins:/usr/share/gazebo/../../lib/x86_64-linux-gnu/gazebo-11/plugins:/usr/share/gazebo/../../lib/x86_64-linux-gnu/gazebo-11/plugins:/usr/share/gazebo/../../lib/x86_64-linux-gnu/gazebo-11/plugins:/usr/share/gazebo/../../lib/x86_64-linux-gnu/gazebo-11/plugins:/usr/share/gazebo/../../lib/x86_64-linux-gnu/gazebo-11/plugins:/usr/share/gazebo/../../lib/x86_64-linux-gnu/gazebo-11/plugins:/usr/share/gazebo/../../lib/x86_64-linux-gnu/gazebo-11/plugins:/usr/share/gazebo/../../lib/x86_64-linux-gnu/gazebo-11/plugins:/usr/share/gazebo/../../lib/x86_64-linux-gnu/gazebo-11/plugins:/usr/share/gazebo/../../lib/x86_64-linux-gnu/gazebo-11/plugins:/usr/share/gazebo/../../lib/x86_64-linux-gnu/gazebo-11/plugins:/usr/share/gazebo/../../lib/x86_64-linux-gnu/gazebo-11/plugins:/usr/share/gazebo/../../lib/x86_64-linux-gnu/gazebo-11/plugins:/usr/share/gazebo/../../lib/x86_64-linux-gnu/gazebo-11/plugins:/usr/share/gazebo/../../lib/x86_64-linux-gnu/gazebo-11/plugins:/usr/share/gazebo/../../lib/x86_64-linux-gnu/gazebo-11/plugins:/usr/share/gazebo/../../lib/x86_64-linux-gnu/gazebo-11/plugins:/usr/share/gazebo/../../lib/x86_64-linux-gnu/gazebo-11/plugins:/usr/share/gazebo/../../lib/x86_64-linux-gnu/gazebo-11/plugins /usr/bin/cmake --install /home/jt/ros2_ws/build/my_robot_bringup
[0.145s] -- Install configuration: ""
[0.146s] -- Execute custom install script
[0.146s] [33mCMake Warning (dev) at ament_cmake_symlink_install/ament_cmake_symlink_install.cmake:62 (file):
[0.146s]   Policy CMP0009 is not set: FILE GLOB_RECURSE calls should not follow
[0.146s]   symlinks by default.  Run "cmake --help-policy CMP0009" for policy details.
[0.146s]   Use the cmake_policy command to set the policy and suppress this warning.
[0.146s] Call Stack (most recent call first):
[0.146s]   ament_cmake_symlink_install/ament_cmake_symlink_install.cmake:314 (ament_cmake_symlink_install_directory)
[0.147s]   cmake_install.cmake:46 (include)
[0.147s] This warning is for project developers.  Use -Wno-dev to suppress it.
[0.147s] [0m
[0.147s] -- Up-to-date symlink: /home/jt/ros2_ws/install/my_robot_bringup/share/my_robot_bringup/launch/build/.built_by
[0.147s] -- Up-to-date symlink: /home/jt/ros2_ws/install/my_robot_bringup/share/my_robot_bringup/launch/build/COLCON_IGNORE
[0.147s] -- Up-to-date symlink: /home/jt/ros2_ws/install/my_robot_bringup/share/my_robot_bringup/launch/install/.colcon_install_layout
[0.147s] -- Up-to-date symlink: /home/jt/ros2_ws/install/my_robot_bringup/share/my_robot_bringup/launch/install/COLCON_IGNORE
[0.147s] -- Up-to-date symlink: /home/jt/ros2_ws/install/my_robot_bringup/share/my_robot_bringup/launch/install/_local_setup_util_ps1.py
[0.147s] -- Up-to-date symlink: /home/jt/ros2_ws/install/my_robot_bringup/share/my_robot_bringup/launch/install/_local_setup_util_sh.py
[0.148s] -- Up-to-date symlink: /home/jt/ros2_ws/install/my_robot_bringup/share/my_robot_bringup/launch/install/local_setup.bash
[0.148s] -- Up-to-date symlink: /home/jt/ros2_ws/install/my_robot_bringup/share/my_robot_bringup/launch/install/local_setup.ps1
[0.148s] -- Up-to-date symlink: /home/jt/ros2_ws/install/my_robot_bringup/share/my_robot_bringup/launch/install/local_setup.sh
[0.148s] -- Up-to-date symlink: /home/jt/ros2_ws/install/my_robot_bringup/share/my_robot_bringup/launch/install/local_setup.zsh
[0.148s] -- Up-to-date symlink: /home/jt/ros2_ws/install/my_robot_bringup/share/my_robot_bringup/launch/install/setup.bash
[0.148s] -- Up-to-date symlink: /home/jt/ros2_ws/install/my_robot_bringup/share/my_robot_bringup/launch/install/setup.ps1
[0.148s] -- Up-to-date symlink: /home/jt/ros2_ws/install/my_robot_bringup/share/my_robot_bringup/launch/install/setup.sh
[0.148s] -- Up-to-date symlink: /home/jt/ros2_ws/install/my_robot_bringup/share/my_robot_bringup/launch/install/setup.zsh
[0.148s] -- Up-to-date symlink: /home/jt/ros2_ws/install/my_robot_bringup/share/my_robot_bringup/launch/log/COLCON_IGNORE
[0.148s] -- Up-to-date symlink: /home/jt/ros2_ws/install/my_robot_bringup/share/my_robot_bringup/launch/log/build_2024-03-12_07-09-02/events.log
[0.148s] -- Up-to-date symlink: /home/jt/ros2_ws/install/my_robot_bringup/share/my_robot_bringup/launch/log/build_2024-03-12_07-09-02/logger_all.log
[0.149s] -- Up-to-date symlink: /home/jt/ros2_ws/install/my_robot_bringup/share/my_robot_bringup/launch/log/latest/events.log
[0.149s] -- Up-to-date symlink: /home/jt/ros2_ws/install/my_robot_bringup/share/my_robot_bringup/launch/log/latest/logger_all.log
[0.149s] -- Up-to-date symlink: /home/jt/ros2_ws/install/my_robot_bringup/share/my_robot_bringup/launch/log/latest_build/events.log
[0.149s] -- Up-to-date symlink: /home/jt/ros2_ws/install/my_robot_bringup/share/my_robot_bringup/launch/log/latest_build/logger_all.log
[0.149s] -- Up-to-date symlink: /home/jt/ros2_ws/install/my_robot_bringup/share/my_robot_bringup/launch/my_robot_gazebo.launch.xml
[0.150s] -- Up-to-date symlink: /home/jt/ros2_ws/install/my_robot_bringup/share/my_robot_bringup/launch/news_app.launch.py
[0.150s] -- Up-to-date symlink: /home/jt/ros2_ws/install/my_robot_bringup/share/my_robot_bringup/launch/number_app.launch.py
[0.150s] -- Up-to-date symlink: /home/jt/ros2_ws/install/my_robot_bringup/share/my_robot_bringup/launch/turtle_catch.launch.py
[0.150s] -- Up-to-date symlink: /home/jt/ros2_ws/install/my_robot_bringup/share/ament_index/resource_index/package_run_dependencies/my_robot_bringup
[0.150s] -- Up-to-date symlink: /home/jt/ros2_ws/install/my_robot_bringup/share/ament_index/resource_index/parent_prefix_path/my_robot_bringup
[0.151s] -- Up-to-date symlink: /home/jt/ros2_ws/install/my_robot_bringup/share/my_robot_bringup/environment/ament_prefix_path.sh
[0.151s] -- Up-to-date symlink: /home/jt/ros2_ws/install/my_robot_bringup/share/my_robot_bringup/environment/ament_prefix_path.dsv
[0.151s] -- Up-to-date symlink: /home/jt/ros2_ws/install/my_robot_bringup/share/my_robot_bringup/environment/path.sh
[0.151s] -- Up-to-date symlink: /home/jt/ros2_ws/install/my_robot_bringup/share/my_robot_bringup/environment/path.dsv
[0.151s] -- Up-to-date symlink: /home/jt/ros2_ws/install/my_robot_bringup/share/my_robot_bringup/local_setup.bash
[0.152s] -- Up-to-date symlink: /home/jt/ros2_ws/install/my_robot_bringup/share/my_robot_bringup/local_setup.sh
[0.152s] -- Up-to-date symlink: /home/jt/ros2_ws/install/my_robot_bringup/share/my_robot_bringup/local_setup.zsh
[0.152s] -- Up-to-date symlink: /home/jt/ros2_ws/install/my_robot_bringup/share/my_robot_bringup/local_setup.dsv
[0.152s] -- Symlinking: /home/jt/ros2_ws/install/my_robot_bringup/share/my_robot_bringup/package.dsv
[0.162s] -- Up-to-date symlink: /home/jt/ros2_ws/install/my_robot_bringup/share/ament_index/resource_index/packages/my_robot_bringup
[0.162s] -- Up-to-date symlink: /home/jt/ros2_ws/install/my_robot_bringup/share/my_robot_bringup/cmake/my_robot_bringupConfig.cmake
[0.162s] -- Up-to-date symlink: /home/jt/ros2_ws/install/my_robot_bringup/share/my_robot_bringup/cmake/my_robot_bringupConfig-version.cmake
[0.162s] -- Up-to-date symlink: /home/jt/ros2_ws/install/my_robot_bringup/share/my_robot_bringup/package.xml
[0.165s] Invoked command in '/home/jt/ros2_ws/build/my_robot_bringup' returned '0': AMENT_PREFIX_PATH=/home/jt/ros2_ws/install/turtlesim_catch_them_all:/home/jt/ros2_ws/install/my_py_pkg:/home/jt/ros2_ws/install/my_robot_description:/home/jt/ros2_ws/install/my_robot_bringup:/home/jt/ros2_ws/install/my_cpp_pkg:/home/jt/ros2_ws/install/my_robot_interfaces:/opt/ros/humble CMAKE_PREFIX_PATH=/home/jt/ros2_ws/install/my_cpp_pkg:/home/jt/ros2_ws/install/my_robot_interfaces:/home/jt/ros2_ws/install/my_robot_description:/home/jt/ros2_ws/install/my_robot_bringup:/home/jt/ros2_ws/install/turtlesim_catch_them_all:/home/jt/ros2_ws/install/my_py_pkg:/opt/ros/humble LD_LIBRARY_PATH=/home/jt/ros2_ws/install/my_robot_interfaces/lib:/usr/lib/x86_64-linux-gnu/gazebo-11/plugins:/opt/ros/humble/opt/rviz_ogre_vendor/lib:/opt/ros/humble/lib/x86_64-linux-gnu:/opt/ros/humble/lib:/usr/share/gazebo/../../lib/x86_64-linux-gnu/gazebo-11/plugins:/usr/share/gazebo/../../lib/x86_64-linux-gnu/gazebo-11/plugins:/usr/share/gazebo/../../lib/x86_64-linux-gnu/gazebo-11/plugins:/usr/share/gazebo/../../lib/x86_64-linux-gnu/gazebo-11/plugins:/usr/share/gazebo/../../lib/x86_64-linux-gnu/gazebo-11/plugins:/usr/share/gazebo/../../lib/x86_64-linux-gnu/gazebo-11/plugins:/usr/share/gazebo/../../lib/x86_64-linux-gnu/gazebo-11/plugins:/usr/share/gazebo/../../lib/x86_64-linux-gnu/gazebo-11/plugins:/usr/share/gazebo/../../lib/x86_64-linux-gnu/gazebo-11/plugins:/usr/share/gazebo/../../lib/x86_64-linux-gnu/gazebo-11/plugins:/usr/share/gazebo/../../lib/x86_64-linux-gnu/gazebo-11/plugins:/usr/share/gazebo/../../lib/x86_64-linux-gnu/gazebo-11/plugins:/usr/share/gazebo/../../lib/x86_64-linux-gnu/gazebo-11/plugins:/usr/share/gazebo/../../lib/x86_64-linux-gnu/gazebo-11/plugins:/usr/share/gazebo/../../lib/x86_64-linux-gnu/gazebo-11/plugins:/usr/share/gazebo/../../lib/x86_64-linux-gnu/gazebo-11/plugins:/usr/share/gazebo/../../lib/x86_64-linux-gnu/gazebo-11/plugins:/usr/share/gazebo/../../lib/x86_64-linux-gnu/gazebo-11/plugins:/usr/share/gazebo/../../lib/x86_64-linux-gnu/gazebo-11/plugins:/usr/share/gazebo/../../lib/x86_64-linux-gnu/gazebo-11/plugins:/usr/share/gazebo/../../lib/x86_64-linux-gnu/gazebo-11/plugins /usr/bin/cmake --install /home/jt/ros2_ws/build/my_robot_bringup
