[0.649s] Invoking command in '/home/jt/ros2_ws/src/my_py_pkg': PYTHONPATH=/home/jt/ros2_ws/build/my_py_pkg/prefix_override:/home/jt/ros2_ws/install/my_py_pkg/lib/python3.10/site-packages:${PYTHONPATH} /usr/bin/python3 setup.py egg_info --egg-base ../../build/my_py_pkg build --build-base /home/jt/ros2_ws/build/my_py_pkg/build install --record /home/jt/ros2_ws/build/my_py_pkg/install.log --single-version-externally-managed
[0.868s] running egg_info
[0.868s] writing ../../build/my_py_pkg/my_py_pkg.egg-info/PKG-INFO
[0.868s] writing dependency_links to ../../build/my_py_pkg/my_py_pkg.egg-info/dependency_links.txt
[0.869s] writing entry points to ../../build/my_py_pkg/my_py_pkg.egg-info/entry_points.txt
[0.869s] writing requirements to ../../build/my_py_pkg/my_py_pkg.egg-info/requires.txt
[0.869s] writing top-level names to ../../build/my_py_pkg/my_py_pkg.egg-info/top_level.txt
[0.871s] reading manifest file '../../build/my_py_pkg/my_py_pkg.egg-info/SOURCES.txt'
[0.871s] writing manifest file '../../build/my_py_pkg/my_py_pkg.egg-info/SOURCES.txt'
[0.871s] running build
[0.872s] running build_py
[0.872s] copying my_py_pkg/number_counter.py -> /home/jt/ros2_ws/build/my_py_pkg/build/lib/my_py_pkg
[0.872s] running install
[0.873s] running install_lib
[0.873s] copying /home/jt/ros2_ws/build/my_py_pkg/build/lib/my_py_pkg/number_counter.py -> /home/jt/ros2_ws/install/my_py_pkg/lib/python3.10/site-packages/my_py_pkg
[0.874s] byte-compiling /home/jt/ros2_ws/install/my_py_pkg/lib/python3.10/site-packages/my_py_pkg/number_counter.py to number_counter.cpython-310.pyc
[0.874s] running install_data
[0.875s] running install_egg_info
[0.876s] removing '/home/jt/ros2_ws/install/my_py_pkg/lib/python3.10/site-packages/my_py_pkg-0.0.0-py3.10.egg-info' (and everything under it)
[0.876s] Copying ../../build/my_py_pkg/my_py_pkg.egg-info to /home/jt/ros2_ws/install/my_py_pkg/lib/python3.10/site-packages/my_py_pkg-0.0.0-py3.10.egg-info
[0.877s] running install_scripts
[0.893s] Installing number_counter script to /home/jt/ros2_ws/install/my_py_pkg/lib/my_py_pkg
[0.893s] Installing number_publisher script to /home/jt/ros2_ws/install/my_py_pkg/lib/my_py_pkg
[0.893s] Installing py_node script to /home/jt/ros2_ws/install/my_py_pkg/lib/my_py_pkg
[0.894s] Installing robot_news_station script to /home/jt/ros2_ws/install/my_py_pkg/lib/my_py_pkg
[0.894s] Installing smartphone script to /home/jt/ros2_ws/install/my_py_pkg/lib/my_py_pkg
[0.894s] writing list of installed files to '/home/jt/ros2_ws/build/my_py_pkg/install.log'
[0.913s] Invoked command in '/home/jt/ros2_ws/src/my_py_pkg' returned '0': PYTHONPATH=/home/jt/ros2_ws/build/my_py_pkg/prefix_override:/home/jt/ros2_ws/install/my_py_pkg/lib/python3.10/site-packages:${PYTHONPATH} /usr/bin/python3 setup.py egg_info --egg-base ../../build/my_py_pkg build --build-base /home/jt/ros2_ws/build/my_py_pkg/build install --record /home/jt/ros2_ws/build/my_py_pkg/install.log --single-version-externally-managed
